<?xml version="1.0" encoding="UTF-8"?>
<!-- Generated by org.testng.reporters.JUnitXMLReporter -->
<testsuite hostname="FSSCHND13937" ignored="0" name="FInancial transaction" tests="25" failures="18" timestamp="19 Mar 2018 14:07:29 GMT" time="2.263" errors="0">
  <testcase name="Billercategorylist" time="0.011" classname="mBankingControlCenter.FinancialTransactions">
    <failure type="java.lang.NullPointerException">
      <![CDATA[java.lang.NullPointerException
	at mBankingUtilityCenter.ExtentManager.sendReq(ExtentManager.java:136)
	at mBankingControlCenter.FinancialTransactions.Billercategorylist(FinancialTransactions.java:39)
... Removed 25 stack frames]]>
    </failure>
  </testcase> <!-- Billercategorylist -->
  <testcase name="IMPSP2AAddBeneficiary" time="0.011" classname="mBankingControlCenter.FinancialTransactions">
    <failure type="java.lang.NullPointerException">
      <![CDATA[java.lang.NullPointerException
	at mBankingUtilityCenter.ExtentManager.sendReq(ExtentManager.java:136)
	at mBankingControlCenter.FinancialTransactions.IMPSP2AAddBeneficiary(FinancialTransactions.java:109)
... Removed 25 stack frames]]>
    </failure>
  </testcase> <!-- IMPSP2AAddBeneficiary -->
  <testcase name="IMPSP2AAddBeneficiaryconfirmation" time="0.011" classname="mBankingControlCenter.FinancialTransactions">
    <failure type="java.lang.NullPointerException">
      <![CDATA[java.lang.NullPointerException
	at mBankingUtilityCenter.ExtentManager.sendReq(ExtentManager.java:136)
	at mBankingControlCenter.FinancialTransactions.IMPSP2AAddBeneficiaryconfirmation(FinancialTransactions.java:116)
... Removed 25 stack frames]]>
    </failure>
  </testcase> <!-- IMPSP2AAddBeneficiaryconfirmation -->
  <testcase name="IMPSP2ABeneficiaryPaymentConfirmation" time="0.01" classname="mBankingControlCenter.FinancialTransactions">
    <failure type="java.lang.NullPointerException">
      <![CDATA[java.lang.NullPointerException
	at mBankingUtilityCenter.ExtentManager.sendReq(ExtentManager.java:136)
	at mBankingControlCenter.FinancialTransactions.IMPSP2ABeneficiaryPaymentConfirmation(FinancialTransactions.java:151)
... Removed 25 stack frames]]>
    </failure>
  </testcase> <!-- IMPSP2ABeneficiaryPaymentConfirmation -->
  <testcase name="IMPSP2ABeneficiaryPaymentListenquiry" time="0.013" classname="mBankingControlCenter.FinancialTransactions">
    <failure type="java.lang.NullPointerException">
      <![CDATA[java.lang.NullPointerException
	at mBankingUtilityCenter.ExtentManager.sendReq(ExtentManager.java:136)
	at mBankingControlCenter.FinancialTransactions.IMPSP2ABeneficiaryPaymentListenquiry(FinancialTransactions.java:144)
... Removed 25 stack frames]]>
    </failure>
  </testcase> <!-- IMPSP2ABeneficiaryPaymentListenquiry -->
  <testcase name="IMPSP2ABeneficiarySearchListenquiry" time="0.01" classname="mBankingControlCenter.FinancialTransactions">
    <failure type="java.lang.NullPointerException">
      <![CDATA[java.lang.NullPointerException
	at mBankingUtilityCenter.ExtentManager.sendReq(ExtentManager.java:136)
	at mBankingControlCenter.FinancialTransactions.IMPSP2ABeneficiarySearchListenquiry(FinancialTransactions.java:123)
... Removed 25 stack frames]]>
    </failure>
  </testcase> <!-- IMPSP2ABeneficiarySearchListenquiry -->
  <testcase name="IMPSP2ADeleteBeneficiaryConfirmation" time="0.061" classname="mBankingControlCenter.FinancialTransactions">
    <failure type="java.lang.NullPointerException">
      <![CDATA[java.lang.NullPointerException
	at mBankingUtilityCenter.ExtentManager.sendReq(ExtentManager.java:136)
	at mBankingControlCenter.FinancialTransactions.IMPSP2ADeleteBeneficiaryConfirmation(FinancialTransactions.java:137)
... Removed 25 stack frames]]>
    </failure>
  </testcase> <!-- IMPSP2ADeleteBeneficiaryConfirmation -->
  <testcase name="IMPSP2ADeleteBeneficiaryListenquiry" time="0.029" classname="mBankingControlCenter.FinancialTransactions">
    <failure type="java.lang.NullPointerException">
      <![CDATA[java.lang.NullPointerException
	at mBankingUtilityCenter.ExtentManager.sendReq(ExtentManager.java:136)
	at mBankingControlCenter.FinancialTransactions.IMPSP2ADeleteBeneficiaryListenquiry(FinancialTransactions.java:130)
... Removed 25 stack frames]]>
    </failure>
  </testcase> <!-- IMPSP2ADeleteBeneficiaryListenquiry -->
  <testcase name="IMPSP2AInstantPayment" time="0.047" classname="mBankingControlCenter.FinancialTransactions">
    <failure type="java.lang.NullPointerException">
      <![CDATA[java.lang.NullPointerException
	at mBankingUtilityCenter.ExtentManager.sendReq(ExtentManager.java:136)
	at mBankingControlCenter.FinancialTransactions.IMPSP2AInstantPayment(FinancialTransactions.java:46)
... Removed 25 stack frames]]>
    </failure>
  </testcase> <!-- IMPSP2AInstantPayment -->
  <testcase name="IMPSP2PAddBeneficiary" time="1.89" classname="mBankingControlCenter.FinancialTransactions">
    <failure type="java.lang.AssertionError" message="expected [true] but found [false]">
      <![CDATA[java.lang.AssertionError: expected [true] but found [false]
	at mBankingUtilityCenter.ExtentManager.assertResponse(ExtentManager.java:109)
	at mBankingControlCenter.FinancialTransactions.IMPSP2PAddBeneficiary(FinancialTransactions.java:61)
... Removed 29 stack frames]]>
    </failure>
  </testcase> <!-- IMPSP2PAddBeneficiary -->
  <testcase name="IMPSP2PAddBeneficiaryconfirmation" time="0.02" classname="mBankingControlCenter.FinancialTransactions">
    <failure type="java.lang.NullPointerException">
      <![CDATA[java.lang.NullPointerException
	at mBankingUtilityCenter.ExtentManager.sendReq(ExtentManager.java:136)
	at mBankingControlCenter.FinancialTransactions.IMPSP2PAddBeneficiaryconfirmation(FinancialTransactions.java:67)
... Removed 25 stack frames]]>
    </failure>
  </testcase> <!-- IMPSP2PAddBeneficiaryconfirmation -->
  <testcase name="IMPSP2PBeneficiaryPaymentConfirmation" time="0.012" classname="mBankingControlCenter.FinancialTransactions">
    <failure type="java.lang.NullPointerException">
      <![CDATA[java.lang.NullPointerException
	at mBankingUtilityCenter.ExtentManager.sendReq(ExtentManager.java:136)
	at mBankingControlCenter.FinancialTransactions.IMPSP2PBeneficiaryPaymentConfirmation(FinancialTransactions.java:102)
... Removed 25 stack frames]]>
    </failure>
  </testcase> <!-- IMPSP2PBeneficiaryPaymentConfirmation -->
  <testcase name="IMPSP2PBeneficiaryPaymentListenquiry" time="0.014" classname="mBankingControlCenter.FinancialTransactions">
    <failure type="java.lang.NullPointerException">
      <![CDATA[java.lang.NullPointerException
	at mBankingUtilityCenter.ExtentManager.sendReq(ExtentManager.java:136)
	at mBankingControlCenter.FinancialTransactions.IMPSP2PBeneficiaryPaymentListenquiry(FinancialTransactions.java:95)
... Removed 25 stack frames]]>
    </failure>
  </testcase> <!-- IMPSP2PBeneficiaryPaymentListenquiry -->
  <testcase name="IMPSP2PBeneficiarySearchListenquiry" time="0.02" classname="mBankingControlCenter.FinancialTransactions">
    <failure type="java.lang.NullPointerException">
      <![CDATA[java.lang.NullPointerException
	at mBankingUtilityCenter.ExtentManager.sendReq(ExtentManager.java:136)
	at mBankingControlCenter.FinancialTransactions.IMPSP2PBeneficiarySearchListenquiry(FinancialTransactions.java:74)
... Removed 25 stack frames]]>
    </failure>
  </testcase> <!-- IMPSP2PBeneficiarySearchListenquiry -->
  <testcase name="IMPSP2PDeleteBeneficiaryConfirmation" time="0.011" classname="mBankingControlCenter.FinancialTransactions">
    <failure type="java.lang.NullPointerException">
      <![CDATA[java.lang.NullPointerException
	at mBankingUtilityCenter.ExtentManager.sendReq(ExtentManager.java:136)
	at mBankingControlCenter.FinancialTransactions.IMPSP2PDeleteBeneficiaryConfirmation(FinancialTransactions.java:88)
... Removed 25 stack frames]]>
    </failure>
  </testcase> <!-- IMPSP2PDeleteBeneficiaryConfirmation -->
  <testcase name="IMPSP2PDeleteBeneficiaryListenquiry" time="0.031" classname="mBankingControlCenter.FinancialTransactions">
    <failure type="java.lang.NullPointerException">
      <![CDATA[java.lang.NullPointerException
	at mBankingUtilityCenter.ExtentManager.sendReq(ExtentManager.java:136)
	at mBankingControlCenter.FinancialTransactions.IMPSP2PDeleteBeneficiaryListenquiry(FinancialTransactions.java:81)
... Removed 25 stack frames]]>
    </failure>
  </testcase> <!-- IMPSP2PDeleteBeneficiaryListenquiry -->
  <testcase name="IMPSP2PInstantPayment" time="0.012" classname="mBankingControlCenter.FinancialTransactions">
    <failure type="java.lang.NullPointerException">
      <![CDATA[java.lang.NullPointerException
	at mBankingUtilityCenter.ExtentManager.sendReq(ExtentManager.java:136)
	at mBankingControlCenter.FinancialTransactions.IMPSP2PInstantPayment(FinancialTransactions.java:31)
... Removed 25 stack frames]]>
    </failure>
  </testcase> <!-- IMPSP2PInstantPayment -->
  <testcase name="IMPSP2UAddBeneficiary" time="0.001" classname="mBankingControlCenter.FinancialTransactions"/>
  <testcase name="IMPSP2UAddBeneficiaryconfirmation" time="0.001" classname="mBankingControlCenter.FinancialTransactions"/>
  <testcase name="IMPSP2UBeneficiaryPaymentConfirmation" time="0.0" classname="mBankingControlCenter.FinancialTransactions"/>
  <testcase name="IMPSP2UBeneficiaryPaymentListenquiry" time="0.0" classname="mBankingControlCenter.FinancialTransactions"/>
  <testcase name="IMPSP2UBeneficiarySearchListenquiry" time="0.003" classname="mBankingControlCenter.FinancialTransactions"/>
  <testcase name="IMPSP2UDeleteBeneficiaryConfirmation" time="0.001" classname="mBankingControlCenter.FinancialTransactions"/>
  <testcase name="IMPSP2UDeleteBeneficiaryListenquiry" time="0.001" classname="mBankingControlCenter.FinancialTransactions"/>
  <testcase name="IMPSP2UInstantPayment" time="0.01" classname="mBankingControlCenter.FinancialTransactions">
    <failure type="java.lang.NullPointerException">
      <![CDATA[java.lang.NullPointerException
	at mBankingUtilityCenter.ExtentManager.sendReq(ExtentManager.java:136)
	at mBankingControlCenter.FinancialTransactions.IMPSP2UInstantPayment(FinancialTransactions.java:53)
... Removed 25 stack frames]]>
    </failure>
  </testcase> <!-- IMPSP2UInstantPayment -->
</testsuite> <!-- FInancial transaction -->
