<?xml version="1.0" encoding="UTF-8"?>
<!-- Generated by org.testng.reporters.JUnitXMLReporter -->
<testsuite hostname="FSSCHND13937" ignored="0" name="FInancial transaction" tests="24" failures="15" timestamp="22 Jan 2018 12:51:41 GMT" time="47.224" errors="0">
  <testcase name="IMPSP2AAddBeneficiary" time="1.481" classname="mBankingControlCenter.FinancialTransactions">
    <failure type="java.lang.AssertionError" message="expected [true] but found [false]">
      <![CDATA[java.lang.AssertionError: expected [true] but found [false]
	at mBankingBasePageObject.BaseObject.assertResponse(BaseObject.java:98)
	at mBankingControlCenter.FinancialTransactions.IMPSP2AAddBeneficiary(FinancialTransactions.java:97)
... Removed 29 stack frames]]>
    </failure>
  </testcase> <!-- IMPSP2AAddBeneficiary -->
  <testcase name="IMPSP2AAddBeneficiaryconfirmation" time="0.316" classname="mBankingControlCenter.FinancialTransactions">
    <failure type="java.lang.AssertionError" message="expected [true] but found [false]">
      <![CDATA[java.lang.AssertionError: expected [true] but found [false]
	at mBankingBasePageObject.BaseObject.assertResponse(BaseObject.java:98)
	at mBankingControlCenter.FinancialTransactions.IMPSP2AAddBeneficiaryconfirmation(FinancialTransactions.java:104)
... Removed 29 stack frames]]>
    </failure>
  </testcase> <!-- IMPSP2AAddBeneficiaryconfirmation -->
  <testcase name="IMPSP2ABeneficiaryPaymentConfirmation" time="3.362" classname="mBankingControlCenter.FinancialTransactions">
    <failure type="java.lang.AssertionError" message="expected [true] but found [false]">
      <![CDATA[java.lang.AssertionError: expected [true] but found [false]
	at mBankingBasePageObject.BaseObject.assertResponse(BaseObject.java:98)
	at mBankingControlCenter.FinancialTransactions.IMPSP2ABeneficiaryPaymentConfirmation(FinancialTransactions.java:139)
... Removed 29 stack frames]]>
    </failure>
  </testcase> <!-- IMPSP2ABeneficiaryPaymentConfirmation -->
  <testcase name="IMPSP2ABeneficiaryPaymentListenquiry" time="1.435" classname="mBankingControlCenter.FinancialTransactions"/>
  <testcase name="IMPSP2ABeneficiarySearchListenquiry" time="1.586" classname="mBankingControlCenter.FinancialTransactions"/>
  <testcase name="IMPSP2ADeleteBeneficiaryConfirmation" time="1.357" classname="mBankingControlCenter.FinancialTransactions">
    <failure type="java.lang.AssertionError" message="expected [true] but found [false]">
      <![CDATA[java.lang.AssertionError: expected [true] but found [false]
	at mBankingBasePageObject.BaseObject.assertResponse(BaseObject.java:98)
	at mBankingControlCenter.FinancialTransactions.IMPSP2ADeleteBeneficiaryConfirmation(FinancialTransactions.java:125)
... Removed 29 stack frames]]>
    </failure>
  </testcase> <!-- IMPSP2ADeleteBeneficiaryConfirmation -->
  <testcase name="IMPSP2ADeleteBeneficiaryListenquiry" time="1.539" classname="mBankingControlCenter.FinancialTransactions"/>
  <testcase name="IMPSP2AInstantPayment" time="6.288" classname="mBankingControlCenter.FinancialTransactions">
    <failure type="java.lang.AssertionError" message="expected [true] but found [false]">
      <![CDATA[java.lang.AssertionError: expected [true] but found [false]
	at mBankingBasePageObject.BaseObject.assertResponse(BaseObject.java:98)
	at mBankingControlCenter.FinancialTransactions.IMPSP2AInstantPayment(FinancialTransactions.java:34)
... Removed 29 stack frames]]>
    </failure>
  </testcase> <!-- IMPSP2AInstantPayment -->
  <testcase name="IMPSP2PAddBeneficiary" time="1.313" classname="mBankingControlCenter.FinancialTransactions">
    <failure type="java.lang.AssertionError" message="expected [true] but found [false]">
      <![CDATA[java.lang.AssertionError: expected [true] but found [false]
	at mBankingBasePageObject.BaseObject.assertResponse(BaseObject.java:98)
	at mBankingControlCenter.FinancialTransactions.IMPSP2PAddBeneficiary(FinancialTransactions.java:48)
... Removed 29 stack frames]]>
    </failure>
  </testcase> <!-- IMPSP2PAddBeneficiary -->
  <testcase name="IMPSP2PAddBeneficiaryconfirmation" time="1.043" classname="mBankingControlCenter.FinancialTransactions">
    <failure type="java.lang.AssertionError" message="expected [true] but found [false]">
      <![CDATA[java.lang.AssertionError: expected [true] but found [false]
	at mBankingBasePageObject.BaseObject.assertResponse(BaseObject.java:98)
	at mBankingControlCenter.FinancialTransactions.IMPSP2PAddBeneficiaryconfirmation(FinancialTransactions.java:55)
... Removed 29 stack frames]]>
    </failure>
  </testcase> <!-- IMPSP2PAddBeneficiaryconfirmation -->
  <testcase name="IMPSP2PBeneficiaryPaymentConfirmation" time="3.292" classname="mBankingControlCenter.FinancialTransactions">
    <failure type="java.lang.AssertionError" message="expected [true] but found [false]">
      <![CDATA[java.lang.AssertionError: expected [true] but found [false]
	at mBankingBasePageObject.BaseObject.assertResponse(BaseObject.java:98)
	at mBankingControlCenter.FinancialTransactions.IMPSP2PBeneficiaryPaymentConfirmation(FinancialTransactions.java:90)
... Removed 29 stack frames]]>
    </failure>
  </testcase> <!-- IMPSP2PBeneficiaryPaymentConfirmation -->
  <testcase name="IMPSP2PBeneficiaryPaymentListenquiry" time="1.463" classname="mBankingControlCenter.FinancialTransactions"/>
  <testcase name="IMPSP2PBeneficiarySearchListenquiry" time="1.36" classname="mBankingControlCenter.FinancialTransactions"/>
  <testcase name="IMPSP2PDeleteBeneficiaryConfirmation" time="1.205" classname="mBankingControlCenter.FinancialTransactions">
    <failure type="java.lang.AssertionError" message="expected [true] but found [false]">
      <![CDATA[java.lang.AssertionError: expected [true] but found [false]
	at mBankingBasePageObject.BaseObject.assertResponse(BaseObject.java:98)
	at mBankingControlCenter.FinancialTransactions.IMPSP2PDeleteBeneficiaryConfirmation(FinancialTransactions.java:76)
... Removed 29 stack frames]]>
    </failure>
  </testcase> <!-- IMPSP2PDeleteBeneficiaryConfirmation -->
  <testcase name="IMPSP2PDeleteBeneficiaryListenquiry" time="1.343" classname="mBankingControlCenter.FinancialTransactions"/>
  <testcase name="IMPSP2PInstantPayment" time="4.624" classname="mBankingControlCenter.FinancialTransactions">
    <failure type="java.lang.AssertionError" message="expected [true] but found [false]">
      <![CDATA[java.lang.AssertionError: expected [true] but found [false]
	at mBankingBasePageObject.BaseObject.assertResponse(BaseObject.java:98)
	at mBankingControlCenter.FinancialTransactions.IMPSP2PInstantPayment(FinancialTransactions.java:27)
... Removed 29 stack frames]]>
    </failure>
  </testcase> <!-- IMPSP2PInstantPayment -->
  <testcase name="IMPSP2UAddBeneficiary" time="1.366" classname="mBankingControlCenter.FinancialTransactions">
    <failure type="java.lang.AssertionError" message="expected [true] but found [false]">
      <![CDATA[java.lang.AssertionError: expected [true] but found [false]
	at mBankingBasePageObject.BaseObject.assertResponse(BaseObject.java:98)
	at mBankingControlCenter.FinancialTransactions.IMPSP2UAddBeneficiary(FinancialTransactions.java:148)
... Removed 29 stack frames]]>
    </failure>
  </testcase> <!-- IMPSP2UAddBeneficiary -->
  <testcase name="IMPSP2UAddBeneficiaryconfirmation" time="0.356" classname="mBankingControlCenter.FinancialTransactions">
    <failure type="java.lang.AssertionError" message="expected [true] but found [false]">
      <![CDATA[java.lang.AssertionError: expected [true] but found [false]
	at mBankingBasePageObject.BaseObject.assertResponse(BaseObject.java:98)
	at mBankingControlCenter.FinancialTransactions.IMPSP2UAddBeneficiaryconfirmation(FinancialTransactions.java:155)
... Removed 29 stack frames]]>
    </failure>
  </testcase> <!-- IMPSP2UAddBeneficiaryconfirmation -->
  <testcase name="IMPSP2UBeneficiaryPaymentConfirmation" time="2.863" classname="mBankingControlCenter.FinancialTransactions">
    <failure type="java.lang.AssertionError" message="expected [true] but found [false]">
      <![CDATA[java.lang.AssertionError: expected [true] but found [false]
	at mBankingBasePageObject.BaseObject.assertResponse(BaseObject.java:98)
	at mBankingControlCenter.FinancialTransactions.IMPSP2UBeneficiaryPaymentConfirmation(FinancialTransactions.java:190)
... Removed 29 stack frames]]>
    </failure>
  </testcase> <!-- IMPSP2UBeneficiaryPaymentConfirmation -->
  <testcase name="IMPSP2UBeneficiaryPaymentListenquiry" time="1.375" classname="mBankingControlCenter.FinancialTransactions"/>
  <testcase name="IMPSP2UBeneficiarySearchListenquiry" time="1.164" classname="mBankingControlCenter.FinancialTransactions"/>
  <testcase name="IMPSP2UDeleteBeneficiaryConfirmation" time="1.149" classname="mBankingControlCenter.FinancialTransactions">
    <failure type="java.lang.AssertionError" message="expected [true] but found [false]">
      <![CDATA[java.lang.AssertionError: expected [true] but found [false]
	at mBankingBasePageObject.BaseObject.assertResponse(BaseObject.java:98)
	at mBankingControlCenter.FinancialTransactions.IMPSP2UDeleteBeneficiaryConfirmation(FinancialTransactions.java:176)
... Removed 29 stack frames]]>
    </failure>
  </testcase> <!-- IMPSP2UDeleteBeneficiaryConfirmation -->
  <testcase name="IMPSP2UDeleteBeneficiaryListenquiry" time="1.244" classname="mBankingControlCenter.FinancialTransactions"/>
  <testcase name="IMPSP2UInstantPayment" time="4.659" classname="mBankingControlCenter.FinancialTransactions">
    <failure type="java.lang.AssertionError" message="expected [true] but found [false]">
      <![CDATA[java.lang.AssertionError: expected [true] but found [false]
	at mBankingBasePageObject.BaseObject.assertResponse(BaseObject.java:98)
	at mBankingControlCenter.FinancialTransactions.IMPSP2UInstantPayment(FinancialTransactions.java:41)
... Removed 29 stack frames]]>
    </failure>
  </testcase> <!-- IMPSP2UInstantPayment -->
</testsuite> <!-- FInancial transaction -->
