<?xml version="1.0" encoding="UTF-8"?>
<!-- Generated by org.testng.reporters.JUnitXMLReporter -->
<testsuite hostname="FSSCHND13937" ignored="0" name="Non- FInancial transaction" tests="11" failures="5" timestamp="06 Mar 2018 11:57:40 GMT" time="33.899" errors="0">
  <testcase name="AccountSync" time="3.527" classname="mBankingControlCenter.NonFinancialTransactions">
    <failure type="java.lang.AssertionError" message="expected [true] but found [false]">
      <![CDATA[java.lang.AssertionError: expected [true] but found [false]
	at mBankingBasePageObject.BaseObject.assertResponse(BaseObject.java:99)
	at mBankingControlCenter.NonFinancialTransactions.AccountSync(NonFinancialTransactions.java:28)
... Removed 29 stack frames]]>
    </failure>
  </testcase> <!-- AccountSync -->
  <testcase name="BalanceEnquiry" time="3.315" classname="mBankingControlCenter.NonFinancialTransactions">
    <failure type="java.lang.AssertionError" message="expected [true] but found [false]">
      <![CDATA[java.lang.AssertionError: expected [true] but found [false]
	at mBankingBasePageObject.BaseObject.assertResponse(BaseObject.java:99)
	at mBankingControlCenter.NonFinancialTransactions.BalanceEnquiry(NonFinancialTransactions.java:34)
... Removed 29 stack frames]]>
    </failure>
  </testcase> <!-- BalanceEnquiry -->
  <testcase name="CancelMMIDAll" time="5.611" classname="mBankingControlCenter.NonFinancialTransactions"/>
  <testcase name="CancelMMIDSingle" time="4.883" classname="mBankingControlCenter.NonFinancialTransactions"/>
  <testcase name="ChequeStatus" time="3.152" classname="mBankingControlCenter.NonFinancialTransactions">
    <failure type="java.lang.AssertionError" message="expected [true] but found [false]">
      <![CDATA[java.lang.AssertionError: expected [true] but found [false]
	at mBankingBasePageObject.BaseObject.assertResponse(BaseObject.java:99)
	at mBankingControlCenter.NonFinancialTransactions.ChequeStatus(NonFinancialTransactions.java:99)
... Removed 29 stack frames]]>
    </failure>
  </testcase> <!-- ChequeStatus -->
  <testcase name="EmailIDFetch" time="1.916" classname="mBankingControlCenter.NonFinancialTransactions"/>
  <testcase name="EmailIDUpdate" time="1.798" classname="mBankingControlCenter.NonFinancialTransactions"/>
  <testcase name="GenerateMMID" time="2.714" classname="mBankingControlCenter.NonFinancialTransactions"/>
  <testcase name="MiniStatement" time="2.505" classname="mBankingControlCenter.NonFinancialTransactions">
    <failure type="java.lang.AssertionError" message="expected [true] but found [false]">
      <![CDATA[java.lang.AssertionError: expected [true] but found [false]
	at mBankingBasePageObject.BaseObject.assertResponse(BaseObject.java:99)
	at mBankingControlCenter.NonFinancialTransactions.MiniStatement(NonFinancialTransactions.java:41)
... Removed 29 stack frames]]>
    </failure>
  </testcase> <!-- MiniStatement -->
  <testcase name="RetrieveMMID" time="1.794" classname="mBankingControlCenter.NonFinancialTransactions"/>
  <testcase name="StopCheque" time="2.621" classname="mBankingControlCenter.NonFinancialTransactions">
    <failure type="java.lang.AssertionError" message="expected [true] but found [false]">
      <![CDATA[java.lang.AssertionError: expected [true] but found [false]
	at mBankingBasePageObject.BaseObject.assertResponse(BaseObject.java:99)
	at mBankingControlCenter.NonFinancialTransactions.StopCheque(NonFinancialTransactions.java:106)
... Removed 29 stack frames]]>
    </failure>
  </testcase> <!-- StopCheque -->
</testsuite> <!-- Non- FInancial transaction -->
