<?xml version="1.0" encoding="UTF-8"?>
<!-- Generated by org.testng.reporters.JUnitXMLReporter -->
<testsuite hostname="FSSCHND13937" ignored="0" name="Non- FInancial transaction" tests="13" failures="3" timestamp="20 Mar 2018 10:43:59 GMT" time="28.488" errors="0">
  <testcase name="Accountfetch" time="0.675" classname="mBankingControlCenter.NonFinancialTransactions">
    <failure type="java.lang.NullPointerException">
      <![CDATA[java.lang.NullPointerException
	at mBankingUtilityCenter.ExtentManager.assertResponse(ExtentManager.java:133)
	at mBankingControlCenter.NonFinancialTransactions.Accountfetch(NonFinancialTransactions.java:133)
... Removed 25 stack frames]]>
    </failure>
  </testcase> <!-- Accountfetch -->
  <testcase name="AppLogin" time="1.907" classname="mBankingControlCenter.NonFinancialTransactions">
    <failure type="java.lang.AssertionError" message="expected [true] but found [false]">
      <![CDATA[java.lang.AssertionError: expected [true] but found [false]
	at mBankingUtilityCenter.ExtentManager.assertResponse(ExtentManager.java:133)
	at mBankingControlCenter.NonFinancialTransactions.AppLogin(NonFinancialTransactions.java:47)
... Removed 29 stack frames]]>
    </failure>
  </testcase> <!-- AppLogin -->
  <testcase name="CancelMMIDAll" time="3.085" classname="mBankingControlCenter.NonFinancialTransactions"/>
  <testcase name="CancelMMIDSingle" time="3.163" classname="mBankingControlCenter.NonFinancialTransactions"/>
  <testcase name="ChequeStatus" time="2.742" classname="mBankingControlCenter.NonFinancialTransactions"/>
  <testcase name="EmailIDFetch" time="1.674" classname="mBankingControlCenter.NonFinancialTransactions"/>
  <testcase name="EmailIDUpdate" time="1.19" classname="mBankingControlCenter.NonFinancialTransactions"/>
  <testcase name="GenerateMMID" time="1.502" classname="mBankingControlCenter.NonFinancialTransactions"/>
  <testcase name="MiniStatement" time="2.178" classname="mBankingControlCenter.NonFinancialTransactions"/>
  <testcase name="RetrieveMMID" time="1.392" classname="mBankingControlCenter.NonFinancialTransactions"/>
  <testcase name="StopCheque" time="6.068" classname="mBankingControlCenter.NonFinancialTransactions"/>
  <testcase name="balanceEnq" time="2.822" classname="mBankingControlCenter.NonFinancialTransactions"/>
  <testcase name="changeloginpwd" time="0.025" classname="mBankingControlCenter.NonFinancialTransactions">
    <failure type="java.lang.NullPointerException">
      <![CDATA[java.lang.NullPointerException
	at mBankingUtilityCenter.ExtentManager.assertResponse(ExtentManager.java:133)
	at mBankingControlCenter.NonFinancialTransactions.changeloginpwd(NonFinancialTransactions.java:141)
... Removed 25 stack frames]]>
    </failure>
  </testcase> <!-- changeloginpwd -->
</testsuite> <!-- Non- FInancial transaction -->
