<?xml version="1.0" encoding="UTF-8"?>
<!-- Generated by org.testng.reporters.JUnitXMLReporter -->
<testsuite hostname="brantansp-PC" ignored="0" name="TMB Bank" tests="58" failures="58" timestamp="20 Jan 2018 15:33:03 GMT" time="116.225" errors="0">
  <testcase name="AccountSync" time="3.762" classname="mBankingControlCenter.MobileBanking">
    <failure type="java.lang.AssertionError" message="expected [true] but found [false]">
      <![CDATA[java.lang.AssertionError: expected [true] but found [false]
	at mBankingControlCenter.MobileBanking.AccountSync(MobileBanking.java:58)
... Removed 29 stack frames]]>
    </failure>
  </testcase> <!-- AccountSync -->
  <testcase name="BalanceEnquiry" time="1.958" classname="mBankingControlCenter.MobileBanking">
    <failure type="java.lang.AssertionError" message="expected [true] but found [false]">
      <![CDATA[java.lang.AssertionError: expected [true] but found [false]
	at mBankingControlCenter.MobileBanking.BalanceEnquiry(MobileBanking.java:66)
... Removed 29 stack frames]]>
    </failure>
  </testcase> <!-- BalanceEnquiry -->
  <testcase name="CancelMMIDAll" time="3.123" classname="mBankingControlCenter.MobileBanking">
    <failure type="java.lang.AssertionError" message="expected [true] but found [false]">
      <![CDATA[java.lang.AssertionError: expected [true] but found [false]
	at mBankingControlCenter.MobileBanking.CancelMMIDAll(MobileBanking.java:108)
... Removed 29 stack frames]]>
    </failure>
  </testcase> <!-- CancelMMIDAll -->
  <testcase name="CancelMMIDSingle" time="3.851" classname="mBankingControlCenter.MobileBanking">
    <failure type="java.lang.AssertionError" message="expected [true] but found [false]">
      <![CDATA[java.lang.AssertionError: expected [true] but found [false]
	at mBankingControlCenter.MobileBanking.CancelMMIDSingle(MobileBanking.java:117)
... Removed 29 stack frames]]>
    </failure>
  </testcase> <!-- CancelMMIDSingle -->
  <testcase name="ChequeStatus" time="2.014" classname="mBankingControlCenter.MobileBanking">
    <failure type="java.lang.AssertionError" message="expected [true] but found [false]">
      <![CDATA[java.lang.AssertionError: expected [true] but found [false]
	at mBankingControlCenter.MobileBanking.ChequeStatus(MobileBanking.java:141)
... Removed 29 stack frames]]>
    </failure>
  </testcase> <!-- ChequeStatus -->
  <testcase name="EmailIDFetch" time="1.801" classname="mBankingControlCenter.MobileBanking">
    <failure type="java.lang.AssertionError" message="expected [true] but found [false]">
      <![CDATA[java.lang.AssertionError: expected [true] but found [false]
	at mBankingControlCenter.MobileBanking.EmailIDFetch(MobileBanking.java:125)
... Removed 29 stack frames]]>
    </failure>
  </testcase> <!-- EmailIDFetch -->
  <testcase name="EmailIDUpdate" time="2.327" classname="mBankingControlCenter.MobileBanking">
    <failure type="java.lang.AssertionError" message="expected [true] but found [false]">
      <![CDATA[java.lang.AssertionError: expected [true] but found [false]
	at mBankingControlCenter.MobileBanking.EmailIDUpdate(MobileBanking.java:133)
... Removed 29 stack frames]]>
    </failure>
  </testcase> <!-- EmailIDUpdate -->
  <testcase name="GenerateMMID" time="2.145" classname="mBankingControlCenter.MobileBanking">
    <failure type="java.lang.AssertionError" message="expected [true] but found [false]">
      <![CDATA[java.lang.AssertionError: expected [true] but found [false]
	at mBankingControlCenter.MobileBanking.GenerateMMID(MobileBanking.java:91)
... Removed 29 stack frames]]>
    </failure>
  </testcase> <!-- GenerateMMID -->
  <testcase name="IMPSP2AAddBeneficiary" time="2.064" classname="mBankingControlCenter.MobileBanking">
    <failure type="java.lang.AssertionError" message="expected [true] but found [false]">
      <![CDATA[java.lang.AssertionError: expected [true] but found [false]
	at mBankingControlCenter.MobileBanking.IMPSP2AAddBeneficiary(MobileBanking.java:247)
... Removed 29 stack frames]]>
    </failure>
  </testcase> <!-- IMPSP2AAddBeneficiary -->
  <testcase name="IMPSP2AAddBeneficiaryconfirmation" time="2.469" classname="mBankingControlCenter.MobileBanking">
    <failure type="java.lang.AssertionError" message="expected [true] but found [false]">
      <![CDATA[java.lang.AssertionError: expected [true] but found [false]
	at mBankingControlCenter.MobileBanking.IMPSP2AAddBeneficiaryconfirmation(MobileBanking.java:256)
... Removed 29 stack frames]]>
    </failure>
  </testcase> <!-- IMPSP2AAddBeneficiaryconfirmation -->
  <testcase name="IMPSP2ABeneficiaryPaymentConfirmation" time="2.275" classname="mBankingControlCenter.MobileBanking">
    <failure type="java.lang.AssertionError" message="expected [true] but found [false]">
      <![CDATA[java.lang.AssertionError: expected [true] but found [false]
	at mBankingControlCenter.MobileBanking.IMPSP2ABeneficiaryPaymentConfirmation(MobileBanking.java:301)
... Removed 29 stack frames]]>
    </failure>
  </testcase> <!-- IMPSP2ABeneficiaryPaymentConfirmation -->
  <testcase name="IMPSP2ABeneficiaryPaymentListenquiry" time="1.979" classname="mBankingControlCenter.MobileBanking">
    <failure type="java.lang.AssertionError" message="expected [true] but found [false]">
      <![CDATA[java.lang.AssertionError: expected [true] but found [false]
	at mBankingControlCenter.MobileBanking.IMPSP2ABeneficiaryPaymentListenquiry(MobileBanking.java:292)
... Removed 29 stack frames]]>
    </failure>
  </testcase> <!-- IMPSP2ABeneficiaryPaymentListenquiry -->
  <testcase name="IMPSP2ABeneficiarySearchListenquiry" time="1.825" classname="mBankingControlCenter.MobileBanking">
    <failure type="java.lang.AssertionError" message="expected [true] but found [false]">
      <![CDATA[java.lang.AssertionError: expected [true] but found [false]
	at mBankingControlCenter.MobileBanking.IMPSP2ABeneficiarySearchListenquiry(MobileBanking.java:265)
... Removed 29 stack frames]]>
    </failure>
  </testcase> <!-- IMPSP2ABeneficiarySearchListenquiry -->
  <testcase name="IMPSP2ADeleteBeneficiaryConfirmation" time="4.092" classname="mBankingControlCenter.MobileBanking">
    <failure type="java.lang.AssertionError" message="expected [true] but found [false]">
      <![CDATA[java.lang.AssertionError: expected [true] but found [false]
	at mBankingControlCenter.MobileBanking.IMPSP2ADeleteBeneficiaryConfirmation(MobileBanking.java:283)
... Removed 29 stack frames]]>
    </failure>
  </testcase> <!-- IMPSP2ADeleteBeneficiaryConfirmation -->
  <testcase name="IMPSP2ADeleteBeneficiaryListenquiry" time="1.908" classname="mBankingControlCenter.MobileBanking">
    <failure type="java.lang.AssertionError" message="expected [true] but found [false]">
      <![CDATA[java.lang.AssertionError: expected [true] but found [false]
	at mBankingControlCenter.MobileBanking.IMPSP2ADeleteBeneficiaryListenquiry(MobileBanking.java:274)
... Removed 29 stack frames]]>
    </failure>
  </testcase> <!-- IMPSP2ADeleteBeneficiaryListenquiry -->
  <testcase name="IMPSP2AInstant" time="1.586" classname="mBankingControlCenter.MobileBanking">
    <failure type="java.lang.AssertionError" message="expected [true] but found [false]">
      <![CDATA[java.lang.AssertionError: expected [true] but found [false]
	at mBankingControlCenter.MobileBanking.IMPSP2AInstant(MobileBanking.java:167)
... Removed 29 stack frames]]>
    </failure>
  </testcase> <!-- IMPSP2AInstant -->
  <testcase name="IMPSP2PAddBeneficiary" time="1.595" classname="mBankingControlCenter.MobileBanking">
    <failure type="java.lang.AssertionError" message="expected [true] but found [false]">
      <![CDATA[java.lang.AssertionError: expected [true] but found [false]
	at mBankingControlCenter.MobileBanking.IMPSP2PAddBeneficiary(MobileBanking.java:185)
... Removed 29 stack frames]]>
    </failure>
  </testcase> <!-- IMPSP2PAddBeneficiary -->
  <testcase name="IMPSP2PAddBeneficiaryconfirmation" time="1.596" classname="mBankingControlCenter.MobileBanking">
    <failure type="java.lang.AssertionError" message="expected [true] but found [false]">
      <![CDATA[java.lang.AssertionError: expected [true] but found [false]
	at mBankingControlCenter.MobileBanking.IMPSP2PAddBeneficiaryconfirmation(MobileBanking.java:194)
... Removed 29 stack frames]]>
    </failure>
  </testcase> <!-- IMPSP2PAddBeneficiaryconfirmation -->
  <testcase name="IMPSP2PBeneficiaryPaymentConfirmation" time="1.599" classname="mBankingControlCenter.MobileBanking">
    <failure type="java.lang.AssertionError" message="expected [true] but found [false]">
      <![CDATA[java.lang.AssertionError: expected [true] but found [false]
	at mBankingControlCenter.MobileBanking.IMPSP2PBeneficiaryPaymentConfirmation(MobileBanking.java:238)
... Removed 29 stack frames]]>
    </failure>
  </testcase> <!-- IMPSP2PBeneficiaryPaymentConfirmation -->
  <testcase name="IMPSP2PBeneficiaryPaymentListenquiry" time="1.594" classname="mBankingControlCenter.MobileBanking">
    <failure type="java.lang.AssertionError" message="expected [true] but found [false]">
      <![CDATA[java.lang.AssertionError: expected [true] but found [false]
	at mBankingControlCenter.MobileBanking.IMPSP2PBeneficiaryPaymentListenquiry(MobileBanking.java:230)
... Removed 29 stack frames]]>
    </failure>
  </testcase> <!-- IMPSP2PBeneficiaryPaymentListenquiry -->
  <testcase name="IMPSP2PBeneficiarySearchListenquiry" time="1.596" classname="mBankingControlCenter.MobileBanking">
    <failure type="java.lang.AssertionError" message="expected [true] but found [false]">
      <![CDATA[java.lang.AssertionError: expected [true] but found [false]
	at mBankingControlCenter.MobileBanking.IMPSP2PBeneficiarySearchListenquiry(MobileBanking.java:203)
... Removed 29 stack frames]]>
    </failure>
  </testcase> <!-- IMPSP2PBeneficiarySearchListenquiry -->
  <testcase name="IMPSP2PDeleteBeneficiaryConfirmation" time="1.605" classname="mBankingControlCenter.MobileBanking">
    <failure type="java.lang.AssertionError" message="expected [true] but found [false]">
      <![CDATA[java.lang.AssertionError: expected [true] but found [false]
	at mBankingControlCenter.MobileBanking.IMPSP2PDeleteBeneficiaryConfirmation(MobileBanking.java:221)
... Removed 29 stack frames]]>
    </failure>
  </testcase> <!-- IMPSP2PDeleteBeneficiaryConfirmation -->
  <testcase name="IMPSP2PDeleteBeneficiaryListenquiry" time="1.544" classname="mBankingControlCenter.MobileBanking">
    <failure type="java.lang.AssertionError" message="expected [true] but found [false]">
      <![CDATA[java.lang.AssertionError: expected [true] but found [false]
	at mBankingControlCenter.MobileBanking.IMPSP2PDeleteBeneficiaryListenquiry(MobileBanking.java:212)
... Removed 29 stack frames]]>
    </failure>
  </testcase> <!-- IMPSP2PDeleteBeneficiaryListenquiry -->
  <testcase name="IMPSP2PInstant" time="1.357" classname="mBankingControlCenter.MobileBanking">
    <failure type="java.lang.AssertionError" message="expected [true] but found [false]">
      <![CDATA[java.lang.AssertionError: expected [true] but found [false]
	at mBankingControlCenter.MobileBanking.IMPSP2PInstant(MobileBanking.java:159)
... Removed 29 stack frames]]>
    </failure>
  </testcase> <!-- IMPSP2PInstant -->
  <testcase name="IMPSP2UInstant" time="1.878" classname="mBankingControlCenter.MobileBanking">
    <failure type="java.lang.AssertionError" message="expected [true] but found [false]">
      <![CDATA[java.lang.AssertionError: expected [true] but found [false]
	at mBankingControlCenter.MobileBanking.IMPSP2UInstant(MobileBanking.java:176)
... Removed 29 stack frames]]>
    </failure>
  </testcase> <!-- IMPSP2UInstant -->
  <testcase name="MiniStatement" time="1.917" classname="mBankingControlCenter.MobileBanking">
    <failure type="java.lang.AssertionError" message="expected [true] but found [false]">
      <![CDATA[java.lang.AssertionError: expected [true] but found [false]
	at mBankingControlCenter.MobileBanking.MiniStatement(MobileBanking.java:74)
... Removed 29 stack frames]]>
    </failure>
  </testcase> <!-- MiniStatement -->
  <testcase name="RetrieveMMID" time="1.381" classname="mBankingControlCenter.MobileBanking">
    <failure type="java.lang.AssertionError" message="expected [true] but found [false]">
      <![CDATA[java.lang.AssertionError: expected [true] but found [false]
	at mBankingControlCenter.MobileBanking.RetrieveMMID(MobileBanking.java:99)
... Removed 29 stack frames]]>
    </failure>
  </testcase> <!-- RetrieveMMID -->
  <testcase name="StopCheque" time="1.567" classname="mBankingControlCenter.MobileBanking">
    <failure type="java.lang.AssertionError" message="expected [true] but found [false]">
      <![CDATA[java.lang.AssertionError: expected [true] but found [false]
	at mBankingControlCenter.MobileBanking.StopCheque(MobileBanking.java:150)
... Removed 29 stack frames]]>
    </failure>
  </testcase> <!-- StopCheque -->
  <testcase name="TransactionHistory" time="2.205" classname="mBankingControlCenter.MobileBanking">
    <failure type="java.lang.AssertionError" message="expected [true] but found [false]">
      <![CDATA[java.lang.AssertionError: expected [true] but found [false]
	at mBankingControlCenter.MobileBanking.TransactionHistory(MobileBanking.java:83)
... Removed 29 stack frames]]>
    </failure>
  </testcase> <!-- TransactionHistory -->
  <testcase name="AccountSync" time="1.621" classname="mBankingControlCenter.FinancialTransactions">
    <failure type="java.lang.AssertionError" message="expected [true] but found [false]">
      <![CDATA[java.lang.AssertionError: expected [true] but found [false]
	at mBankingControlCenter.FinancialTransactions.AccountSync(FinancialTransactions.java:62)
... Removed 29 stack frames]]>
    </failure>
  </testcase> <!-- AccountSync -->
  <testcase name="BalanceEnquiry" time="2.121" classname="mBankingControlCenter.FinancialTransactions">
    <failure type="java.lang.AssertionError" message="expected [true] but found [false]">
      <![CDATA[java.lang.AssertionError: expected [true] but found [false]
	at mBankingControlCenter.FinancialTransactions.BalanceEnquiry(FinancialTransactions.java:70)
... Removed 29 stack frames]]>
    </failure>
  </testcase> <!-- BalanceEnquiry -->
  <testcase name="CancelMMIDAll" time="3.281" classname="mBankingControlCenter.FinancialTransactions">
    <failure type="java.lang.AssertionError" message="expected [true] but found [false]">
      <![CDATA[java.lang.AssertionError: expected [true] but found [false]
	at mBankingControlCenter.FinancialTransactions.CancelMMIDAll(FinancialTransactions.java:112)
... Removed 29 stack frames]]>
    </failure>
  </testcase> <!-- CancelMMIDAll -->
  <testcase name="CancelMMIDSingle" time="2.583" classname="mBankingControlCenter.FinancialTransactions">
    <failure type="java.lang.AssertionError" message="expected [true] but found [false]">
      <![CDATA[java.lang.AssertionError: expected [true] but found [false]
	at mBankingControlCenter.FinancialTransactions.CancelMMIDSingle(FinancialTransactions.java:121)
... Removed 29 stack frames]]>
    </failure>
  </testcase> <!-- CancelMMIDSingle -->
  <testcase name="ChequeStatus" time="1.589" classname="mBankingControlCenter.FinancialTransactions">
    <failure type="java.lang.AssertionError" message="expected [true] but found [false]">
      <![CDATA[java.lang.AssertionError: expected [true] but found [false]
	at mBankingControlCenter.FinancialTransactions.ChequeStatus(FinancialTransactions.java:145)
... Removed 29 stack frames]]>
    </failure>
  </testcase> <!-- ChequeStatus -->
  <testcase name="EmailIDFetch" time="1.578" classname="mBankingControlCenter.FinancialTransactions">
    <failure type="java.lang.AssertionError" message="expected [true] but found [false]">
      <![CDATA[java.lang.AssertionError: expected [true] but found [false]
	at mBankingControlCenter.FinancialTransactions.EmailIDFetch(FinancialTransactions.java:129)
... Removed 29 stack frames]]>
    </failure>
  </testcase> <!-- EmailIDFetch -->
  <testcase name="EmailIDUpdate" time="1.595" classname="mBankingControlCenter.FinancialTransactions">
    <failure type="java.lang.AssertionError" message="expected [true] but found [false]">
      <![CDATA[java.lang.AssertionError: expected [true] but found [false]
	at mBankingControlCenter.FinancialTransactions.EmailIDUpdate(FinancialTransactions.java:137)
... Removed 29 stack frames]]>
    </failure>
  </testcase> <!-- EmailIDUpdate -->
  <testcase name="GenerateMMID" time="1.83" classname="mBankingControlCenter.FinancialTransactions">
    <failure type="java.lang.AssertionError" message="expected [true] but found [false]">
      <![CDATA[java.lang.AssertionError: expected [true] but found [false]
	at mBankingControlCenter.FinancialTransactions.GenerateMMID(FinancialTransactions.java:95)
... Removed 29 stack frames]]>
    </failure>
  </testcase> <!-- GenerateMMID -->
  <testcase name="IMPSP2AAddBeneficiary" time="1.373" classname="mBankingControlCenter.FinancialTransactions">
    <failure type="java.lang.AssertionError" message="expected [true] but found [false]">
      <![CDATA[java.lang.AssertionError: expected [true] but found [false]
	at mBankingControlCenter.FinancialTransactions.IMPSP2AAddBeneficiary(FinancialTransactions.java:251)
... Removed 29 stack frames]]>
    </failure>
  </testcase> <!-- IMPSP2AAddBeneficiary -->
  <testcase name="IMPSP2AAddBeneficiaryconfirmation" time="2.136" classname="mBankingControlCenter.FinancialTransactions">
    <failure type="java.lang.AssertionError" message="expected [true] but found [false]">
      <![CDATA[java.lang.AssertionError: expected [true] but found [false]
	at mBankingControlCenter.FinancialTransactions.IMPSP2AAddBeneficiaryconfirmation(FinancialTransactions.java:260)
... Removed 29 stack frames]]>
    </failure>
  </testcase> <!-- IMPSP2AAddBeneficiaryconfirmation -->
  <testcase name="IMPSP2ABeneficiaryPaymentConfirmation" time="1.363" classname="mBankingControlCenter.FinancialTransactions">
    <failure type="java.lang.AssertionError" message="expected [true] but found [false]">
      <![CDATA[java.lang.AssertionError: expected [true] but found [false]
	at mBankingControlCenter.FinancialTransactions.IMPSP2ABeneficiaryPaymentConfirmation(FinancialTransactions.java:305)
... Removed 29 stack frames]]>
    </failure>
  </testcase> <!-- IMPSP2ABeneficiaryPaymentConfirmation -->
  <testcase name="IMPSP2ABeneficiaryPaymentListenquiry" time="1.276" classname="mBankingControlCenter.FinancialTransactions">
    <failure type="java.lang.AssertionError" message="expected [true] but found [false]">
      <![CDATA[java.lang.AssertionError: expected [true] but found [false]
	at mBankingControlCenter.FinancialTransactions.IMPSP2ABeneficiaryPaymentListenquiry(FinancialTransactions.java:296)
... Removed 29 stack frames]]>
    </failure>
  </testcase> <!-- IMPSP2ABeneficiaryPaymentListenquiry -->
  <testcase name="IMPSP2ABeneficiarySearchListenquiry" time="1.275" classname="mBankingControlCenter.FinancialTransactions">
    <failure type="java.lang.AssertionError" message="expected [true] but found [false]">
      <![CDATA[java.lang.AssertionError: expected [true] but found [false]
	at mBankingControlCenter.FinancialTransactions.IMPSP2ABeneficiarySearchListenquiry(FinancialTransactions.java:269)
... Removed 29 stack frames]]>
    </failure>
  </testcase> <!-- IMPSP2ABeneficiarySearchListenquiry -->
  <testcase name="IMPSP2ADeleteBeneficiaryConfirmation" time="2.155" classname="mBankingControlCenter.FinancialTransactions">
    <failure type="java.lang.AssertionError" message="expected [true] but found [false]">
      <![CDATA[java.lang.AssertionError: expected [true] but found [false]
	at mBankingControlCenter.FinancialTransactions.IMPSP2ADeleteBeneficiaryConfirmation(FinancialTransactions.java:287)
... Removed 29 stack frames]]>
    </failure>
  </testcase> <!-- IMPSP2ADeleteBeneficiaryConfirmation -->
  <testcase name="IMPSP2ADeleteBeneficiaryListenquiry" time="1.363" classname="mBankingControlCenter.FinancialTransactions">
    <failure type="java.lang.AssertionError" message="expected [true] but found [false]">
      <![CDATA[java.lang.AssertionError: expected [true] but found [false]
	at mBankingControlCenter.FinancialTransactions.IMPSP2ADeleteBeneficiaryListenquiry(FinancialTransactions.java:278)
... Removed 29 stack frames]]>
    </failure>
  </testcase> <!-- IMPSP2ADeleteBeneficiaryListenquiry -->
  <testcase name="IMPSP2AInstant" time="1.309" classname="mBankingControlCenter.FinancialTransactions">
    <failure type="java.lang.AssertionError" message="expected [true] but found [false]">
      <![CDATA[java.lang.AssertionError: expected [true] but found [false]
	at mBankingControlCenter.FinancialTransactions.IMPSP2AInstant(FinancialTransactions.java:171)
... Removed 29 stack frames]]>
    </failure>
  </testcase> <!-- IMPSP2AInstant -->
  <testcase name="IMPSP2PAddBeneficiary" time="3.839" classname="mBankingControlCenter.FinancialTransactions">
    <failure type="java.lang.AssertionError" message="expected [true] but found [false]">
      <![CDATA[java.lang.AssertionError: expected [true] but found [false]
	at mBankingControlCenter.FinancialTransactions.IMPSP2PAddBeneficiary(FinancialTransactions.java:189)
... Removed 29 stack frames]]>
    </failure>
  </testcase> <!-- IMPSP2PAddBeneficiary -->
  <testcase name="IMPSP2PAddBeneficiaryconfirmation" time="1.877" classname="mBankingControlCenter.FinancialTransactions">
    <failure type="java.lang.AssertionError" message="expected [true] but found [false]">
      <![CDATA[java.lang.AssertionError: expected [true] but found [false]
	at mBankingControlCenter.FinancialTransactions.IMPSP2PAddBeneficiaryconfirmation(FinancialTransactions.java:198)
... Removed 29 stack frames]]>
    </failure>
  </testcase> <!-- IMPSP2PAddBeneficiaryconfirmation -->
  <testcase name="IMPSP2PBeneficiaryPaymentConfirmation" time="1.512" classname="mBankingControlCenter.FinancialTransactions">
    <failure type="java.lang.AssertionError" message="expected [true] but found [false]">
      <![CDATA[java.lang.AssertionError: expected [true] but found [false]
	at mBankingControlCenter.FinancialTransactions.IMPSP2PBeneficiaryPaymentConfirmation(FinancialTransactions.java:242)
... Removed 29 stack frames]]>
    </failure>
  </testcase> <!-- IMPSP2PBeneficiaryPaymentConfirmation -->
  <testcase name="IMPSP2PBeneficiaryPaymentListenquiry" time="1.917" classname="mBankingControlCenter.FinancialTransactions">
    <failure type="java.lang.AssertionError" message="expected [true] but found [false]">
      <![CDATA[java.lang.AssertionError: expected [true] but found [false]
	at mBankingControlCenter.FinancialTransactions.IMPSP2PBeneficiaryPaymentListenquiry(FinancialTransactions.java:234)
... Removed 29 stack frames]]>
    </failure>
  </testcase> <!-- IMPSP2PBeneficiaryPaymentListenquiry -->
  <testcase name="IMPSP2PBeneficiarySearchListenquiry" time="1.917" classname="mBankingControlCenter.FinancialTransactions">
    <failure type="java.lang.AssertionError" message="expected [true] but found [false]">
      <![CDATA[java.lang.AssertionError: expected [true] but found [false]
	at mBankingControlCenter.FinancialTransactions.IMPSP2PBeneficiarySearchListenquiry(FinancialTransactions.java:207)
... Removed 29 stack frames]]>
    </failure>
  </testcase> <!-- IMPSP2PBeneficiarySearchListenquiry -->
  <testcase name="IMPSP2PDeleteBeneficiaryConfirmation" time="1.452" classname="mBankingControlCenter.FinancialTransactions">
    <failure type="java.lang.AssertionError" message="expected [true] but found [false]">
      <![CDATA[java.lang.AssertionError: expected [true] but found [false]
	at mBankingControlCenter.FinancialTransactions.IMPSP2PDeleteBeneficiaryConfirmation(FinancialTransactions.java:225)
... Removed 29 stack frames]]>
    </failure>
  </testcase> <!-- IMPSP2PDeleteBeneficiaryConfirmation -->
  <testcase name="IMPSP2PDeleteBeneficiaryListenquiry" time="1.91" classname="mBankingControlCenter.FinancialTransactions">
    <failure type="java.lang.AssertionError" message="expected [true] but found [false]">
      <![CDATA[java.lang.AssertionError: expected [true] but found [false]
	at mBankingControlCenter.FinancialTransactions.IMPSP2PDeleteBeneficiaryListenquiry(FinancialTransactions.java:216)
... Removed 29 stack frames]]>
    </failure>
  </testcase> <!-- IMPSP2PDeleteBeneficiaryListenquiry -->
  <testcase name="IMPSP2PInstant" time="1.624" classname="mBankingControlCenter.FinancialTransactions">
    <failure type="java.lang.AssertionError" message="expected [true] but found [false]">
      <![CDATA[java.lang.AssertionError: expected [true] but found [false]
	at mBankingControlCenter.FinancialTransactions.IMPSP2PInstant(FinancialTransactions.java:163)
... Removed 29 stack frames]]>
    </failure>
  </testcase> <!-- IMPSP2PInstant -->
  <testcase name="IMPSP2UInstant" time="2.069" classname="mBankingControlCenter.FinancialTransactions">
    <failure type="java.lang.AssertionError" message="expected [true] but found [false]">
      <![CDATA[java.lang.AssertionError: expected [true] but found [false]
	at mBankingControlCenter.FinancialTransactions.IMPSP2UInstant(FinancialTransactions.java:180)
... Removed 29 stack frames]]>
    </failure>
  </testcase> <!-- IMPSP2UInstant -->
  <testcase name="MiniStatement" time="2.199" classname="mBankingControlCenter.FinancialTransactions">
    <failure type="java.lang.AssertionError" message="expected [true] but found [false]">
      <![CDATA[java.lang.AssertionError: expected [true] but found [false]
	at mBankingControlCenter.FinancialTransactions.MiniStatement(FinancialTransactions.java:78)
... Removed 29 stack frames]]>
    </failure>
  </testcase> <!-- MiniStatement -->
  <testcase name="RetrieveMMID" time="2.237" classname="mBankingControlCenter.FinancialTransactions">
    <failure type="java.lang.AssertionError" message="expected [true] but found [false]">
      <![CDATA[java.lang.AssertionError: expected [true] but found [false]
	at mBankingControlCenter.FinancialTransactions.RetrieveMMID(FinancialTransactions.java:103)
... Removed 29 stack frames]]>
    </failure>
  </testcase> <!-- RetrieveMMID -->
  <testcase name="StopCheque" time="2.069" classname="mBankingControlCenter.FinancialTransactions">
    <failure type="java.lang.AssertionError" message="expected [true] but found [false]">
      <![CDATA[java.lang.AssertionError: expected [true] but found [false]
	at mBankingControlCenter.FinancialTransactions.StopCheque(FinancialTransactions.java:154)
... Removed 29 stack frames]]>
    </failure>
  </testcase> <!-- StopCheque -->
  <testcase name="TransactionHistory" time="1.342" classname="mBankingControlCenter.FinancialTransactions">
    <failure type="java.lang.AssertionError" message="expected [true] but found [false]">
      <![CDATA[java.lang.AssertionError: expected [true] but found [false]
	at mBankingControlCenter.FinancialTransactions.TransactionHistory(FinancialTransactions.java:87)
... Removed 29 stack frames]]>
    </failure>
  </testcase> <!-- TransactionHistory -->
</testsuite> <!-- TMB Bank -->
