<?xml version="1.0" encoding="UTF-8"?>
<testng-results skipped="0" failed="0" ignored="0" total="2" passed="2">
  <reporter-output>
  </reporter-output>
  <suite name="Default suite" duration-ms="6738" started-at="2017-12-18T07:09:59Z" finished-at="2017-12-18T07:10:06Z">
    <groups>
    </groups>
    <test name="Default test" duration-ms="6738" started-at="2017-12-18T07:09:59Z" finished-at="2017-12-18T07:10:06Z">
      <class name="mBankingControlCenter.MobileBanking">
        <test-method status="PASS" signature="BalanceEnquiry()[pri:0, instance:mBankingControlCenter.MobileBanking@183967b]" name="BalanceEnquiry" duration-ms="4640" started-at="2017-12-18T12:39:59Z" finished-at="2017-12-18T12:40:04Z">
          <reporter-output>
          </reporter-output>
        </test-method> <!-- BalanceEnquiry -->
        <test-method status="PASS" signature="MiniStatement()[pri:0, instance:mBankingControlCenter.MobileBanking@183967b]" name="MiniStatement" duration-ms="2079" started-at="2017-12-18T12:40:04Z" finished-at="2017-12-18T12:40:06Z">
          <reporter-output>
          </reporter-output>
        </test-method> <!-- MiniStatement -->
      </class> <!-- mBankingControlCenter.MobileBanking -->
    </test> <!-- Default test -->
  </suite> <!-- Default suite -->
</testng-results>
