<?xml version="1.0" encoding="UTF-8"?>
<testng-results skipped="0" failed="1" ignored="0" total="12" passed="11">
  <reporter-output>
  </reporter-output>
  <suite name="Non Financial Test cases" duration-ms="58218" started-at="2017-12-29T11:15:12Z" finished-at="2017-12-29T11:16:11Z">
    <groups>
    </groups>
    <test name="TMB Bank" duration-ms="58218" started-at="2017-12-29T11:15:12Z" finished-at="2017-12-29T11:16:11Z">
      <class name="mBankingControlCenter.MobileBanking">
        <test-method status="PASS" signature="AccountSync()[pri:0, instance:mBankingControlCenter.MobileBanking@183967b]" name="AccountSync" duration-ms="4508" started-at="2017-12-29T16:45:13Z" finished-at="2017-12-29T16:45:17Z">
          <reporter-output>
          </reporter-output>
        </test-method> <!-- AccountSync -->
        <test-method status="PASS" signature="BalanceEnquiry()[pri:0, instance:mBankingControlCenter.MobileBanking@183967b]" name="BalanceEnquiry" duration-ms="1810" started-at="2017-12-29T16:45:17Z" finished-at="2017-12-29T16:45:19Z">
          <reporter-output>
          </reporter-output>
        </test-method> <!-- BalanceEnquiry -->
        <test-method status="PASS" signature="CancelMMIDAll()[pri:0, instance:mBankingControlCenter.MobileBanking@183967b]" name="CancelMMIDAll" duration-ms="1281" started-at="2017-12-29T16:45:19Z" finished-at="2017-12-29T16:45:20Z">
          <reporter-output>
          </reporter-output>
        </test-method> <!-- CancelMMIDAll -->
        <test-method status="FAIL" signature="CancelMMIDSingle()[pri:0, instance:mBankingControlCenter.MobileBanking@183967b]" name="CancelMMIDSingle" duration-ms="1484" started-at="2017-12-29T16:45:20Z" finished-at="2017-12-29T16:45:22Z">
          <exception class="java.lang.AssertionError">
            <message>
              <![CDATA[expected [true] but found [false]]]>
            </message>
            <full-stacktrace>
              <![CDATA[java.lang.AssertionError: expected [true] but found [false]
	at org.testng.Assert.fail(Assert.java:93)
	at org.testng.Assert.failNotEquals(Assert.java:512)
	at org.testng.Assert.assertTrue(Assert.java:41)
	at org.testng.Assert.assertTrue(Assert.java:51)
	at mBankingControlCenter.MobileBanking.CancelMMIDSingle(MobileBanking.java:76)
	at sun.reflect.NativeMethodAccessorImpl.invoke0(Native Method)
	at sun.reflect.NativeMethodAccessorImpl.invoke(NativeMethodAccessorImpl.java:62)
	at sun.reflect.DelegatingMethodAccessorImpl.invoke(DelegatingMethodAccessorImpl.java:43)
	at java.lang.reflect.Method.invoke(Method.java:498)
	at org.testng.internal.MethodInvocationHelper.invokeMethod(MethodInvocationHelper.java:108)
	at org.testng.internal.Invoker.invokeMethod(Invoker.java:669)
	at org.testng.internal.Invoker.invokeTestMethod(Invoker.java:877)
	at org.testng.internal.Invoker.invokeTestMethods(Invoker.java:1201)
	at org.testng.internal.TestMethodWorker.invokeTestMethods(TestMethodWorker.java:125)
	at org.testng.internal.TestMethodWorker.run(TestMethodWorker.java:109)
	at org.testng.TestRunner.privateRun(TestRunner.java:776)
	at org.testng.TestRunner.run(TestRunner.java:634)
	at org.testng.SuiteRunner.runTest(SuiteRunner.java:425)
	at org.testng.SuiteRunner.runSequentially(SuiteRunner.java:420)
	at org.testng.SuiteRunner.privateRun(SuiteRunner.java:385)
	at org.testng.SuiteRunner.run(SuiteRunner.java:334)
	at org.testng.SuiteRunnerWorker.runSuite(SuiteRunnerWorker.java:52)
	at org.testng.SuiteRunnerWorker.run(SuiteRunnerWorker.java:86)
	at org.testng.TestNG.runSuitesSequentially(TestNG.java:1318)
	at org.testng.TestNG.runSuitesLocally(TestNG.java:1243)
	at org.testng.TestNG.runSuites(TestNG.java:1161)
	at org.testng.TestNG.run(TestNG.java:1129)
	at org.testng.remote.AbstractRemoteTestNG.run(AbstractRemoteTestNG.java:114)
	at org.testng.remote.RemoteTestNG.initAndRun(RemoteTestNG.java:251)
	at org.testng.remote.RemoteTestNG.main(RemoteTestNG.java:77)
]]>
            </full-stacktrace>
          </exception> <!-- java.lang.AssertionError -->
          <reporter-output>
          </reporter-output>
        </test-method> <!-- CancelMMIDSingle -->
        <test-method status="PASS" signature="ChequeStatus()[pri:0, instance:mBankingControlCenter.MobileBanking@183967b]" name="ChequeStatus" duration-ms="3353" started-at="2017-12-29T16:45:22Z" finished-at="2017-12-29T16:45:25Z">
          <reporter-output>
          </reporter-output>
        </test-method> <!-- ChequeStatus -->
        <test-method status="PASS" signature="EmailIDFetch()[pri:0, instance:mBankingControlCenter.MobileBanking@183967b]" name="EmailIDFetch" duration-ms="967" started-at="2017-12-29T16:45:25Z" finished-at="2017-12-29T16:45:26Z">
          <reporter-output>
          </reporter-output>
        </test-method> <!-- EmailIDFetch -->
        <test-method status="PASS" signature="EmailIDUpdate()[pri:0, instance:mBankingControlCenter.MobileBanking@183967b]" name="EmailIDUpdate" duration-ms="973" started-at="2017-12-29T16:45:26Z" finished-at="2017-12-29T16:45:27Z">
          <reporter-output>
          </reporter-output>
        </test-method> <!-- EmailIDUpdate -->
        <test-method status="PASS" signature="GenerateMMID()[pri:0, instance:mBankingControlCenter.MobileBanking@183967b]" name="GenerateMMID" duration-ms="1677" started-at="2017-12-29T16:45:27Z" finished-at="2017-12-29T16:45:29Z">
          <reporter-output>
          </reporter-output>
        </test-method> <!-- GenerateMMID -->
        <test-method status="PASS" signature="MiniStatement()[pri:0, instance:mBankingControlCenter.MobileBanking@183967b]" name="MiniStatement" duration-ms="1567" started-at="2017-12-29T16:45:29Z" finished-at="2017-12-29T16:45:30Z">
          <reporter-output>
          </reporter-output>
        </test-method> <!-- MiniStatement -->
        <test-method status="PASS" signature="RetrieveMMID()[pri:0, instance:mBankingControlCenter.MobileBanking@183967b]" name="RetrieveMMID" duration-ms="1174" started-at="2017-12-29T16:45:30Z" finished-at="2017-12-29T16:45:31Z">
          <reporter-output>
          </reporter-output>
        </test-method> <!-- RetrieveMMID -->
        <test-method status="PASS" signature="StopCheque()[pri:0, instance:mBankingControlCenter.MobileBanking@183967b]" name="StopCheque" duration-ms="2596" started-at="2017-12-29T16:45:31Z" finished-at="2017-12-29T16:45:34Z">
          <reporter-output>
          </reporter-output>
        </test-method> <!-- StopCheque -->
        <test-method status="PASS" signature="TransactionHistory()[pri:0, instance:mBankingControlCenter.MobileBanking@183967b]" name="TransactionHistory" duration-ms="36783" started-at="2017-12-29T16:45:34Z" finished-at="2017-12-29T16:46:11Z">
          <reporter-output>
          </reporter-output>
        </test-method> <!-- TransactionHistory -->
      </class> <!-- mBankingControlCenter.MobileBanking -->
    </test> <!-- TMB Bank -->
  </suite> <!-- Non Financial Test cases -->
</testng-results>
