<?xml version="1.0" encoding="UTF-8"?>
<testng-results skipped="0" failed="0" ignored="0" total="2" passed="2">
  <reporter-output>
  </reporter-output>
  <suite name="Default suite" duration-ms="5490" started-at="2017-12-15T10:32:34Z" finished-at="2017-12-15T10:32:40Z">
    <groups>
    </groups>
    <test name="Default test" duration-ms="5490" started-at="2017-12-15T10:32:34Z" finished-at="2017-12-15T10:32:40Z">
      <class name="mBankingControlCenter.MobileBanking">
        <test-method status="PASS" signature="BalanceEnquiry()[pri:0, instance:mBankingControlCenter.MobileBanking@183967b]" name="BalanceEnquiry" duration-ms="4024" started-at="2017-12-15T16:02:34Z" finished-at="2017-12-15T16:02:39Z">
          <reporter-output>
          </reporter-output>
        </test-method> <!-- BalanceEnquiry -->
        <test-method status="PASS" signature="MiniStatement()[pri:0, instance:mBankingControlCenter.MobileBanking@183967b]" name="MiniStatement" duration-ms="1440" started-at="2017-12-15T16:02:39Z" finished-at="2017-12-15T16:02:40Z">
          <reporter-output>
          </reporter-output>
        </test-method> <!-- MiniStatement -->
      </class> <!-- mBankingControlCenter.MobileBanking -->
    </test> <!-- Default test -->
  </suite> <!-- Default suite -->
</testng-results>
