<?xml version="1.0" encoding="UTF-8"?>
<testng-results skipped="0" failed="0" ignored="0" total="12" passed="12">
  <reporter-output>
  </reporter-output>
  <suite name="Default suite" duration-ms="62935" started-at="2018-01-08T13:05:07Z" finished-at="2018-01-08T13:06:10Z">
    <groups>
    </groups>
    <test name="Default test" duration-ms="62935" started-at="2018-01-08T13:05:07Z" finished-at="2018-01-08T13:06:10Z">
      <class name="mBankingControlCenter.MobileBanking">
        <test-method status="PASS" signature="AccountSync()[pri:0, instance:mBankingControlCenter.MobileBanking@c273d3]" name="AccountSync" duration-ms="5577" started-at="2018-01-08T18:35:07Z" finished-at="2018-01-08T18:35:13Z">
          <reporter-output>
          </reporter-output>
        </test-method> <!-- AccountSync -->
        <test-method status="PASS" signature="BalanceEnquiry()[pri:0, instance:mBankingControlCenter.MobileBanking@c273d3]" name="BalanceEnquiry" duration-ms="2094" started-at="2018-01-08T18:35:13Z" finished-at="2018-01-08T18:35:15Z">
          <reporter-output>
          </reporter-output>
        </test-method> <!-- BalanceEnquiry -->
        <test-method status="PASS" signature="CancelMMIDAll()[pri:0, instance:mBankingControlCenter.MobileBanking@c273d3]" name="CancelMMIDAll" duration-ms="2949" started-at="2018-01-08T18:35:15Z" finished-at="2018-01-08T18:35:18Z">
          <reporter-output>
          </reporter-output>
        </test-method> <!-- CancelMMIDAll -->
        <test-method status="PASS" signature="CancelMMIDSingle()[pri:0, instance:mBankingControlCenter.MobileBanking@c273d3]" name="CancelMMIDSingle" duration-ms="3672" started-at="2018-01-08T18:35:18Z" finished-at="2018-01-08T18:35:22Z">
          <reporter-output>
          </reporter-output>
        </test-method> <!-- CancelMMIDSingle -->
        <test-method status="PASS" signature="ChequeStatus()[pri:0, instance:mBankingControlCenter.MobileBanking@c273d3]" name="ChequeStatus" duration-ms="2127" started-at="2018-01-08T18:35:22Z" finished-at="2018-01-08T18:35:24Z">
          <reporter-output>
          </reporter-output>
        </test-method> <!-- ChequeStatus -->
        <test-method status="PASS" signature="EmailIDFetch()[pri:0, instance:mBankingControlCenter.MobileBanking@c273d3]" name="EmailIDFetch" duration-ms="1082" started-at="2018-01-08T18:35:24Z" finished-at="2018-01-08T18:35:25Z">
          <reporter-output>
          </reporter-output>
        </test-method> <!-- EmailIDFetch -->
        <test-method status="PASS" signature="EmailIDUpdate()[pri:0, instance:mBankingControlCenter.MobileBanking@c273d3]" name="EmailIDUpdate" duration-ms="1068" started-at="2018-01-08T18:35:25Z" finished-at="2018-01-08T18:35:26Z">
          <reporter-output>
          </reporter-output>
        </test-method> <!-- EmailIDUpdate -->
        <test-method status="PASS" signature="GenerateMMID()[pri:0, instance:mBankingControlCenter.MobileBanking@c273d3]" name="GenerateMMID" duration-ms="1381" started-at="2018-01-08T18:35:26Z" finished-at="2018-01-08T18:35:27Z">
          <reporter-output>
          </reporter-output>
        </test-method> <!-- GenerateMMID -->
        <test-method status="PASS" signature="MiniStatement()[pri:0, instance:mBankingControlCenter.MobileBanking@c273d3]" name="MiniStatement" duration-ms="1970" started-at="2018-01-08T18:35:27Z" finished-at="2018-01-08T18:35:29Z">
          <reporter-output>
          </reporter-output>
        </test-method> <!-- MiniStatement -->
        <test-method status="PASS" signature="RetrieveMMID()[pri:0, instance:mBankingControlCenter.MobileBanking@c273d3]" name="RetrieveMMID" duration-ms="1096" started-at="2018-01-08T18:35:29Z" finished-at="2018-01-08T18:35:30Z">
          <reporter-output>
          </reporter-output>
        </test-method> <!-- RetrieveMMID -->
        <test-method status="PASS" signature="StopCheque()[pri:0, instance:mBankingControlCenter.MobileBanking@c273d3]" name="StopCheque" duration-ms="1891" started-at="2018-01-08T18:35:30Z" finished-at="2018-01-08T18:35:32Z">
          <reporter-output>
          </reporter-output>
        </test-method> <!-- StopCheque -->
        <test-method status="PASS" signature="TransactionHistory()[pri:0, instance:mBankingControlCenter.MobileBanking@c273d3]" name="TransactionHistory" duration-ms="37979" started-at="2018-01-08T18:35:32Z" finished-at="2018-01-08T18:36:10Z">
          <reporter-output>
          </reporter-output>
        </test-method> <!-- TransactionHistory -->
      </class> <!-- mBankingControlCenter.MobileBanking -->
    </test> <!-- Default test -->
  </suite> <!-- Default suite -->
</testng-results>
