<?xml version="1.0" encoding="UTF-8"?>
<testng-results skipped="0" failed="44" ignored="0" total="76" passed="32">
  <reporter-output>
  </reporter-output>
  <suite name="Positive Transaction flow" duration-ms="521522" started-at="2018-03-20T10:43:30Z" finished-at="2018-03-20T10:52:12Z">
    <groups>
    </groups>
    <test name="Non- FInancial transaction" duration-ms="28488" started-at="2018-03-20T10:43:30Z" finished-at="2018-03-20T10:43:58Z">
      <class name="mBankingControlCenter.NonFinancialTransactions">
        <test-method status="PASS" signature="beforeMethod(java.lang.reflect.Method)[pri:0, instance:mBankingControlCenter.NonFinancialTransactions@174bf60]" name="beforeMethod" is-config="true" duration-ms="5" started-at="2018-03-20T16:13:30Z" finished-at="2018-03-20T16:13:30Z">
          <params>
            <param index="0">
              <value>
                <![CDATA[public void mBankingControlCenter.NonFinancialTransactions.Accountfetch() throws java.io.IOException,java.sql.SQLException]]>
              </value>
            </param>
          </params>
          <reporter-output>
          </reporter-output>
        </test-method> <!-- beforeMethod -->
        <test-method status="FAIL" signature="Accountfetch()[pri:0, instance:mBankingControlCenter.NonFinancialTransactions@174bf60]" name="Accountfetch" duration-ms="675" started-at="2018-03-20T16:13:30Z" finished-at="2018-03-20T16:13:31Z">
          <exception class="java.lang.NullPointerException">
            <full-stacktrace>
              <![CDATA[java.lang.NullPointerException
	at mBankingUtilityCenter.ExtentManager.assertResponse(ExtentManager.java:133)
	at mBankingControlCenter.NonFinancialTransactions.Accountfetch(NonFinancialTransactions.java:133)
	at sun.reflect.NativeMethodAccessorImpl.invoke0(Native Method)
	at sun.reflect.NativeMethodAccessorImpl.invoke(NativeMethodAccessorImpl.java:62)
	at sun.reflect.DelegatingMethodAccessorImpl.invoke(DelegatingMethodAccessorImpl.java:43)
	at java.lang.reflect.Method.invoke(Method.java:498)
	at org.testng.internal.MethodInvocationHelper.invokeMethod(MethodInvocationHelper.java:108)
	at org.testng.internal.Invoker.invokeMethod(Invoker.java:669)
	at org.testng.internal.Invoker.invokeTestMethod(Invoker.java:877)
	at org.testng.internal.Invoker.invokeTestMethods(Invoker.java:1201)
	at org.testng.internal.TestMethodWorker.invokeTestMethods(TestMethodWorker.java:125)
	at org.testng.internal.TestMethodWorker.run(TestMethodWorker.java:109)
	at org.testng.TestRunner.privateRun(TestRunner.java:776)
	at org.testng.TestRunner.run(TestRunner.java:634)
	at org.testng.SuiteRunner.runTest(SuiteRunner.java:425)
	at org.testng.SuiteRunner.runSequentially(SuiteRunner.java:420)
	at org.testng.SuiteRunner.privateRun(SuiteRunner.java:385)
	at org.testng.SuiteRunner.run(SuiteRunner.java:334)
	at org.testng.SuiteRunnerWorker.runSuite(SuiteRunnerWorker.java:52)
	at org.testng.SuiteRunnerWorker.run(SuiteRunnerWorker.java:86)
	at org.testng.TestNG.runSuitesSequentially(TestNG.java:1318)
	at org.testng.TestNG.runSuitesLocally(TestNG.java:1243)
	at org.testng.TestNG.runSuites(TestNG.java:1161)
	at org.testng.TestNG.run(TestNG.java:1129)
	at org.testng.remote.AbstractRemoteTestNG.run(AbstractRemoteTestNG.java:114)
	at org.testng.remote.RemoteTestNG.initAndRun(RemoteTestNG.java:251)
	at org.testng.remote.RemoteTestNG.main(RemoteTestNG.java:77)
]]>
            </full-stacktrace>
          </exception> <!-- java.lang.NullPointerException -->
          <reporter-output>
          </reporter-output>
        </test-method> <!-- Accountfetch -->
        <test-method status="PASS" signature="getResult(org.testng.ITestResult)[pri:0, instance:mBankingControlCenter.NonFinancialTransactions@174bf60]" name="getResult" is-config="true" duration-ms="2" started-at="2018-03-20T16:13:31Z" finished-at="2018-03-20T16:13:31Z">
          <params>
            <param index="0">
              <value>
                <![CDATA[[TestResult name=Accountfetch status=FAILURE method=NonFinancialTransactions.Accountfetch()[pri:0, instance:mBankingControlCenter.NonFinancialTransactions@174bf60] output={null}]]]>
              </value>
            </param>
          </params>
          <reporter-output>
          </reporter-output>
        </test-method> <!-- getResult -->
        <test-method status="PASS" signature="beforeMethod(java.lang.reflect.Method)[pri:0, instance:mBankingControlCenter.NonFinancialTransactions@174bf60]" name="beforeMethod" is-config="true" duration-ms="0" started-at="2018-03-20T16:13:31Z" finished-at="2018-03-20T16:13:31Z">
          <params>
            <param index="0">
              <value>
                <![CDATA[public void mBankingControlCenter.NonFinancialTransactions.AppLogin() throws java.io.IOException,java.sql.SQLException]]>
              </value>
            </param>
          </params>
          <reporter-output>
          </reporter-output>
        </test-method> <!-- beforeMethod -->
        <test-method status="FAIL" signature="AppLogin()[pri:0, instance:mBankingControlCenter.NonFinancialTransactions@174bf60]" name="AppLogin" duration-ms="1907" started-at="2018-03-20T16:13:31Z" finished-at="2018-03-20T16:13:33Z">
          <exception class="java.lang.AssertionError">
            <message>
              <![CDATA[expected [true] but found [false]]]>
            </message>
            <full-stacktrace>
              <![CDATA[java.lang.AssertionError: expected [true] but found [false]
	at org.testng.Assert.fail(Assert.java:93)
	at org.testng.Assert.failNotEquals(Assert.java:512)
	at org.testng.Assert.assertTrue(Assert.java:41)
	at org.testng.Assert.assertTrue(Assert.java:51)
	at mBankingUtilityCenter.ExtentManager.assertResponse(ExtentManager.java:133)
	at mBankingControlCenter.NonFinancialTransactions.AppLogin(NonFinancialTransactions.java:47)
	at sun.reflect.NativeMethodAccessorImpl.invoke0(Native Method)
	at sun.reflect.NativeMethodAccessorImpl.invoke(NativeMethodAccessorImpl.java:62)
	at sun.reflect.DelegatingMethodAccessorImpl.invoke(DelegatingMethodAccessorImpl.java:43)
	at java.lang.reflect.Method.invoke(Method.java:498)
	at org.testng.internal.MethodInvocationHelper.invokeMethod(MethodInvocationHelper.java:108)
	at org.testng.internal.Invoker.invokeMethod(Invoker.java:669)
	at org.testng.internal.Invoker.invokeTestMethod(Invoker.java:877)
	at org.testng.internal.Invoker.invokeTestMethods(Invoker.java:1201)
	at org.testng.internal.TestMethodWorker.invokeTestMethods(TestMethodWorker.java:125)
	at org.testng.internal.TestMethodWorker.run(TestMethodWorker.java:109)
	at org.testng.TestRunner.privateRun(TestRunner.java:776)
	at org.testng.TestRunner.run(TestRunner.java:634)
	at org.testng.SuiteRunner.runTest(SuiteRunner.java:425)
	at org.testng.SuiteRunner.runSequentially(SuiteRunner.java:420)
	at org.testng.SuiteRunner.privateRun(SuiteRunner.java:385)
	at org.testng.SuiteRunner.run(SuiteRunner.java:334)
	at org.testng.SuiteRunnerWorker.runSuite(SuiteRunnerWorker.java:52)
	at org.testng.SuiteRunnerWorker.run(SuiteRunnerWorker.java:86)
	at org.testng.TestNG.runSuitesSequentially(TestNG.java:1318)
	at org.testng.TestNG.runSuitesLocally(TestNG.java:1243)
	at org.testng.TestNG.runSuites(TestNG.java:1161)
	at org.testng.TestNG.run(TestNG.java:1129)
	at org.testng.remote.AbstractRemoteTestNG.run(AbstractRemoteTestNG.java:114)
	at org.testng.remote.RemoteTestNG.initAndRun(RemoteTestNG.java:251)
	at org.testng.remote.RemoteTestNG.main(RemoteTestNG.java:77)
]]>
            </full-stacktrace>
          </exception> <!-- java.lang.AssertionError -->
          <reporter-output>
          </reporter-output>
        </test-method> <!-- AppLogin -->
        <test-method status="PASS" signature="getResult(org.testng.ITestResult)[pri:0, instance:mBankingControlCenter.NonFinancialTransactions@174bf60]" name="getResult" is-config="true" duration-ms="1" started-at="2018-03-20T16:13:33Z" finished-at="2018-03-20T16:13:33Z">
          <params>
            <param index="0">
              <value>
                <![CDATA[[TestResult name=AppLogin status=FAILURE method=NonFinancialTransactions.AppLogin()[pri:0, instance:mBankingControlCenter.NonFinancialTransactions@174bf60] output={null}]]]>
              </value>
            </param>
          </params>
          <reporter-output>
          </reporter-output>
        </test-method> <!-- getResult -->
        <test-method status="PASS" signature="CancelMMIDAll()[pri:0, instance:mBankingControlCenter.NonFinancialTransactions@174bf60]" name="CancelMMIDAll" duration-ms="3085" started-at="2018-03-20T16:13:33Z" finished-at="2018-03-20T16:13:36Z">
          <reporter-output>
          </reporter-output>
        </test-method> <!-- CancelMMIDAll -->
        <test-method status="PASS" signature="beforeMethod(java.lang.reflect.Method)[pri:0, instance:mBankingControlCenter.NonFinancialTransactions@174bf60]" name="beforeMethod" is-config="true" duration-ms="0" started-at="2018-03-20T16:13:33Z" finished-at="2018-03-20T16:13:33Z">
          <params>
            <param index="0">
              <value>
                <![CDATA[public void mBankingControlCenter.NonFinancialTransactions.CancelMMIDAll() throws java.io.IOException,java.sql.SQLException]]>
              </value>
            </param>
          </params>
          <reporter-output>
          </reporter-output>
        </test-method> <!-- beforeMethod -->
        <test-method status="PASS" signature="beforeMethod(java.lang.reflect.Method)[pri:0, instance:mBankingControlCenter.NonFinancialTransactions@174bf60]" name="beforeMethod" is-config="true" duration-ms="0" started-at="2018-03-20T16:13:36Z" finished-at="2018-03-20T16:13:36Z">
          <params>
            <param index="0">
              <value>
                <![CDATA[public void mBankingControlCenter.NonFinancialTransactions.CancelMMIDSingle() throws java.io.IOException,java.sql.SQLException]]>
              </value>
            </param>
          </params>
          <reporter-output>
          </reporter-output>
        </test-method> <!-- beforeMethod -->
        <test-method status="PASS" signature="CancelMMIDSingle()[pri:0, instance:mBankingControlCenter.NonFinancialTransactions@174bf60]" name="CancelMMIDSingle" duration-ms="3163" started-at="2018-03-20T16:13:36Z" finished-at="2018-03-20T16:13:39Z">
          <reporter-output>
          </reporter-output>
        </test-method> <!-- CancelMMIDSingle -->
        <test-method status="PASS" signature="getResult(org.testng.ITestResult)[pri:0, instance:mBankingControlCenter.NonFinancialTransactions@174bf60]" name="getResult" is-config="true" duration-ms="0" started-at="2018-03-20T16:13:36Z" finished-at="2018-03-20T16:13:36Z">
          <params>
            <param index="0">
              <value>
                <![CDATA[[TestResult name=CancelMMIDAll status=SUCCESS method=NonFinancialTransactions.CancelMMIDAll()[pri:0, instance:mBankingControlCenter.NonFinancialTransactions@174bf60] output={null}]]]>
              </value>
            </param>
          </params>
          <reporter-output>
          </reporter-output>
        </test-method> <!-- getResult -->
        <test-method status="PASS" signature="getResult(org.testng.ITestResult)[pri:0, instance:mBankingControlCenter.NonFinancialTransactions@174bf60]" name="getResult" is-config="true" duration-ms="0" started-at="2018-03-20T16:13:39Z" finished-at="2018-03-20T16:13:39Z">
          <params>
            <param index="0">
              <value>
                <![CDATA[[TestResult name=CancelMMIDSingle status=SUCCESS method=NonFinancialTransactions.CancelMMIDSingle()[pri:0, instance:mBankingControlCenter.NonFinancialTransactions@174bf60] output={null}]]]>
              </value>
            </param>
          </params>
          <reporter-output>
          </reporter-output>
        </test-method> <!-- getResult -->
        <test-method status="PASS" signature="beforeMethod(java.lang.reflect.Method)[pri:0, instance:mBankingControlCenter.NonFinancialTransactions@174bf60]" name="beforeMethod" is-config="true" duration-ms="0" started-at="2018-03-20T16:13:39Z" finished-at="2018-03-20T16:13:39Z">
          <params>
            <param index="0">
              <value>
                <![CDATA[public void mBankingControlCenter.NonFinancialTransactions.ChequeStatus() throws java.io.IOException,java.sql.SQLException]]>
              </value>
            </param>
          </params>
          <reporter-output>
          </reporter-output>
        </test-method> <!-- beforeMethod -->
        <test-method status="PASS" signature="ChequeStatus()[pri:0, instance:mBankingControlCenter.NonFinancialTransactions@174bf60]" name="ChequeStatus" duration-ms="2742" started-at="2018-03-20T16:13:39Z" finished-at="2018-03-20T16:13:42Z">
          <reporter-output>
          </reporter-output>
        </test-method> <!-- ChequeStatus -->
        <test-method status="PASS" signature="getResult(org.testng.ITestResult)[pri:0, instance:mBankingControlCenter.NonFinancialTransactions@174bf60]" name="getResult" is-config="true" duration-ms="1" started-at="2018-03-20T16:13:42Z" finished-at="2018-03-20T16:13:42Z">
          <params>
            <param index="0">
              <value>
                <![CDATA[[TestResult name=ChequeStatus status=SUCCESS method=NonFinancialTransactions.ChequeStatus()[pri:0, instance:mBankingControlCenter.NonFinancialTransactions@174bf60] output={null}]]]>
              </value>
            </param>
          </params>
          <reporter-output>
          </reporter-output>
        </test-method> <!-- getResult -->
        <test-method status="PASS" signature="beforeMethod(java.lang.reflect.Method)[pri:0, instance:mBankingControlCenter.NonFinancialTransactions@174bf60]" name="beforeMethod" is-config="true" duration-ms="1" started-at="2018-03-20T16:13:42Z" finished-at="2018-03-20T16:13:42Z">
          <params>
            <param index="0">
              <value>
                <![CDATA[public void mBankingControlCenter.NonFinancialTransactions.EmailIDFetch() throws java.io.IOException,java.sql.SQLException]]>
              </value>
            </param>
          </params>
          <reporter-output>
          </reporter-output>
        </test-method> <!-- beforeMethod -->
        <test-method status="PASS" signature="EmailIDFetch()[pri:0, instance:mBankingControlCenter.NonFinancialTransactions@174bf60]" name="EmailIDFetch" duration-ms="1674" started-at="2018-03-20T16:13:42Z" finished-at="2018-03-20T16:13:43Z">
          <reporter-output>
          </reporter-output>
        </test-method> <!-- EmailIDFetch -->
        <test-method status="PASS" signature="getResult(org.testng.ITestResult)[pri:0, instance:mBankingControlCenter.NonFinancialTransactions@174bf60]" name="getResult" is-config="true" duration-ms="1" started-at="2018-03-20T16:13:43Z" finished-at="2018-03-20T16:13:43Z">
          <params>
            <param index="0">
              <value>
                <![CDATA[[TestResult name=EmailIDFetch status=SUCCESS method=NonFinancialTransactions.EmailIDFetch()[pri:0, instance:mBankingControlCenter.NonFinancialTransactions@174bf60] output={null}]]]>
              </value>
            </param>
          </params>
          <reporter-output>
          </reporter-output>
        </test-method> <!-- getResult -->
        <test-method status="PASS" signature="beforeMethod(java.lang.reflect.Method)[pri:0, instance:mBankingControlCenter.NonFinancialTransactions@174bf60]" name="beforeMethod" is-config="true" duration-ms="1" started-at="2018-03-20T16:13:43Z" finished-at="2018-03-20T16:13:43Z">
          <params>
            <param index="0">
              <value>
                <![CDATA[public void mBankingControlCenter.NonFinancialTransactions.EmailIDUpdate() throws java.io.IOException,java.sql.SQLException]]>
              </value>
            </param>
          </params>
          <reporter-output>
          </reporter-output>
        </test-method> <!-- beforeMethod -->
        <test-method status="PASS" signature="EmailIDUpdate()[pri:0, instance:mBankingControlCenter.NonFinancialTransactions@174bf60]" name="EmailIDUpdate" duration-ms="1190" started-at="2018-03-20T16:13:43Z" finished-at="2018-03-20T16:13:44Z">
          <reporter-output>
          </reporter-output>
        </test-method> <!-- EmailIDUpdate -->
        <test-method status="PASS" signature="getResult(org.testng.ITestResult)[pri:0, instance:mBankingControlCenter.NonFinancialTransactions@174bf60]" name="getResult" is-config="true" duration-ms="1" started-at="2018-03-20T16:13:44Z" finished-at="2018-03-20T16:13:44Z">
          <params>
            <param index="0">
              <value>
                <![CDATA[[TestResult name=EmailIDUpdate status=SUCCESS method=NonFinancialTransactions.EmailIDUpdate()[pri:0, instance:mBankingControlCenter.NonFinancialTransactions@174bf60] output={null}]]]>
              </value>
            </param>
          </params>
          <reporter-output>
          </reporter-output>
        </test-method> <!-- getResult -->
        <test-method status="PASS" signature="beforeMethod(java.lang.reflect.Method)[pri:0, instance:mBankingControlCenter.NonFinancialTransactions@174bf60]" name="beforeMethod" is-config="true" duration-ms="1" started-at="2018-03-20T16:13:44Z" finished-at="2018-03-20T16:13:44Z">
          <params>
            <param index="0">
              <value>
                <![CDATA[public void mBankingControlCenter.NonFinancialTransactions.GenerateMMID() throws java.io.IOException,java.sql.SQLException]]>
              </value>
            </param>
          </params>
          <reporter-output>
          </reporter-output>
        </test-method> <!-- beforeMethod -->
        <test-method status="PASS" signature="GenerateMMID()[pri:0, instance:mBankingControlCenter.NonFinancialTransactions@174bf60]" name="GenerateMMID" duration-ms="1502" started-at="2018-03-20T16:13:44Z" finished-at="2018-03-20T16:13:46Z">
          <reporter-output>
          </reporter-output>
        </test-method> <!-- GenerateMMID -->
        <test-method status="PASS" signature="getResult(org.testng.ITestResult)[pri:0, instance:mBankingControlCenter.NonFinancialTransactions@174bf60]" name="getResult" is-config="true" duration-ms="0" started-at="2018-03-20T16:13:46Z" finished-at="2018-03-20T16:13:46Z">
          <params>
            <param index="0">
              <value>
                <![CDATA[[TestResult name=GenerateMMID status=SUCCESS method=NonFinancialTransactions.GenerateMMID()[pri:0, instance:mBankingControlCenter.NonFinancialTransactions@174bf60] output={null}]]]>
              </value>
            </param>
          </params>
          <reporter-output>
          </reporter-output>
        </test-method> <!-- getResult -->
        <test-method status="PASS" signature="beforeMethod(java.lang.reflect.Method)[pri:0, instance:mBankingControlCenter.NonFinancialTransactions@174bf60]" name="beforeMethod" is-config="true" duration-ms="0" started-at="2018-03-20T16:13:46Z" finished-at="2018-03-20T16:13:46Z">
          <params>
            <param index="0">
              <value>
                <![CDATA[public void mBankingControlCenter.NonFinancialTransactions.MiniStatement() throws java.io.IOException,java.sql.SQLException]]>
              </value>
            </param>
          </params>
          <reporter-output>
          </reporter-output>
        </test-method> <!-- beforeMethod -->
        <test-method status="PASS" signature="MiniStatement()[pri:0, instance:mBankingControlCenter.NonFinancialTransactions@174bf60]" name="MiniStatement" duration-ms="2178" started-at="2018-03-20T16:13:46Z" finished-at="2018-03-20T16:13:48Z">
          <reporter-output>
          </reporter-output>
        </test-method> <!-- MiniStatement -->
        <test-method status="PASS" signature="getResult(org.testng.ITestResult)[pri:0, instance:mBankingControlCenter.NonFinancialTransactions@174bf60]" name="getResult" is-config="true" duration-ms="1" started-at="2018-03-20T16:13:48Z" finished-at="2018-03-20T16:13:48Z">
          <params>
            <param index="0">
              <value>
                <![CDATA[[TestResult name=MiniStatement status=SUCCESS method=NonFinancialTransactions.MiniStatement()[pri:0, instance:mBankingControlCenter.NonFinancialTransactions@174bf60] output={null}]]]>
              </value>
            </param>
          </params>
          <reporter-output>
          </reporter-output>
        </test-method> <!-- getResult -->
        <test-method status="PASS" signature="beforeMethod(java.lang.reflect.Method)[pri:0, instance:mBankingControlCenter.NonFinancialTransactions@174bf60]" name="beforeMethod" is-config="true" duration-ms="1" started-at="2018-03-20T16:13:48Z" finished-at="2018-03-20T16:13:48Z">
          <params>
            <param index="0">
              <value>
                <![CDATA[public void mBankingControlCenter.NonFinancialTransactions.RetrieveMMID() throws java.io.IOException,java.sql.SQLException]]>
              </value>
            </param>
          </params>
          <reporter-output>
          </reporter-output>
        </test-method> <!-- beforeMethod -->
        <test-method status="PASS" signature="RetrieveMMID()[pri:0, instance:mBankingControlCenter.NonFinancialTransactions@174bf60]" name="RetrieveMMID" duration-ms="1392" started-at="2018-03-20T16:13:48Z" finished-at="2018-03-20T16:13:50Z">
          <reporter-output>
          </reporter-output>
        </test-method> <!-- RetrieveMMID -->
        <test-method status="PASS" signature="getResult(org.testng.ITestResult)[pri:0, instance:mBankingControlCenter.NonFinancialTransactions@174bf60]" name="getResult" is-config="true" duration-ms="1" started-at="2018-03-20T16:13:50Z" finished-at="2018-03-20T16:13:50Z">
          <params>
            <param index="0">
              <value>
                <![CDATA[[TestResult name=RetrieveMMID status=SUCCESS method=NonFinancialTransactions.RetrieveMMID()[pri:0, instance:mBankingControlCenter.NonFinancialTransactions@174bf60] output={null}]]]>
              </value>
            </param>
          </params>
          <reporter-output>
          </reporter-output>
        </test-method> <!-- getResult -->
        <test-method status="PASS" signature="beforeMethod(java.lang.reflect.Method)[pri:0, instance:mBankingControlCenter.NonFinancialTransactions@174bf60]" name="beforeMethod" is-config="true" duration-ms="0" started-at="2018-03-20T16:13:50Z" finished-at="2018-03-20T16:13:50Z">
          <params>
            <param index="0">
              <value>
                <![CDATA[public void mBankingControlCenter.NonFinancialTransactions.StopCheque() throws java.io.IOException,java.sql.SQLException]]>
              </value>
            </param>
          </params>
          <reporter-output>
          </reporter-output>
        </test-method> <!-- beforeMethod -->
        <test-method status="PASS" signature="StopCheque()[pri:0, instance:mBankingControlCenter.NonFinancialTransactions@174bf60]" name="StopCheque" duration-ms="6068" started-at="2018-03-20T16:13:50Z" finished-at="2018-03-20T16:13:56Z">
          <reporter-output>
          </reporter-output>
        </test-method> <!-- StopCheque -->
        <test-method status="PASS" signature="beforeMethod(java.lang.reflect.Method)[pri:0, instance:mBankingControlCenter.NonFinancialTransactions@174bf60]" name="beforeMethod" is-config="true" duration-ms="1" started-at="2018-03-20T16:13:56Z" finished-at="2018-03-20T16:13:56Z">
          <params>
            <param index="0">
              <value>
                <![CDATA[public void mBankingControlCenter.NonFinancialTransactions.balanceEnq() throws java.io.IOException,java.sql.SQLException]]>
              </value>
            </param>
          </params>
          <reporter-output>
          </reporter-output>
        </test-method> <!-- beforeMethod -->
        <test-method status="PASS" signature="getResult(org.testng.ITestResult)[pri:0, instance:mBankingControlCenter.NonFinancialTransactions@174bf60]" name="getResult" is-config="true" duration-ms="0" started-at="2018-03-20T16:13:56Z" finished-at="2018-03-20T16:13:56Z">
          <params>
            <param index="0">
              <value>
                <![CDATA[[TestResult name=StopCheque status=SUCCESS method=NonFinancialTransactions.StopCheque()[pri:0, instance:mBankingControlCenter.NonFinancialTransactions@174bf60] output={null}]]]>
              </value>
            </param>
          </params>
          <reporter-output>
          </reporter-output>
        </test-method> <!-- getResult -->
        <test-method status="PASS" signature="balanceEnq()[pri:0, instance:mBankingControlCenter.NonFinancialTransactions@174bf60]" name="balanceEnq" duration-ms="2822" started-at="2018-03-20T16:13:56Z" finished-at="2018-03-20T16:13:58Z">
          <reporter-output>
          </reporter-output>
        </test-method> <!-- balanceEnq -->
        <test-method status="PASS" signature="getResult(org.testng.ITestResult)[pri:0, instance:mBankingControlCenter.NonFinancialTransactions@174bf60]" name="getResult" is-config="true" duration-ms="0" started-at="2018-03-20T16:13:58Z" finished-at="2018-03-20T16:13:58Z">
          <params>
            <param index="0">
              <value>
                <![CDATA[[TestResult name=balanceEnq status=SUCCESS method=NonFinancialTransactions.balanceEnq()[pri:0, instance:mBankingControlCenter.NonFinancialTransactions@174bf60] output={null}]]]>
              </value>
            </param>
          </params>
          <reporter-output>
          </reporter-output>
        </test-method> <!-- getResult -->
        <test-method status="PASS" signature="beforeMethod(java.lang.reflect.Method)[pri:0, instance:mBankingControlCenter.NonFinancialTransactions@174bf60]" name="beforeMethod" is-config="true" duration-ms="0" started-at="2018-03-20T16:13:58Z" finished-at="2018-03-20T16:13:58Z">
          <params>
            <param index="0">
              <value>
                <![CDATA[public void mBankingControlCenter.NonFinancialTransactions.changeloginpwd() throws java.io.IOException,java.sql.SQLException]]>
              </value>
            </param>
          </params>
          <reporter-output>
          </reporter-output>
        </test-method> <!-- beforeMethod -->
        <test-method status="FAIL" signature="changeloginpwd()[pri:0, instance:mBankingControlCenter.NonFinancialTransactions@174bf60]" name="changeloginpwd" duration-ms="25" started-at="2018-03-20T16:13:58Z" finished-at="2018-03-20T16:13:58Z">
          <exception class="java.lang.NullPointerException">
            <full-stacktrace>
              <![CDATA[java.lang.NullPointerException
	at mBankingUtilityCenter.ExtentManager.assertResponse(ExtentManager.java:133)
	at mBankingControlCenter.NonFinancialTransactions.changeloginpwd(NonFinancialTransactions.java:141)
	at sun.reflect.NativeMethodAccessorImpl.invoke0(Native Method)
	at sun.reflect.NativeMethodAccessorImpl.invoke(NativeMethodAccessorImpl.java:62)
	at sun.reflect.DelegatingMethodAccessorImpl.invoke(DelegatingMethodAccessorImpl.java:43)
	at java.lang.reflect.Method.invoke(Method.java:498)
	at org.testng.internal.MethodInvocationHelper.invokeMethod(MethodInvocationHelper.java:108)
	at org.testng.internal.Invoker.invokeMethod(Invoker.java:669)
	at org.testng.internal.Invoker.invokeTestMethod(Invoker.java:877)
	at org.testng.internal.Invoker.invokeTestMethods(Invoker.java:1201)
	at org.testng.internal.TestMethodWorker.invokeTestMethods(TestMethodWorker.java:125)
	at org.testng.internal.TestMethodWorker.run(TestMethodWorker.java:109)
	at org.testng.TestRunner.privateRun(TestRunner.java:776)
	at org.testng.TestRunner.run(TestRunner.java:634)
	at org.testng.SuiteRunner.runTest(SuiteRunner.java:425)
	at org.testng.SuiteRunner.runSequentially(SuiteRunner.java:420)
	at org.testng.SuiteRunner.privateRun(SuiteRunner.java:385)
	at org.testng.SuiteRunner.run(SuiteRunner.java:334)
	at org.testng.SuiteRunnerWorker.runSuite(SuiteRunnerWorker.java:52)
	at org.testng.SuiteRunnerWorker.run(SuiteRunnerWorker.java:86)
	at org.testng.TestNG.runSuitesSequentially(TestNG.java:1318)
	at org.testng.TestNG.runSuitesLocally(TestNG.java:1243)
	at org.testng.TestNG.runSuites(TestNG.java:1161)
	at org.testng.TestNG.run(TestNG.java:1129)
	at org.testng.remote.AbstractRemoteTestNG.run(AbstractRemoteTestNG.java:114)
	at org.testng.remote.RemoteTestNG.initAndRun(RemoteTestNG.java:251)
	at org.testng.remote.RemoteTestNG.main(RemoteTestNG.java:77)
]]>
            </full-stacktrace>
          </exception> <!-- java.lang.NullPointerException -->
          <reporter-output>
          </reporter-output>
        </test-method> <!-- changeloginpwd -->
        <test-method status="PASS" signature="getResult(org.testng.ITestResult)[pri:0, instance:mBankingControlCenter.NonFinancialTransactions@174bf60]" name="getResult" is-config="true" duration-ms="0" started-at="2018-03-20T16:13:58Z" finished-at="2018-03-20T16:13:58Z">
          <params>
            <param index="0">
              <value>
                <![CDATA[[TestResult name=changeloginpwd status=FAILURE method=NonFinancialTransactions.changeloginpwd()[pri:0, instance:mBankingControlCenter.NonFinancialTransactions@174bf60] output={null}]]]>
              </value>
            </param>
          </params>
          <reporter-output>
          </reporter-output>
        </test-method> <!-- getResult -->
      </class> <!-- mBankingControlCenter.NonFinancialTransactions -->
    </test> <!-- Non- FInancial transaction -->
    <test name="FInancial transaction" duration-ms="460850" started-at="2018-03-20T10:43:59Z" finished-at="2018-03-20T10:51:39Z">
      <class name="mBankingControlCenter.FinancialTransactions">
        <test-method status="PASS" signature="beforeMethod(java.lang.reflect.Method)[pri:0, instance:mBankingControlCenter.FinancialTransactions@1bf57b3]" name="beforeMethod" is-config="true" duration-ms="0" started-at="2018-03-20T16:13:59Z" finished-at="2018-03-20T16:13:59Z">
          <params>
            <param index="0">
              <value>
                <![CDATA[public void mBankingControlCenter.FinancialTransactions.Billercategorylist() throws java.io.IOException,java.sql.SQLException]]>
              </value>
            </param>
          </params>
          <reporter-output>
          </reporter-output>
        </test-method> <!-- beforeMethod -->
        <test-method status="FAIL" signature="Billercategorylist()[pri:0, instance:mBankingControlCenter.FinancialTransactions@1bf57b3]" name="Billercategorylist" duration-ms="257" started-at="2018-03-20T16:13:59Z" finished-at="2018-03-20T16:13:59Z">
          <exception class="java.lang.AssertionError">
            <message>
              <![CDATA[expected [true] but found [false]]]>
            </message>
            <full-stacktrace>
              <![CDATA[java.lang.AssertionError: expected [true] but found [false]
	at org.testng.Assert.fail(Assert.java:93)
	at org.testng.Assert.failNotEquals(Assert.java:512)
	at org.testng.Assert.assertTrue(Assert.java:41)
	at org.testng.Assert.assertTrue(Assert.java:51)
	at mBankingUtilityCenter.ExtentManager.assertResponse(ExtentManager.java:133)
	at mBankingControlCenter.FinancialTransactions.Billercategorylist(FinancialTransactions.java:40)
	at sun.reflect.NativeMethodAccessorImpl.invoke0(Native Method)
	at sun.reflect.NativeMethodAccessorImpl.invoke(NativeMethodAccessorImpl.java:62)
	at sun.reflect.DelegatingMethodAccessorImpl.invoke(DelegatingMethodAccessorImpl.java:43)
	at java.lang.reflect.Method.invoke(Method.java:498)
	at org.testng.internal.MethodInvocationHelper.invokeMethod(MethodInvocationHelper.java:108)
	at org.testng.internal.Invoker.invokeMethod(Invoker.java:669)
	at org.testng.internal.Invoker.invokeTestMethod(Invoker.java:877)
	at org.testng.internal.Invoker.invokeTestMethods(Invoker.java:1201)
	at org.testng.internal.TestMethodWorker.invokeTestMethods(TestMethodWorker.java:125)
	at org.testng.internal.TestMethodWorker.run(TestMethodWorker.java:109)
	at org.testng.TestRunner.privateRun(TestRunner.java:776)
	at org.testng.TestRunner.run(TestRunner.java:634)
	at org.testng.SuiteRunner.runTest(SuiteRunner.java:425)
	at org.testng.SuiteRunner.runSequentially(SuiteRunner.java:420)
	at org.testng.SuiteRunner.privateRun(SuiteRunner.java:385)
	at org.testng.SuiteRunner.run(SuiteRunner.java:334)
	at org.testng.SuiteRunnerWorker.runSuite(SuiteRunnerWorker.java:52)
	at org.testng.SuiteRunnerWorker.run(SuiteRunnerWorker.java:86)
	at org.testng.TestNG.runSuitesSequentially(TestNG.java:1318)
	at org.testng.TestNG.runSuitesLocally(TestNG.java:1243)
	at org.testng.TestNG.runSuites(TestNG.java:1161)
	at org.testng.TestNG.run(TestNG.java:1129)
	at org.testng.remote.AbstractRemoteTestNG.run(AbstractRemoteTestNG.java:114)
	at org.testng.remote.RemoteTestNG.initAndRun(RemoteTestNG.java:251)
	at org.testng.remote.RemoteTestNG.main(RemoteTestNG.java:77)
]]>
            </full-stacktrace>
          </exception> <!-- java.lang.AssertionError -->
          <reporter-output>
          </reporter-output>
        </test-method> <!-- Billercategorylist -->
        <test-method status="PASS" signature="getResult(org.testng.ITestResult)[pri:0, instance:mBankingControlCenter.FinancialTransactions@1bf57b3]" name="getResult" is-config="true" duration-ms="1" started-at="2018-03-20T16:13:59Z" finished-at="2018-03-20T16:13:59Z">
          <params>
            <param index="0">
              <value>
                <![CDATA[[TestResult name=Billercategorylist status=FAILURE method=FinancialTransactions.Billercategorylist()[pri:0, instance:mBankingControlCenter.FinancialTransactions@1bf57b3] output={null}]]]>
              </value>
            </param>
          </params>
          <reporter-output>
          </reporter-output>
        </test-method> <!-- getResult -->
        <test-method status="PASS" signature="beforeMethod(java.lang.reflect.Method)[pri:0, instance:mBankingControlCenter.FinancialTransactions@1bf57b3]" name="beforeMethod" is-config="true" duration-ms="1" started-at="2018-03-20T16:13:59Z" finished-at="2018-03-20T16:13:59Z">
          <params>
            <param index="0">
              <value>
                <![CDATA[public void mBankingControlCenter.FinancialTransactions.IMPSP2AAddBeneficiary() throws java.io.IOException,java.sql.SQLException]]>
              </value>
            </param>
          </params>
          <reporter-output>
          </reporter-output>
        </test-method> <!-- beforeMethod -->
        <test-method status="PASS" signature="IMPSP2AAddBeneficiary()[pri:0, instance:mBankingControlCenter.FinancialTransactions@1bf57b3]" name="IMPSP2AAddBeneficiary" duration-ms="2020" started-at="2018-03-20T16:13:59Z" finished-at="2018-03-20T16:14:01Z">
          <reporter-output>
          </reporter-output>
        </test-method> <!-- IMPSP2AAddBeneficiary -->
        <test-method status="PASS" signature="getResult(org.testng.ITestResult)[pri:0, instance:mBankingControlCenter.FinancialTransactions@1bf57b3]" name="getResult" is-config="true" duration-ms="1" started-at="2018-03-20T16:14:01Z" finished-at="2018-03-20T16:14:01Z">
          <params>
            <param index="0">
              <value>
                <![CDATA[[TestResult name=IMPSP2AAddBeneficiary status=SUCCESS method=FinancialTransactions.IMPSP2AAddBeneficiary()[pri:0, instance:mBankingControlCenter.FinancialTransactions@1bf57b3] output={null}]]]>
              </value>
            </param>
          </params>
          <reporter-output>
          </reporter-output>
        </test-method> <!-- getResult -->
        <test-method status="PASS" signature="beforeMethod(java.lang.reflect.Method)[pri:0, instance:mBankingControlCenter.FinancialTransactions@1bf57b3]" name="beforeMethod" is-config="true" duration-ms="2" started-at="2018-03-20T16:14:01Z" finished-at="2018-03-20T16:14:01Z">
          <params>
            <param index="0">
              <value>
                <![CDATA[public void mBankingControlCenter.FinancialTransactions.IMPSP2AAddBeneficiaryconfirmation() throws java.io.IOException,java.sql.SQLException]]>
              </value>
            </param>
          </params>
          <reporter-output>
          </reporter-output>
        </test-method> <!-- beforeMethod -->
        <test-method status="PASS" signature="IMPSP2AAddBeneficiaryconfirmation()[pri:0, instance:mBankingControlCenter.FinancialTransactions@1bf57b3]" name="IMPSP2AAddBeneficiaryconfirmation" duration-ms="1807" started-at="2018-03-20T16:14:01Z" finished-at="2018-03-20T16:14:03Z">
          <reporter-output>
          </reporter-output>
        </test-method> <!-- IMPSP2AAddBeneficiaryconfirmation -->
        <test-method status="PASS" signature="getResult(org.testng.ITestResult)[pri:0, instance:mBankingControlCenter.FinancialTransactions@1bf57b3]" name="getResult" is-config="true" duration-ms="1" started-at="2018-03-20T16:14:03Z" finished-at="2018-03-20T16:14:03Z">
          <params>
            <param index="0">
              <value>
                <![CDATA[[TestResult name=IMPSP2AAddBeneficiaryconfirmation status=SUCCESS method=FinancialTransactions.IMPSP2AAddBeneficiaryconfirmation()[pri:0, instance:mBankingControlCenter.FinancialTransactions@1bf57b3] output={null}]]]>
              </value>
            </param>
          </params>
          <reporter-output>
          </reporter-output>
        </test-method> <!-- getResult -->
        <test-method status="FAIL" signature="IMPSP2ABeneficiaryPaymentConfirmation()[pri:0, instance:mBankingControlCenter.FinancialTransactions@1bf57b3]" name="IMPSP2ABeneficiaryPaymentConfirmation" duration-ms="110198" started-at="2018-03-20T16:14:03Z" finished-at="2018-03-20T16:15:53Z">
          <exception class="java.lang.AssertionError">
            <message>
              <![CDATA[expected [true] but found [false]]]>
            </message>
            <full-stacktrace>
              <![CDATA[java.lang.AssertionError: expected [true] but found [false]
	at org.testng.Assert.fail(Assert.java:93)
	at org.testng.Assert.failNotEquals(Assert.java:512)
	at org.testng.Assert.assertTrue(Assert.java:41)
	at org.testng.Assert.assertTrue(Assert.java:51)
	at mBankingUtilityCenter.ExtentManager.assertResponse(ExtentManager.java:133)
	at mBankingControlCenter.FinancialTransactions.IMPSP2ABeneficiaryPaymentConfirmation(FinancialTransactions.java:152)
	at sun.reflect.NativeMethodAccessorImpl.invoke0(Native Method)
	at sun.reflect.NativeMethodAccessorImpl.invoke(NativeMethodAccessorImpl.java:62)
	at sun.reflect.DelegatingMethodAccessorImpl.invoke(DelegatingMethodAccessorImpl.java:43)
	at java.lang.reflect.Method.invoke(Method.java:498)
	at org.testng.internal.MethodInvocationHelper.invokeMethod(MethodInvocationHelper.java:108)
	at org.testng.internal.Invoker.invokeMethod(Invoker.java:669)
	at org.testng.internal.Invoker.invokeTestMethod(Invoker.java:877)
	at org.testng.internal.Invoker.invokeTestMethods(Invoker.java:1201)
	at org.testng.internal.TestMethodWorker.invokeTestMethods(TestMethodWorker.java:125)
	at org.testng.internal.TestMethodWorker.run(TestMethodWorker.java:109)
	at org.testng.TestRunner.privateRun(TestRunner.java:776)
	at org.testng.TestRunner.run(TestRunner.java:634)
	at org.testng.SuiteRunner.runTest(SuiteRunner.java:425)
	at org.testng.SuiteRunner.runSequentially(SuiteRunner.java:420)
	at org.testng.SuiteRunner.privateRun(SuiteRunner.java:385)
	at org.testng.SuiteRunner.run(SuiteRunner.java:334)
	at org.testng.SuiteRunnerWorker.runSuite(SuiteRunnerWorker.java:52)
	at org.testng.SuiteRunnerWorker.run(SuiteRunnerWorker.java:86)
	at org.testng.TestNG.runSuitesSequentially(TestNG.java:1318)
	at org.testng.TestNG.runSuitesLocally(TestNG.java:1243)
	at org.testng.TestNG.runSuites(TestNG.java:1161)
	at org.testng.TestNG.run(TestNG.java:1129)
	at org.testng.remote.AbstractRemoteTestNG.run(AbstractRemoteTestNG.java:114)
	at org.testng.remote.RemoteTestNG.initAndRun(RemoteTestNG.java:251)
	at org.testng.remote.RemoteTestNG.main(RemoteTestNG.java:77)
]]>
            </full-stacktrace>
          </exception> <!-- java.lang.AssertionError -->
          <reporter-output>
          </reporter-output>
        </test-method> <!-- IMPSP2ABeneficiaryPaymentConfirmation -->
        <test-method status="PASS" signature="beforeMethod(java.lang.reflect.Method)[pri:0, instance:mBankingControlCenter.FinancialTransactions@1bf57b3]" name="beforeMethod" is-config="true" duration-ms="0" started-at="2018-03-20T16:14:03Z" finished-at="2018-03-20T16:14:03Z">
          <params>
            <param index="0">
              <value>
                <![CDATA[public void mBankingControlCenter.FinancialTransactions.IMPSP2ABeneficiaryPaymentConfirmation() throws java.io.IOException,java.sql.SQLException]]>
              </value>
            </param>
          </params>
          <reporter-output>
          </reporter-output>
        </test-method> <!-- beforeMethod -->
        <test-method status="PASS" signature="getResult(org.testng.ITestResult)[pri:0, instance:mBankingControlCenter.FinancialTransactions@1bf57b3]" name="getResult" is-config="true" duration-ms="0" started-at="2018-03-20T16:15:53Z" finished-at="2018-03-20T16:15:53Z">
          <params>
            <param index="0">
              <value>
                <![CDATA[[TestResult name=IMPSP2ABeneficiaryPaymentConfirmation status=FAILURE method=FinancialTransactions.IMPSP2ABeneficiaryPaymentConfirmation()[pri:0, instance:mBankingControlCenter.FinancialTransactions@1bf57b3] output={null}]]]>
              </value>
            </param>
          </params>
          <reporter-output>
          </reporter-output>
        </test-method> <!-- getResult -->
        <test-method status="PASS" signature="beforeMethod(java.lang.reflect.Method)[pri:0, instance:mBankingControlCenter.FinancialTransactions@1bf57b3]" name="beforeMethod" is-config="true" duration-ms="1" started-at="2018-03-20T16:15:53Z" finished-at="2018-03-20T16:15:53Z">
          <params>
            <param index="0">
              <value>
                <![CDATA[public void mBankingControlCenter.FinancialTransactions.IMPSP2ABeneficiaryPaymentListenquiry() throws java.io.IOException,java.sql.SQLException]]>
              </value>
            </param>
          </params>
          <reporter-output>
          </reporter-output>
        </test-method> <!-- beforeMethod -->
        <test-method status="PASS" signature="IMPSP2ABeneficiaryPaymentListenquiry()[pri:0, instance:mBankingControlCenter.FinancialTransactions@1bf57b3]" name="IMPSP2ABeneficiaryPaymentListenquiry" duration-ms="2523" started-at="2018-03-20T16:15:53Z" finished-at="2018-03-20T16:15:55Z">
          <reporter-output>
          </reporter-output>
        </test-method> <!-- IMPSP2ABeneficiaryPaymentListenquiry -->
        <test-method status="PASS" signature="getResult(org.testng.ITestResult)[pri:0, instance:mBankingControlCenter.FinancialTransactions@1bf57b3]" name="getResult" is-config="true" duration-ms="0" started-at="2018-03-20T16:15:55Z" finished-at="2018-03-20T16:15:55Z">
          <params>
            <param index="0">
              <value>
                <![CDATA[[TestResult name=IMPSP2ABeneficiaryPaymentListenquiry status=SUCCESS method=FinancialTransactions.IMPSP2ABeneficiaryPaymentListenquiry()[pri:0, instance:mBankingControlCenter.FinancialTransactions@1bf57b3] output={null}]]]>
              </value>
            </param>
          </params>
          <reporter-output>
          </reporter-output>
        </test-method> <!-- getResult -->
        <test-method status="PASS" signature="beforeMethod(java.lang.reflect.Method)[pri:0, instance:mBankingControlCenter.FinancialTransactions@1bf57b3]" name="beforeMethod" is-config="true" duration-ms="0" started-at="2018-03-20T16:15:55Z" finished-at="2018-03-20T16:15:55Z">
          <params>
            <param index="0">
              <value>
                <![CDATA[public void mBankingControlCenter.FinancialTransactions.IMPSP2ABeneficiarySearchListenquiry() throws java.io.IOException,java.sql.SQLException]]>
              </value>
            </param>
          </params>
          <reporter-output>
          </reporter-output>
        </test-method> <!-- beforeMethod -->
        <test-method status="PASS" signature="IMPSP2ABeneficiarySearchListenquiry()[pri:0, instance:mBankingControlCenter.FinancialTransactions@1bf57b3]" name="IMPSP2ABeneficiarySearchListenquiry" duration-ms="1379" started-at="2018-03-20T16:15:55Z" finished-at="2018-03-20T16:15:57Z">
          <reporter-output>
          </reporter-output>
        </test-method> <!-- IMPSP2ABeneficiarySearchListenquiry -->
        <test-method status="PASS" signature="beforeMethod(java.lang.reflect.Method)[pri:0, instance:mBankingControlCenter.FinancialTransactions@1bf57b3]" name="beforeMethod" is-config="true" duration-ms="0" started-at="2018-03-20T16:15:57Z" finished-at="2018-03-20T16:15:57Z">
          <params>
            <param index="0">
              <value>
                <![CDATA[public void mBankingControlCenter.FinancialTransactions.IMPSP2ADeleteBeneficiaryConfirmation() throws java.io.IOException,java.sql.SQLException]]>
              </value>
            </param>
          </params>
          <reporter-output>
          </reporter-output>
        </test-method> <!-- beforeMethod -->
        <test-method status="PASS" signature="getResult(org.testng.ITestResult)[pri:0, instance:mBankingControlCenter.FinancialTransactions@1bf57b3]" name="getResult" is-config="true" duration-ms="0" started-at="2018-03-20T16:15:57Z" finished-at="2018-03-20T16:15:57Z">
          <params>
            <param index="0">
              <value>
                <![CDATA[[TestResult name=IMPSP2ABeneficiarySearchListenquiry status=SUCCESS method=FinancialTransactions.IMPSP2ABeneficiarySearchListenquiry()[pri:0, instance:mBankingControlCenter.FinancialTransactions@1bf57b3] output={null}]]]>
              </value>
            </param>
          </params>
          <reporter-output>
          </reporter-output>
        </test-method> <!-- getResult -->
        <test-method status="PASS" signature="IMPSP2ADeleteBeneficiaryConfirmation()[pri:0, instance:mBankingControlCenter.FinancialTransactions@1bf57b3]" name="IMPSP2ADeleteBeneficiaryConfirmation" duration-ms="1386" started-at="2018-03-20T16:15:57Z" finished-at="2018-03-20T16:15:58Z">
          <reporter-output>
          </reporter-output>
        </test-method> <!-- IMPSP2ADeleteBeneficiaryConfirmation -->
        <test-method status="PASS" signature="getResult(org.testng.ITestResult)[pri:0, instance:mBankingControlCenter.FinancialTransactions@1bf57b3]" name="getResult" is-config="true" duration-ms="0" started-at="2018-03-20T16:15:58Z" finished-at="2018-03-20T16:15:58Z">
          <params>
            <param index="0">
              <value>
                <![CDATA[[TestResult name=IMPSP2ADeleteBeneficiaryConfirmation status=SUCCESS method=FinancialTransactions.IMPSP2ADeleteBeneficiaryConfirmation()[pri:0, instance:mBankingControlCenter.FinancialTransactions@1bf57b3] output={null}]]]>
              </value>
            </param>
          </params>
          <reporter-output>
          </reporter-output>
        </test-method> <!-- getResult -->
        <test-method status="PASS" signature="beforeMethod(java.lang.reflect.Method)[pri:0, instance:mBankingControlCenter.FinancialTransactions@1bf57b3]" name="beforeMethod" is-config="true" duration-ms="1" started-at="2018-03-20T16:15:58Z" finished-at="2018-03-20T16:15:58Z">
          <params>
            <param index="0">
              <value>
                <![CDATA[public void mBankingControlCenter.FinancialTransactions.IMPSP2ADeleteBeneficiaryListenquiry() throws java.io.IOException,java.sql.SQLException]]>
              </value>
            </param>
          </params>
          <reporter-output>
          </reporter-output>
        </test-method> <!-- beforeMethod -->
        <test-method status="PASS" signature="IMPSP2ADeleteBeneficiaryListenquiry()[pri:0, instance:mBankingControlCenter.FinancialTransactions@1bf57b3]" name="IMPSP2ADeleteBeneficiaryListenquiry" duration-ms="1288" started-at="2018-03-20T16:15:58Z" finished-at="2018-03-20T16:15:59Z">
          <reporter-output>
          </reporter-output>
        </test-method> <!-- IMPSP2ADeleteBeneficiaryListenquiry -->
        <test-method status="PASS" signature="getResult(org.testng.ITestResult)[pri:0, instance:mBankingControlCenter.FinancialTransactions@1bf57b3]" name="getResult" is-config="true" duration-ms="0" started-at="2018-03-20T16:15:59Z" finished-at="2018-03-20T16:15:59Z">
          <params>
            <param index="0">
              <value>
                <![CDATA[[TestResult name=IMPSP2ADeleteBeneficiaryListenquiry status=SUCCESS method=FinancialTransactions.IMPSP2ADeleteBeneficiaryListenquiry()[pri:0, instance:mBankingControlCenter.FinancialTransactions@1bf57b3] output={null}]]]>
              </value>
            </param>
          </params>
          <reporter-output>
          </reporter-output>
        </test-method> <!-- getResult -->
        <test-method status="PASS" signature="beforeMethod(java.lang.reflect.Method)[pri:0, instance:mBankingControlCenter.FinancialTransactions@1bf57b3]" name="beforeMethod" is-config="true" duration-ms="1" started-at="2018-03-20T16:15:59Z" finished-at="2018-03-20T16:15:59Z">
          <params>
            <param index="0">
              <value>
                <![CDATA[public void mBankingControlCenter.FinancialTransactions.IMPSP2AInstantPayment() throws java.io.IOException,java.sql.SQLException]]>
              </value>
            </param>
          </params>
          <reporter-output>
          </reporter-output>
        </test-method> <!-- beforeMethod -->
        <test-method status="FAIL" signature="IMPSP2AInstantPayment()[pri:0, instance:mBankingControlCenter.FinancialTransactions@1bf57b3]" name="IMPSP2AInstantPayment" duration-ms="110164" started-at="2018-03-20T16:15:59Z" finished-at="2018-03-20T16:17:50Z">
          <exception class="java.lang.AssertionError">
            <message>
              <![CDATA[expected [true] but found [false]]]>
            </message>
            <full-stacktrace>
              <![CDATA[java.lang.AssertionError: expected [true] but found [false]
	at org.testng.Assert.fail(Assert.java:93)
	at org.testng.Assert.failNotEquals(Assert.java:512)
	at org.testng.Assert.assertTrue(Assert.java:41)
	at org.testng.Assert.assertTrue(Assert.java:51)
	at mBankingUtilityCenter.ExtentManager.assertResponse(ExtentManager.java:133)
	at mBankingControlCenter.FinancialTransactions.IMPSP2AInstantPayment(FinancialTransactions.java:47)
	at sun.reflect.NativeMethodAccessorImpl.invoke0(Native Method)
	at sun.reflect.NativeMethodAccessorImpl.invoke(NativeMethodAccessorImpl.java:62)
	at sun.reflect.DelegatingMethodAccessorImpl.invoke(DelegatingMethodAccessorImpl.java:43)
	at java.lang.reflect.Method.invoke(Method.java:498)
	at org.testng.internal.MethodInvocationHelper.invokeMethod(MethodInvocationHelper.java:108)
	at org.testng.internal.Invoker.invokeMethod(Invoker.java:669)
	at org.testng.internal.Invoker.invokeTestMethod(Invoker.java:877)
	at org.testng.internal.Invoker.invokeTestMethods(Invoker.java:1201)
	at org.testng.internal.TestMethodWorker.invokeTestMethods(TestMethodWorker.java:125)
	at org.testng.internal.TestMethodWorker.run(TestMethodWorker.java:109)
	at org.testng.TestRunner.privateRun(TestRunner.java:776)
	at org.testng.TestRunner.run(TestRunner.java:634)
	at org.testng.SuiteRunner.runTest(SuiteRunner.java:425)
	at org.testng.SuiteRunner.runSequentially(SuiteRunner.java:420)
	at org.testng.SuiteRunner.privateRun(SuiteRunner.java:385)
	at org.testng.SuiteRunner.run(SuiteRunner.java:334)
	at org.testng.SuiteRunnerWorker.runSuite(SuiteRunnerWorker.java:52)
	at org.testng.SuiteRunnerWorker.run(SuiteRunnerWorker.java:86)
	at org.testng.TestNG.runSuitesSequentially(TestNG.java:1318)
	at org.testng.TestNG.runSuitesLocally(TestNG.java:1243)
	at org.testng.TestNG.runSuites(TestNG.java:1161)
	at org.testng.TestNG.run(TestNG.java:1129)
	at org.testng.remote.AbstractRemoteTestNG.run(AbstractRemoteTestNG.java:114)
	at org.testng.remote.RemoteTestNG.initAndRun(RemoteTestNG.java:251)
	at org.testng.remote.RemoteTestNG.main(RemoteTestNG.java:77)
]]>
            </full-stacktrace>
          </exception> <!-- java.lang.AssertionError -->
          <reporter-output>
          </reporter-output>
        </test-method> <!-- IMPSP2AInstantPayment -->
        <test-method status="PASS" signature="getResult(org.testng.ITestResult)[pri:0, instance:mBankingControlCenter.FinancialTransactions@1bf57b3]" name="getResult" is-config="true" duration-ms="1" started-at="2018-03-20T16:17:50Z" finished-at="2018-03-20T16:17:50Z">
          <params>
            <param index="0">
              <value>
                <![CDATA[[TestResult name=IMPSP2AInstantPayment status=FAILURE method=FinancialTransactions.IMPSP2AInstantPayment()[pri:0, instance:mBankingControlCenter.FinancialTransactions@1bf57b3] output={null}]]]>
              </value>
            </param>
          </params>
          <reporter-output>
          </reporter-output>
        </test-method> <!-- getResult -->
        <test-method status="PASS" signature="beforeMethod(java.lang.reflect.Method)[pri:0, instance:mBankingControlCenter.FinancialTransactions@1bf57b3]" name="beforeMethod" is-config="true" duration-ms="1" started-at="2018-03-20T16:17:50Z" finished-at="2018-03-20T16:17:50Z">
          <params>
            <param index="0">
              <value>
                <![CDATA[public void mBankingControlCenter.FinancialTransactions.IMPSP2PAddBeneficiary() throws java.io.IOException,java.sql.SQLException]]>
              </value>
            </param>
          </params>
          <reporter-output>
          </reporter-output>
        </test-method> <!-- beforeMethod -->
        <test-method status="FAIL" signature="IMPSP2PAddBeneficiary()[pri:0, instance:mBankingControlCenter.FinancialTransactions@1bf57b3]" name="IMPSP2PAddBeneficiary" duration-ms="2289" started-at="2018-03-20T16:17:50Z" finished-at="2018-03-20T16:17:52Z">
          <exception class="java.lang.AssertionError">
            <message>
              <![CDATA[expected [true] but found [false]]]>
            </message>
            <full-stacktrace>
              <![CDATA[java.lang.AssertionError: expected [true] but found [false]
	at org.testng.Assert.fail(Assert.java:93)
	at org.testng.Assert.failNotEquals(Assert.java:512)
	at org.testng.Assert.assertTrue(Assert.java:41)
	at org.testng.Assert.assertTrue(Assert.java:51)
	at mBankingUtilityCenter.ExtentManager.assertResponse(ExtentManager.java:133)
	at mBankingControlCenter.FinancialTransactions.IMPSP2PAddBeneficiary(FinancialTransactions.java:61)
	at sun.reflect.NativeMethodAccessorImpl.invoke0(Native Method)
	at sun.reflect.NativeMethodAccessorImpl.invoke(NativeMethodAccessorImpl.java:62)
	at sun.reflect.DelegatingMethodAccessorImpl.invoke(DelegatingMethodAccessorImpl.java:43)
	at java.lang.reflect.Method.invoke(Method.java:498)
	at org.testng.internal.MethodInvocationHelper.invokeMethod(MethodInvocationHelper.java:108)
	at org.testng.internal.Invoker.invokeMethod(Invoker.java:669)
	at org.testng.internal.Invoker.invokeTestMethod(Invoker.java:877)
	at org.testng.internal.Invoker.invokeTestMethods(Invoker.java:1201)
	at org.testng.internal.TestMethodWorker.invokeTestMethods(TestMethodWorker.java:125)
	at org.testng.internal.TestMethodWorker.run(TestMethodWorker.java:109)
	at org.testng.TestRunner.privateRun(TestRunner.java:776)
	at org.testng.TestRunner.run(TestRunner.java:634)
	at org.testng.SuiteRunner.runTest(SuiteRunner.java:425)
	at org.testng.SuiteRunner.runSequentially(SuiteRunner.java:420)
	at org.testng.SuiteRunner.privateRun(SuiteRunner.java:385)
	at org.testng.SuiteRunner.run(SuiteRunner.java:334)
	at org.testng.SuiteRunnerWorker.runSuite(SuiteRunnerWorker.java:52)
	at org.testng.SuiteRunnerWorker.run(SuiteRunnerWorker.java:86)
	at org.testng.TestNG.runSuitesSequentially(TestNG.java:1318)
	at org.testng.TestNG.runSuitesLocally(TestNG.java:1243)
	at org.testng.TestNG.runSuites(TestNG.java:1161)
	at org.testng.TestNG.run(TestNG.java:1129)
	at org.testng.remote.AbstractRemoteTestNG.run(AbstractRemoteTestNG.java:114)
	at org.testng.remote.RemoteTestNG.initAndRun(RemoteTestNG.java:251)
	at org.testng.remote.RemoteTestNG.main(RemoteTestNG.java:77)
]]>
            </full-stacktrace>
          </exception> <!-- java.lang.AssertionError -->
          <reporter-output>
          </reporter-output>
        </test-method> <!-- IMPSP2PAddBeneficiary -->
        <test-method status="PASS" signature="getResult(org.testng.ITestResult)[pri:0, instance:mBankingControlCenter.FinancialTransactions@1bf57b3]" name="getResult" is-config="true" duration-ms="0" started-at="2018-03-20T16:17:52Z" finished-at="2018-03-20T16:17:52Z">
          <params>
            <param index="0">
              <value>
                <![CDATA[[TestResult name=IMPSP2PAddBeneficiary status=FAILURE method=FinancialTransactions.IMPSP2PAddBeneficiary()[pri:0, instance:mBankingControlCenter.FinancialTransactions@1bf57b3] output={null}]]]>
              </value>
            </param>
          </params>
          <reporter-output>
          </reporter-output>
        </test-method> <!-- getResult -->
        <test-method status="PASS" signature="IMPSP2PAddBeneficiaryconfirmation()[pri:0, instance:mBankingControlCenter.FinancialTransactions@1bf57b3]" name="IMPSP2PAddBeneficiaryconfirmation" duration-ms="1404" started-at="2018-03-20T16:17:52Z" finished-at="2018-03-20T16:17:53Z">
          <reporter-output>
          </reporter-output>
        </test-method> <!-- IMPSP2PAddBeneficiaryconfirmation -->
        <test-method status="PASS" signature="beforeMethod(java.lang.reflect.Method)[pri:0, instance:mBankingControlCenter.FinancialTransactions@1bf57b3]" name="beforeMethod" is-config="true" duration-ms="0" started-at="2018-03-20T16:17:52Z" finished-at="2018-03-20T16:17:52Z">
          <params>
            <param index="0">
              <value>
                <![CDATA[public void mBankingControlCenter.FinancialTransactions.IMPSP2PAddBeneficiaryconfirmation() throws java.io.IOException,java.sql.SQLException]]>
              </value>
            </param>
          </params>
          <reporter-output>
          </reporter-output>
        </test-method> <!-- beforeMethod -->
        <test-method status="PASS" signature="getResult(org.testng.ITestResult)[pri:0, instance:mBankingControlCenter.FinancialTransactions@1bf57b3]" name="getResult" is-config="true" duration-ms="0" started-at="2018-03-20T16:17:53Z" finished-at="2018-03-20T16:17:53Z">
          <params>
            <param index="0">
              <value>
                <![CDATA[[TestResult name=IMPSP2PAddBeneficiaryconfirmation status=SUCCESS method=FinancialTransactions.IMPSP2PAddBeneficiaryconfirmation()[pri:0, instance:mBankingControlCenter.FinancialTransactions@1bf57b3] output={null}]]]>
              </value>
            </param>
          </params>
          <reporter-output>
          </reporter-output>
        </test-method> <!-- getResult -->
        <test-method status="FAIL" signature="IMPSP2PBeneficiaryPaymentConfirmation()[pri:0, instance:mBankingControlCenter.FinancialTransactions@1bf57b3]" name="IMPSP2PBeneficiaryPaymentConfirmation" duration-ms="110143" started-at="2018-03-20T16:17:53Z" finished-at="2018-03-20T16:19:43Z">
          <exception class="java.lang.AssertionError">
            <message>
              <![CDATA[expected [true] but found [false]]]>
            </message>
            <full-stacktrace>
              <![CDATA[java.lang.AssertionError: expected [true] but found [false]
	at org.testng.Assert.fail(Assert.java:93)
	at org.testng.Assert.failNotEquals(Assert.java:512)
	at org.testng.Assert.assertTrue(Assert.java:41)
	at org.testng.Assert.assertTrue(Assert.java:51)
	at mBankingUtilityCenter.ExtentManager.assertResponse(ExtentManager.java:133)
	at mBankingControlCenter.FinancialTransactions.IMPSP2PBeneficiaryPaymentConfirmation(FinancialTransactions.java:103)
	at sun.reflect.NativeMethodAccessorImpl.invoke0(Native Method)
	at sun.reflect.NativeMethodAccessorImpl.invoke(NativeMethodAccessorImpl.java:62)
	at sun.reflect.DelegatingMethodAccessorImpl.invoke(DelegatingMethodAccessorImpl.java:43)
	at java.lang.reflect.Method.invoke(Method.java:498)
	at org.testng.internal.MethodInvocationHelper.invokeMethod(MethodInvocationHelper.java:108)
	at org.testng.internal.Invoker.invokeMethod(Invoker.java:669)
	at org.testng.internal.Invoker.invokeTestMethod(Invoker.java:877)
	at org.testng.internal.Invoker.invokeTestMethods(Invoker.java:1201)
	at org.testng.internal.TestMethodWorker.invokeTestMethods(TestMethodWorker.java:125)
	at org.testng.internal.TestMethodWorker.run(TestMethodWorker.java:109)
	at org.testng.TestRunner.privateRun(TestRunner.java:776)
	at org.testng.TestRunner.run(TestRunner.java:634)
	at org.testng.SuiteRunner.runTest(SuiteRunner.java:425)
	at org.testng.SuiteRunner.runSequentially(SuiteRunner.java:420)
	at org.testng.SuiteRunner.privateRun(SuiteRunner.java:385)
	at org.testng.SuiteRunner.run(SuiteRunner.java:334)
	at org.testng.SuiteRunnerWorker.runSuite(SuiteRunnerWorker.java:52)
	at org.testng.SuiteRunnerWorker.run(SuiteRunnerWorker.java:86)
	at org.testng.TestNG.runSuitesSequentially(TestNG.java:1318)
	at org.testng.TestNG.runSuitesLocally(TestNG.java:1243)
	at org.testng.TestNG.runSuites(TestNG.java:1161)
	at org.testng.TestNG.run(TestNG.java:1129)
	at org.testng.remote.AbstractRemoteTestNG.run(AbstractRemoteTestNG.java:114)
	at org.testng.remote.RemoteTestNG.initAndRun(RemoteTestNG.java:251)
	at org.testng.remote.RemoteTestNG.main(RemoteTestNG.java:77)
]]>
            </full-stacktrace>
          </exception> <!-- java.lang.AssertionError -->
          <reporter-output>
          </reporter-output>
        </test-method> <!-- IMPSP2PBeneficiaryPaymentConfirmation -->
        <test-method status="PASS" signature="beforeMethod(java.lang.reflect.Method)[pri:0, instance:mBankingControlCenter.FinancialTransactions@1bf57b3]" name="beforeMethod" is-config="true" duration-ms="0" started-at="2018-03-20T16:17:53Z" finished-at="2018-03-20T16:17:53Z">
          <params>
            <param index="0">
              <value>
                <![CDATA[public void mBankingControlCenter.FinancialTransactions.IMPSP2PBeneficiaryPaymentConfirmation() throws java.io.IOException,java.sql.SQLException]]>
              </value>
            </param>
          </params>
          <reporter-output>
          </reporter-output>
        </test-method> <!-- beforeMethod -->
        <test-method status="PASS" signature="getResult(org.testng.ITestResult)[pri:0, instance:mBankingControlCenter.FinancialTransactions@1bf57b3]" name="getResult" is-config="true" duration-ms="0" started-at="2018-03-20T16:19:43Z" finished-at="2018-03-20T16:19:43Z">
          <params>
            <param index="0">
              <value>
                <![CDATA[[TestResult name=IMPSP2PBeneficiaryPaymentConfirmation status=FAILURE method=FinancialTransactions.IMPSP2PBeneficiaryPaymentConfirmation()[pri:0, instance:mBankingControlCenter.FinancialTransactions@1bf57b3] output={null}]]]>
              </value>
            </param>
          </params>
          <reporter-output>
          </reporter-output>
        </test-method> <!-- getResult -->
        <test-method status="PASS" signature="beforeMethod(java.lang.reflect.Method)[pri:0, instance:mBankingControlCenter.FinancialTransactions@1bf57b3]" name="beforeMethod" is-config="true" duration-ms="0" started-at="2018-03-20T16:19:43Z" finished-at="2018-03-20T16:19:43Z">
          <params>
            <param index="0">
              <value>
                <![CDATA[public void mBankingControlCenter.FinancialTransactions.IMPSP2PBeneficiaryPaymentListenquiry() throws java.io.IOException,java.sql.SQLException]]>
              </value>
            </param>
          </params>
          <reporter-output>
          </reporter-output>
        </test-method> <!-- beforeMethod -->
        <test-method status="FAIL" signature="IMPSP2PBeneficiaryPaymentListenquiry()[pri:0, instance:mBankingControlCenter.FinancialTransactions@1bf57b3]" name="IMPSP2PBeneficiaryPaymentListenquiry" duration-ms="1272" started-at="2018-03-20T16:19:43Z" finished-at="2018-03-20T16:19:45Z">
          <exception class="java.lang.AssertionError">
            <message>
              <![CDATA[expected [true] but found [false]]]>
            </message>
            <full-stacktrace>
              <![CDATA[java.lang.AssertionError: expected [true] but found [false]
	at org.testng.Assert.fail(Assert.java:93)
	at org.testng.Assert.failNotEquals(Assert.java:512)
	at org.testng.Assert.assertTrue(Assert.java:41)
	at org.testng.Assert.assertTrue(Assert.java:51)
	at mBankingUtilityCenter.ExtentManager.assertResponse(ExtentManager.java:133)
	at mBankingControlCenter.FinancialTransactions.IMPSP2PBeneficiaryPaymentListenquiry(FinancialTransactions.java:96)
	at sun.reflect.NativeMethodAccessorImpl.invoke0(Native Method)
	at sun.reflect.NativeMethodAccessorImpl.invoke(NativeMethodAccessorImpl.java:62)
	at sun.reflect.DelegatingMethodAccessorImpl.invoke(DelegatingMethodAccessorImpl.java:43)
	at java.lang.reflect.Method.invoke(Method.java:498)
	at org.testng.internal.MethodInvocationHelper.invokeMethod(MethodInvocationHelper.java:108)
	at org.testng.internal.Invoker.invokeMethod(Invoker.java:669)
	at org.testng.internal.Invoker.invokeTestMethod(Invoker.java:877)
	at org.testng.internal.Invoker.invokeTestMethods(Invoker.java:1201)
	at org.testng.internal.TestMethodWorker.invokeTestMethods(TestMethodWorker.java:125)
	at org.testng.internal.TestMethodWorker.run(TestMethodWorker.java:109)
	at org.testng.TestRunner.privateRun(TestRunner.java:776)
	at org.testng.TestRunner.run(TestRunner.java:634)
	at org.testng.SuiteRunner.runTest(SuiteRunner.java:425)
	at org.testng.SuiteRunner.runSequentially(SuiteRunner.java:420)
	at org.testng.SuiteRunner.privateRun(SuiteRunner.java:385)
	at org.testng.SuiteRunner.run(SuiteRunner.java:334)
	at org.testng.SuiteRunnerWorker.runSuite(SuiteRunnerWorker.java:52)
	at org.testng.SuiteRunnerWorker.run(SuiteRunnerWorker.java:86)
	at org.testng.TestNG.runSuitesSequentially(TestNG.java:1318)
	at org.testng.TestNG.runSuitesLocally(TestNG.java:1243)
	at org.testng.TestNG.runSuites(TestNG.java:1161)
	at org.testng.TestNG.run(TestNG.java:1129)
	at org.testng.remote.AbstractRemoteTestNG.run(AbstractRemoteTestNG.java:114)
	at org.testng.remote.RemoteTestNG.initAndRun(RemoteTestNG.java:251)
	at org.testng.remote.RemoteTestNG.main(RemoteTestNG.java:77)
]]>
            </full-stacktrace>
          </exception> <!-- java.lang.AssertionError -->
          <reporter-output>
          </reporter-output>
        </test-method> <!-- IMPSP2PBeneficiaryPaymentListenquiry -->
        <test-method status="PASS" signature="getResult(org.testng.ITestResult)[pri:0, instance:mBankingControlCenter.FinancialTransactions@1bf57b3]" name="getResult" is-config="true" duration-ms="0" started-at="2018-03-20T16:19:45Z" finished-at="2018-03-20T16:19:45Z">
          <params>
            <param index="0">
              <value>
                <![CDATA[[TestResult name=IMPSP2PBeneficiaryPaymentListenquiry status=FAILURE method=FinancialTransactions.IMPSP2PBeneficiaryPaymentListenquiry()[pri:0, instance:mBankingControlCenter.FinancialTransactions@1bf57b3] output={null}]]]>
              </value>
            </param>
          </params>
          <reporter-output>
          </reporter-output>
        </test-method> <!-- getResult -->
        <test-method status="FAIL" signature="IMPSP2PBeneficiarySearchListenquiry()[pri:0, instance:mBankingControlCenter.FinancialTransactions@1bf57b3]" name="IMPSP2PBeneficiarySearchListenquiry" duration-ms="1289" started-at="2018-03-20T16:19:45Z" finished-at="2018-03-20T16:19:46Z">
          <exception class="java.lang.AssertionError">
            <message>
              <![CDATA[expected [true] but found [false]]]>
            </message>
            <full-stacktrace>
              <![CDATA[java.lang.AssertionError: expected [true] but found [false]
	at org.testng.Assert.fail(Assert.java:93)
	at org.testng.Assert.failNotEquals(Assert.java:512)
	at org.testng.Assert.assertTrue(Assert.java:41)
	at org.testng.Assert.assertTrue(Assert.java:51)
	at mBankingUtilityCenter.ExtentManager.assertResponse(ExtentManager.java:133)
	at mBankingControlCenter.FinancialTransactions.IMPSP2PBeneficiarySearchListenquiry(FinancialTransactions.java:75)
	at sun.reflect.NativeMethodAccessorImpl.invoke0(Native Method)
	at sun.reflect.NativeMethodAccessorImpl.invoke(NativeMethodAccessorImpl.java:62)
	at sun.reflect.DelegatingMethodAccessorImpl.invoke(DelegatingMethodAccessorImpl.java:43)
	at java.lang.reflect.Method.invoke(Method.java:498)
	at org.testng.internal.MethodInvocationHelper.invokeMethod(MethodInvocationHelper.java:108)
	at org.testng.internal.Invoker.invokeMethod(Invoker.java:669)
	at org.testng.internal.Invoker.invokeTestMethod(Invoker.java:877)
	at org.testng.internal.Invoker.invokeTestMethods(Invoker.java:1201)
	at org.testng.internal.TestMethodWorker.invokeTestMethods(TestMethodWorker.java:125)
	at org.testng.internal.TestMethodWorker.run(TestMethodWorker.java:109)
	at org.testng.TestRunner.privateRun(TestRunner.java:776)
	at org.testng.TestRunner.run(TestRunner.java:634)
	at org.testng.SuiteRunner.runTest(SuiteRunner.java:425)
	at org.testng.SuiteRunner.runSequentially(SuiteRunner.java:420)
	at org.testng.SuiteRunner.privateRun(SuiteRunner.java:385)
	at org.testng.SuiteRunner.run(SuiteRunner.java:334)
	at org.testng.SuiteRunnerWorker.runSuite(SuiteRunnerWorker.java:52)
	at org.testng.SuiteRunnerWorker.run(SuiteRunnerWorker.java:86)
	at org.testng.TestNG.runSuitesSequentially(TestNG.java:1318)
	at org.testng.TestNG.runSuitesLocally(TestNG.java:1243)
	at org.testng.TestNG.runSuites(TestNG.java:1161)
	at org.testng.TestNG.run(TestNG.java:1129)
	at org.testng.remote.AbstractRemoteTestNG.run(AbstractRemoteTestNG.java:114)
	at org.testng.remote.RemoteTestNG.initAndRun(RemoteTestNG.java:251)
	at org.testng.remote.RemoteTestNG.main(RemoteTestNG.java:77)
]]>
            </full-stacktrace>
          </exception> <!-- java.lang.AssertionError -->
          <reporter-output>
          </reporter-output>
        </test-method> <!-- IMPSP2PBeneficiarySearchListenquiry -->
        <test-method status="PASS" signature="beforeMethod(java.lang.reflect.Method)[pri:0, instance:mBankingControlCenter.FinancialTransactions@1bf57b3]" name="beforeMethod" is-config="true" duration-ms="0" started-at="2018-03-20T16:19:45Z" finished-at="2018-03-20T16:19:45Z">
          <params>
            <param index="0">
              <value>
                <![CDATA[public void mBankingControlCenter.FinancialTransactions.IMPSP2PBeneficiarySearchListenquiry() throws java.io.IOException,java.sql.SQLException]]>
              </value>
            </param>
          </params>
          <reporter-output>
          </reporter-output>
        </test-method> <!-- beforeMethod -->
        <test-method status="PASS" signature="getResult(org.testng.ITestResult)[pri:0, instance:mBankingControlCenter.FinancialTransactions@1bf57b3]" name="getResult" is-config="true" duration-ms="1" started-at="2018-03-20T16:19:46Z" finished-at="2018-03-20T16:19:46Z">
          <params>
            <param index="0">
              <value>
                <![CDATA[[TestResult name=IMPSP2PBeneficiarySearchListenquiry status=FAILURE method=FinancialTransactions.IMPSP2PBeneficiarySearchListenquiry()[pri:0, instance:mBankingControlCenter.FinancialTransactions@1bf57b3] output={null}]]]>
              </value>
            </param>
          </params>
          <reporter-output>
          </reporter-output>
        </test-method> <!-- getResult -->
        <test-method status="PASS" signature="beforeMethod(java.lang.reflect.Method)[pri:0, instance:mBankingControlCenter.FinancialTransactions@1bf57b3]" name="beforeMethod" is-config="true" duration-ms="0" started-at="2018-03-20T16:19:46Z" finished-at="2018-03-20T16:19:46Z">
          <params>
            <param index="0">
              <value>
                <![CDATA[public void mBankingControlCenter.FinancialTransactions.IMPSP2PDeleteBeneficiaryConfirmation() throws java.io.IOException,java.sql.SQLException]]>
              </value>
            </param>
          </params>
          <reporter-output>
          </reporter-output>
        </test-method> <!-- beforeMethod -->
        <test-method status="PASS" signature="IMPSP2PDeleteBeneficiaryConfirmation()[pri:0, instance:mBankingControlCenter.FinancialTransactions@1bf57b3]" name="IMPSP2PDeleteBeneficiaryConfirmation" duration-ms="1178" started-at="2018-03-20T16:19:46Z" finished-at="2018-03-20T16:19:47Z">
          <reporter-output>
          </reporter-output>
        </test-method> <!-- IMPSP2PDeleteBeneficiaryConfirmation -->
        <test-method status="PASS" signature="getResult(org.testng.ITestResult)[pri:0, instance:mBankingControlCenter.FinancialTransactions@1bf57b3]" name="getResult" is-config="true" duration-ms="0" started-at="2018-03-20T16:19:47Z" finished-at="2018-03-20T16:19:47Z">
          <params>
            <param index="0">
              <value>
                <![CDATA[[TestResult name=IMPSP2PDeleteBeneficiaryConfirmation status=SUCCESS method=FinancialTransactions.IMPSP2PDeleteBeneficiaryConfirmation()[pri:0, instance:mBankingControlCenter.FinancialTransactions@1bf57b3] output={null}]]]>
              </value>
            </param>
          </params>
          <reporter-output>
          </reporter-output>
        </test-method> <!-- getResult -->
        <test-method status="PASS" signature="IMPSP2PDeleteBeneficiaryListenquiry()[pri:0, instance:mBankingControlCenter.FinancialTransactions@1bf57b3]" name="IMPSP2PDeleteBeneficiaryListenquiry" duration-ms="1791" started-at="2018-03-20T16:19:47Z" finished-at="2018-03-20T16:19:49Z">
          <reporter-output>
          </reporter-output>
        </test-method> <!-- IMPSP2PDeleteBeneficiaryListenquiry -->
        <test-method status="PASS" signature="beforeMethod(java.lang.reflect.Method)[pri:0, instance:mBankingControlCenter.FinancialTransactions@1bf57b3]" name="beforeMethod" is-config="true" duration-ms="0" started-at="2018-03-20T16:19:47Z" finished-at="2018-03-20T16:19:47Z">
          <params>
            <param index="0">
              <value>
                <![CDATA[public void mBankingControlCenter.FinancialTransactions.IMPSP2PDeleteBeneficiaryListenquiry() throws java.io.IOException,java.sql.SQLException]]>
              </value>
            </param>
          </params>
          <reporter-output>
          </reporter-output>
        </test-method> <!-- beforeMethod -->
        <test-method status="PASS" signature="getResult(org.testng.ITestResult)[pri:0, instance:mBankingControlCenter.FinancialTransactions@1bf57b3]" name="getResult" is-config="true" duration-ms="0" started-at="2018-03-20T16:19:49Z" finished-at="2018-03-20T16:19:49Z">
          <params>
            <param index="0">
              <value>
                <![CDATA[[TestResult name=IMPSP2PDeleteBeneficiaryListenquiry status=SUCCESS method=FinancialTransactions.IMPSP2PDeleteBeneficiaryListenquiry()[pri:0, instance:mBankingControlCenter.FinancialTransactions@1bf57b3] output={null}]]]>
              </value>
            </param>
          </params>
          <reporter-output>
          </reporter-output>
        </test-method> <!-- getResult -->
        <test-method status="FAIL" signature="IMPSP2PInstantPayment()[pri:0, instance:mBankingControlCenter.FinancialTransactions@1bf57b3]" name="IMPSP2PInstantPayment" duration-ms="110074" started-at="2018-03-20T16:19:49Z" finished-at="2018-03-20T16:21:39Z">
          <exception class="java.lang.AssertionError">
            <message>
              <![CDATA[expected [true] but found [false]]]>
            </message>
            <full-stacktrace>
              <![CDATA[java.lang.AssertionError: expected [true] but found [false]
	at org.testng.Assert.fail(Assert.java:93)
	at org.testng.Assert.failNotEquals(Assert.java:512)
	at org.testng.Assert.assertTrue(Assert.java:41)
	at org.testng.Assert.assertTrue(Assert.java:51)
	at mBankingUtilityCenter.ExtentManager.assertResponse(ExtentManager.java:133)
	at mBankingControlCenter.FinancialTransactions.IMPSP2PInstantPayment(FinancialTransactions.java:32)
	at sun.reflect.NativeMethodAccessorImpl.invoke0(Native Method)
	at sun.reflect.NativeMethodAccessorImpl.invoke(NativeMethodAccessorImpl.java:62)
	at sun.reflect.DelegatingMethodAccessorImpl.invoke(DelegatingMethodAccessorImpl.java:43)
	at java.lang.reflect.Method.invoke(Method.java:498)
	at org.testng.internal.MethodInvocationHelper.invokeMethod(MethodInvocationHelper.java:108)
	at org.testng.internal.Invoker.invokeMethod(Invoker.java:669)
	at org.testng.internal.Invoker.invokeTestMethod(Invoker.java:877)
	at org.testng.internal.Invoker.invokeTestMethods(Invoker.java:1201)
	at org.testng.internal.TestMethodWorker.invokeTestMethods(TestMethodWorker.java:125)
	at org.testng.internal.TestMethodWorker.run(TestMethodWorker.java:109)
	at org.testng.TestRunner.privateRun(TestRunner.java:776)
	at org.testng.TestRunner.run(TestRunner.java:634)
	at org.testng.SuiteRunner.runTest(SuiteRunner.java:425)
	at org.testng.SuiteRunner.runSequentially(SuiteRunner.java:420)
	at org.testng.SuiteRunner.privateRun(SuiteRunner.java:385)
	at org.testng.SuiteRunner.run(SuiteRunner.java:334)
	at org.testng.SuiteRunnerWorker.runSuite(SuiteRunnerWorker.java:52)
	at org.testng.SuiteRunnerWorker.run(SuiteRunnerWorker.java:86)
	at org.testng.TestNG.runSuitesSequentially(TestNG.java:1318)
	at org.testng.TestNG.runSuitesLocally(TestNG.java:1243)
	at org.testng.TestNG.runSuites(TestNG.java:1161)
	at org.testng.TestNG.run(TestNG.java:1129)
	at org.testng.remote.AbstractRemoteTestNG.run(AbstractRemoteTestNG.java:114)
	at org.testng.remote.RemoteTestNG.initAndRun(RemoteTestNG.java:251)
	at org.testng.remote.RemoteTestNG.main(RemoteTestNG.java:77)
]]>
            </full-stacktrace>
          </exception> <!-- java.lang.AssertionError -->
          <reporter-output>
          </reporter-output>
        </test-method> <!-- IMPSP2PInstantPayment -->
        <test-method status="PASS" signature="beforeMethod(java.lang.reflect.Method)[pri:0, instance:mBankingControlCenter.FinancialTransactions@1bf57b3]" name="beforeMethod" is-config="true" duration-ms="0" started-at="2018-03-20T16:19:49Z" finished-at="2018-03-20T16:19:49Z">
          <params>
[...]
              </value>
            </param>
          </params>
          <reporter-output>
          </reporter-output>
        </test-method> <!-- beforeMethod -->
        <test-method status="FAIL" signature="m2mBenReg()[pri:0, instance:mBankingControlCenter.PaymentTransactions@dd9eb7]" name="m2mBenReg" duration-ms="450" started-at="2018-03-20T16:22:06Z" finished-at="2018-03-20T16:22:06Z">
          <exception class="java.lang.AssertionError">
            <message>
              <![CDATA[expected [true] but found [false]]]>
            </message>
            <full-stacktrace>
              <![CDATA[java.lang.AssertionError: expected [true] but found [false]
	at org.testng.Assert.fail(Assert.java:93)
	at org.testng.Assert.failNotEquals(Assert.java:512)
	at org.testng.Assert.assertTrue(Assert.java:41)
	at org.testng.Assert.assertTrue(Assert.java:51)
	at mBankingUtilityCenter.ExtentManager.assertResponse(ExtentManager.java:133)
	at mBankingControlCenter.PaymentTransactions.m2mBenReg(PaymentTransactions.java:167)
	at sun.reflect.NativeMethodAccessorImpl.invoke0(Native Method)
	at sun.reflect.NativeMethodAccessorImpl.invoke(NativeMethodAccessorImpl.java:62)
	at sun.reflect.DelegatingMethodAccessorImpl.invoke(DelegatingMethodAccessorImpl.java:43)
	at java.lang.reflect.Method.invoke(Method.java:498)
	at org.testng.internal.MethodInvocationHelper.invokeMethod(MethodInvocationHelper.java:108)
	at org.testng.internal.Invoker.invokeMethod(Invoker.java:669)
	at org.testng.internal.Invoker.invokeTestMethod(Invoker.java:877)
	at org.testng.internal.Invoker.invokeTestMethods(Invoker.java:1201)
	at org.testng.internal.TestMethodWorker.invokeTestMethods(TestMethodWorker.java:125)
	at org.testng.internal.TestMethodWorker.run(TestMethodWorker.java:109)
	at org.testng.TestRunner.privateRun(TestRunner.java:776)
	at org.testng.TestRunner.run(TestRunner.java:634)
	at org.testng.SuiteRunner.runTest(SuiteRunner.java:425)
	at org.testng.SuiteRunner.runSequentially(SuiteRunner.java:420)
	at org.testng.SuiteRunner.privateRun(SuiteRunner.java:385)
	at org.testng.SuiteRunner.run(SuiteRunner.java:334)
	at org.testng.SuiteRunnerWorker.runSuite(SuiteRunnerWorker.java:52)
	at org.testng.SuiteRunnerWorker.run(SuiteRunnerWorker.java:86)
	at org.testng.TestNG.runSuitesSequentially(TestNG.java:1318)
	at org.testng.TestNG.runSuitesLocally(TestNG.java:1243)
	at org.testng.TestNG.runSuites(TestNG.java:1161)
	at org.testng.TestNG.run(TestNG.java:1129)
	at org.testng.remote.AbstractRemoteTestNG.run(AbstractRemoteTestNG.java:114)
	at org.testng.remote.RemoteTestNG.initAndRun(RemoteTestNG.java:251)
	at org.testng.remote.RemoteTestNG.main(RemoteTestNG.java:77)
]]>
            </full-stacktrace>
          </exception> <!-- java.lang.AssertionError -->
          <reporter-output>
          </reporter-output>
        </test-method> <!-- m2mBenReg -->
        <test-method status="PASS" signature="getResult(org.testng.ITestResult)[pri:0, instance:mBankingControlCenter.PaymentTransactions@dd9eb7]" name="getResult" is-config="true" duration-ms="1" started-at="2018-03-20T16:22:06Z" finished-at="2018-03-20T16:22:06Z">
          <params>
            <param index="0">
              <value>
                <![CDATA[[TestResult name=m2mBenReg status=FAILURE method=PaymentTransactions.m2mBenReg()[pri:0, instance:mBankingControlCenter.PaymentTransactions@dd9eb7] output={null}]]]>
              </value>
            </param>
          </params>
          <reporter-output>
          </reporter-output>
        </test-method> <!-- getResult -->
        <test-method status="PASS" signature="beforeMethod(java.lang.reflect.Method)[pri:0, instance:mBankingControlCenter.PaymentTransactions@dd9eb7]" name="beforeMethod" is-config="true" duration-ms="1" started-at="2018-03-20T16:22:06Z" finished-at="2018-03-20T16:22:06Z">
          <params>
            <param index="0">
              <value>
                <![CDATA[public void mBankingControlCenter.PaymentTransactions.m2mQuickFT() throws java.io.IOException,java.sql.SQLException]]>
              </value>
            </param>
          </params>
          <reporter-output>
          </reporter-output>
        </test-method> <!-- beforeMethod -->
        <test-method status="FAIL" signature="m2mQuickFT()[pri:0, instance:mBankingControlCenter.PaymentTransactions@dd9eb7]" name="m2mQuickFT" duration-ms="1222" started-at="2018-03-20T16:22:06Z" finished-at="2018-03-20T16:22:07Z">
          <exception class="java.lang.AssertionError">
            <message>
              <![CDATA[expected [true] but found [false]]]>
            </message>
            <full-stacktrace>
              <![CDATA[java.lang.AssertionError: expected [true] but found [false]
	at org.testng.Assert.fail(Assert.java:93)
	at org.testng.Assert.failNotEquals(Assert.java:512)
	at org.testng.Assert.assertTrue(Assert.java:41)
	at org.testng.Assert.assertTrue(Assert.java:51)
	at mBankingUtilityCenter.ExtentManager.assertResponse(ExtentManager.java:133)
	at mBankingControlCenter.PaymentTransactions.m2mQuickFT(PaymentTransactions.java:154)
	at sun.reflect.NativeMethodAccessorImpl.invoke0(Native Method)
	at sun.reflect.NativeMethodAccessorImpl.invoke(NativeMethodAccessorImpl.java:62)
	at sun.reflect.DelegatingMethodAccessorImpl.invoke(DelegatingMethodAccessorImpl.java:43)
	at java.lang.reflect.Method.invoke(Method.java:498)
	at org.testng.internal.MethodInvocationHelper.invokeMethod(MethodInvocationHelper.java:108)
	at org.testng.internal.Invoker.invokeMethod(Invoker.java:669)
	at org.testng.internal.Invoker.invokeTestMethod(Invoker.java:877)
	at org.testng.internal.Invoker.invokeTestMethods(Invoker.java:1201)
	at org.testng.internal.TestMethodWorker.invokeTestMethods(TestMethodWorker.java:125)
	at org.testng.internal.TestMethodWorker.run(TestMethodWorker.java:109)
	at org.testng.TestRunner.privateRun(TestRunner.java:776)
	at org.testng.TestRunner.run(TestRunner.java:634)
	at org.testng.SuiteRunner.runTest(SuiteRunner.java:425)
	at org.testng.SuiteRunner.runSequentially(SuiteRunner.java:420)
	at org.testng.SuiteRunner.privateRun(SuiteRunner.java:385)
	at org.testng.SuiteRunner.run(SuiteRunner.java:334)
	at org.testng.SuiteRunnerWorker.runSuite(SuiteRunnerWorker.java:52)
	at org.testng.SuiteRunnerWorker.run(SuiteRunnerWorker.java:86)
	at org.testng.TestNG.runSuitesSequentially(TestNG.java:1318)
	at org.testng.TestNG.runSuitesLocally(TestNG.java:1243)
	at org.testng.TestNG.runSuites(TestNG.java:1161)
	at org.testng.TestNG.run(TestNG.java:1129)
	at org.testng.remote.AbstractRemoteTestNG.run(AbstractRemoteTestNG.java:114)
	at org.testng.remote.RemoteTestNG.initAndRun(RemoteTestNG.java:251)
	at org.testng.remote.RemoteTestNG.main(RemoteTestNG.java:77)
]]>
            </full-stacktrace>
          </exception> <!-- java.lang.AssertionError -->
          <reporter-output>
          </reporter-output>
        </test-method> <!-- m2mQuickFT -->
        <test-method status="PASS" signature="getResult(org.testng.ITestResult)[pri:0, instance:mBankingControlCenter.PaymentTransactions@dd9eb7]" name="getResult" is-config="true" duration-ms="1" started-at="2018-03-20T16:22:07Z" finished-at="2018-03-20T16:22:07Z">
          <params>
            <param index="0">
              <value>
                <![CDATA[[TestResult name=m2mQuickFT status=FAILURE method=PaymentTransactions.m2mQuickFT()[pri:0, instance:mBankingControlCenter.PaymentTransactions@dd9eb7] output={null}]]]>
              </value>
            </param>
          </params>
          <reporter-output>
          </reporter-output>
        </test-method> <!-- getResult -->
        <test-method status="PASS" signature="beforeMethod(java.lang.reflect.Method)[pri:0, instance:mBankingControlCenter.PaymentTransactions@dd9eb7]" name="beforeMethod" is-config="true" duration-ms="1" started-at="2018-03-20T16:22:07Z" finished-at="2018-03-20T16:22:07Z">
          <params>
            <param index="0">
              <value>
                <![CDATA[public void mBankingControlCenter.PaymentTransactions.m2mRegbensearch() throws java.io.IOException,java.sql.SQLException]]>
              </value>
            </param>
          </params>
          <reporter-output>
          </reporter-output>
        </test-method> <!-- beforeMethod -->
        <test-method status="FAIL" signature="m2mRegbensearch()[pri:0, instance:mBankingControlCenter.PaymentTransactions@dd9eb7]" name="m2mRegbensearch" duration-ms="453" started-at="2018-03-20T16:22:07Z" finished-at="2018-03-20T16:22:08Z">
          <exception class="java.lang.AssertionError">
            <message>
              <![CDATA[expected [true] but found [false]]]>
            </message>
            <full-stacktrace>
              <![CDATA[java.lang.AssertionError: expected [true] but found [false]
	at org.testng.Assert.fail(Assert.java:93)
	at org.testng.Assert.failNotEquals(Assert.java:512)
	at org.testng.Assert.assertTrue(Assert.java:41)
	at org.testng.Assert.assertTrue(Assert.java:51)
	at mBankingUtilityCenter.ExtentManager.assertResponse(ExtentManager.java:133)
	at mBankingControlCenter.PaymentTransactions.m2mRegbensearch(PaymentTransactions.java:173)
	at sun.reflect.NativeMethodAccessorImpl.invoke0(Native Method)
	at sun.reflect.NativeMethodAccessorImpl.invoke(NativeMethodAccessorImpl.java:62)
	at sun.reflect.DelegatingMethodAccessorImpl.invoke(DelegatingMethodAccessorImpl.java:43)
	at java.lang.reflect.Method.invoke(Method.java:498)
	at org.testng.internal.MethodInvocationHelper.invokeMethod(MethodInvocationHelper.java:108)
	at org.testng.internal.Invoker.invokeMethod(Invoker.java:669)
	at org.testng.internal.Invoker.invokeTestMethod(Invoker.java:877)
	at org.testng.internal.Invoker.invokeTestMethods(Invoker.java:1201)
	at org.testng.internal.TestMethodWorker.invokeTestMethods(TestMethodWorker.java:125)
	at org.testng.internal.TestMethodWorker.run(TestMethodWorker.java:109)
	at org.testng.TestRunner.privateRun(TestRunner.java:776)
	at org.testng.TestRunner.run(TestRunner.java:634)
	at org.testng.SuiteRunner.runTest(SuiteRunner.java:425)
	at org.testng.SuiteRunner.runSequentially(SuiteRunner.java:420)
	at org.testng.SuiteRunner.privateRun(SuiteRunner.java:385)
	at org.testng.SuiteRunner.run(SuiteRunner.java:334)
	at org.testng.SuiteRunnerWorker.runSuite(SuiteRunnerWorker.java:52)
	at org.testng.SuiteRunnerWorker.run(SuiteRunnerWorker.java:86)
	at org.testng.TestNG.runSuitesSequentially(TestNG.java:1318)
	at org.testng.TestNG.runSuitesLocally(TestNG.java:1243)
	at org.testng.TestNG.runSuites(TestNG.java:1161)
	at org.testng.TestNG.run(TestNG.java:1129)
	at org.testng.remote.AbstractRemoteTestNG.run(AbstractRemoteTestNG.java:114)
	at org.testng.remote.RemoteTestNG.initAndRun(RemoteTestNG.java:251)
	at org.testng.remote.RemoteTestNG.main(RemoteTestNG.java:77)
]]>
            </full-stacktrace>
          </exception> <!-- java.lang.AssertionError -->
          <reporter-output>
          </reporter-output>
        </test-method> <!-- m2mRegbensearch -->
        <test-method status="PASS" signature="getResult(org.testng.ITestResult)[pri:0, instance:mBankingControlCenter.PaymentTransactions@dd9eb7]" name="getResult" is-config="true" duration-ms="1" started-at="2018-03-20T16:22:08Z" finished-at="2018-03-20T16:22:08Z">
          <params>
            <param index="0">
              <value>
                <![CDATA[[TestResult name=m2mRegbensearch status=FAILURE method=PaymentTransactions.m2mRegbensearch()[pri:0, instance:mBankingControlCenter.PaymentTransactions@dd9eb7] output={null}]]]>
              </value>
            </param>
          </params>
          <reporter-output>
          </reporter-output>
        </test-method> <!-- getResult -->
        <test-method status="PASS" signature="beforeMethod(java.lang.reflect.Method)[pri:0, instance:mBankingControlCenter.PaymentTransactions@dd9eb7]" name="beforeMethod" is-config="true" duration-ms="1" started-at="2018-03-20T16:22:08Z" finished-at="2018-03-20T16:22:08Z">
          <params>
            <param index="0">
              <value>
                <![CDATA[public void mBankingControlCenter.PaymentTransactions.m2mbendelsearch() throws java.io.IOException,java.sql.SQLException]]>
              </value>
            </param>
          </params>
          <reporter-output>
          </reporter-output>
        </test-method> <!-- beforeMethod -->
        <test-method status="PASS" signature="m2mbendelsearch()[pri:0, instance:mBankingControlCenter.PaymentTransactions@dd9eb7]" name="m2mbendelsearch" duration-ms="1391" started-at="2018-03-20T16:22:08Z" finished-at="2018-03-20T16:22:09Z">
          <reporter-output>
          </reporter-output>
        </test-method> <!-- m2mbendelsearch -->
        <test-method status="PASS" signature="getResult(org.testng.ITestResult)[pri:0, instance:mBankingControlCenter.PaymentTransactions@dd9eb7]" name="getResult" is-config="true" duration-ms="0" started-at="2018-03-20T16:22:09Z" finished-at="2018-03-20T16:22:09Z">
          <params>
            <param index="0">
              <value>
                <![CDATA[[TestResult name=m2mbendelsearch status=SUCCESS method=PaymentTransactions.m2mbendelsearch()[pri:0, instance:mBankingControlCenter.PaymentTransactions@dd9eb7] output={null}]]]>
              </value>
            </param>
          </params>
          <reporter-output>
          </reporter-output>
        </test-method> <!-- getResult -->
        <test-method status="FAIL" signature="m2mbenpayment()[pri:0, instance:mBankingControlCenter.PaymentTransactions@dd9eb7]" name="m2mbenpayment" duration-ms="538" started-at="2018-03-20T16:22:09Z" finished-at="2018-03-20T16:22:10Z">
          <exception class="java.lang.AssertionError">
            <message>
              <![CDATA[expected [true] but found [false]]]>
            </message>
            <full-stacktrace>
              <![CDATA[java.lang.AssertionError: expected [true] but found [false]
	at org.testng.Assert.fail(Assert.java:93)
	at org.testng.Assert.failNotEquals(Assert.java:512)
	at org.testng.Assert.assertTrue(Assert.java:41)
	at org.testng.Assert.assertTrue(Assert.java:51)
	at mBankingUtilityCenter.ExtentManager.assertResponse(ExtentManager.java:133)
	at mBankingControlCenter.PaymentTransactions.m2mbenpayment(PaymentTransactions.java:179)
	at sun.reflect.NativeMethodAccessorImpl.invoke0(Native Method)
	at sun.reflect.NativeMethodAccessorImpl.invoke(NativeMethodAccessorImpl.java:62)
	at sun.reflect.DelegatingMethodAccessorImpl.invoke(DelegatingMethodAccessorImpl.java:43)
	at java.lang.reflect.Method.invoke(Method.java:498)
	at org.testng.internal.MethodInvocationHelper.invokeMethod(MethodInvocationHelper.java:108)
	at org.testng.internal.Invoker.invokeMethod(Invoker.java:669)
	at org.testng.internal.Invoker.invokeTestMethod(Invoker.java:877)
	at org.testng.internal.Invoker.invokeTestMethods(Invoker.java:1201)
	at org.testng.internal.TestMethodWorker.invokeTestMethods(TestMethodWorker.java:125)
	at org.testng.internal.TestMethodWorker.run(TestMethodWorker.java:109)
	at org.testng.TestRunner.privateRun(TestRunner.java:776)
	at org.testng.TestRunner.run(TestRunner.java:634)
	at org.testng.SuiteRunner.runTest(SuiteRunner.java:425)
	at org.testng.SuiteRunner.runSequentially(SuiteRunner.java:420)
	at org.testng.SuiteRunner.privateRun(SuiteRunner.java:385)
	at org.testng.SuiteRunner.run(SuiteRunner.java:334)
	at org.testng.SuiteRunnerWorker.runSuite(SuiteRunnerWorker.java:52)
	at org.testng.SuiteRunnerWorker.run(SuiteRunnerWorker.java:86)
	at org.testng.TestNG.runSuitesSequentially(TestNG.java:1318)
	at org.testng.TestNG.runSuitesLocally(TestNG.java:1243)
	at org.testng.TestNG.runSuites(TestNG.java:1161)
	at org.testng.TestNG.run(TestNG.java:1129)
	at org.testng.remote.AbstractRemoteTestNG.run(AbstractRemoteTestNG.java:114)
	at org.testng.remote.RemoteTestNG.initAndRun(RemoteTestNG.java:251)
	at org.testng.remote.RemoteTestNG.main(RemoteTestNG.java:77)
]]>
            </full-stacktrace>
          </exception> <!-- java.lang.AssertionError -->
          <reporter-output>
          </reporter-output>
        </test-method> <!-- m2mbenpayment -->
        <test-method status="PASS" signature="beforeMethod(java.lang.reflect.Method)[pri:0, instance:mBankingControlCenter.PaymentTransactions@dd9eb7]" name="beforeMethod" is-config="true" duration-ms="0" started-at="2018-03-20T16:22:09Z" finished-at="2018-03-20T16:22:09Z">
          <params>
            <param index="0">
              <value>
                <![CDATA[public void mBankingControlCenter.PaymentTransactions.m2mbenpayment() throws java.io.IOException,java.sql.SQLException]]>
              </value>
            </param>
          </params>
          <reporter-output>
          </reporter-output>
        </test-method> <!-- beforeMethod -->
        <test-method status="PASS" signature="getResult(org.testng.ITestResult)[pri:0, instance:mBankingControlCenter.PaymentTransactions@dd9eb7]" name="getResult" is-config="true" duration-ms="1" started-at="2018-03-20T16:22:10Z" finished-at="2018-03-20T16:22:10Z">
          <params>
            <param index="0">
              <value>
                <![CDATA[[TestResult name=m2mbenpayment status=FAILURE method=PaymentTransactions.m2mbenpayment()[pri:0, instance:mBankingControlCenter.PaymentTransactions@dd9eb7] output={null}]]]>
              </value>
            </param>
          </params>
          <reporter-output>
          </reporter-output>
        </test-method> <!-- getResult -->
        <test-method status="PASS" signature="beforeMethod(java.lang.reflect.Method)[pri:0, instance:mBankingControlCenter.PaymentTransactions@dd9eb7]" name="beforeMethod" is-config="true" duration-ms="1" started-at="2018-03-20T16:22:10Z" finished-at="2018-03-20T16:22:10Z">
          <params>
            <param index="0">
              <value>
                <![CDATA[public void mBankingControlCenter.PaymentTransactions.m2mbensearch() throws java.io.IOException,java.sql.SQLException]]>
              </value>
            </param>
          </params>
          <reporter-output>
          </reporter-output>
        </test-method> <!-- beforeMethod -->
        <test-method status="PASS" signature="m2mbensearch()[pri:0, instance:mBankingControlCenter.PaymentTransactions@dd9eb7]" name="m2mbensearch" duration-ms="1689" started-at="2018-03-20T16:22:10Z" finished-at="2018-03-20T16:22:12Z">
          <reporter-output>
          </reporter-output>
        </test-method> <!-- m2mbensearch -->
        <test-method status="PASS" signature="getResult(org.testng.ITestResult)[pri:0, instance:mBankingControlCenter.PaymentTransactions@dd9eb7]" name="getResult" is-config="true" duration-ms="1" started-at="2018-03-20T16:22:12Z" finished-at="2018-03-20T16:22:12Z">
          <params>
            <param index="0">
              <value>
                <![CDATA[[TestResult name=m2mbensearch status=SUCCESS method=PaymentTransactions.m2mbensearch()[pri:0, instance:mBankingControlCenter.PaymentTransactions@dd9eb7] output={null}]]]>
              </value>
            </param>
          </params>
          <reporter-output>
          </reporter-output>
        </test-method> <!-- getResult -->
        <test-method status="PASS" signature="endReport()[pri:0, instance:mBankingControlCenter.PaymentTransactions@dd9eb7]" name="endReport" is-config="true" duration-ms="245" started-at="2018-03-20T16:22:12Z" finished-at="2018-03-20T16:22:12Z">
          <reporter-output>
          </reporter-output>
        </test-method> <!-- endReport -->
      </class> <!-- mBankingControlCenter.PaymentTransactions -->
    </test> <!-- Payment transaction -->
  </suite> <!-- Positive Transaction flow -->
</testng-results>
