<?xml version="1.0" encoding="UTF-8"?>
<testng-results skipped="0" failed="15" ignored="0" total="24" passed="9">
  <reporter-output>
  </reporter-output>
  <suite name="Default suite" duration-ms="22019" started-at="2018-03-22T11:32:45Z" finished-at="2018-03-22T11:33:07Z">
    <groups>
    </groups>
    <test name="Default test" duration-ms="22019" started-at="2018-03-22T11:32:45Z" finished-at="2018-03-22T11:33:07Z">
      <class name="mBankingControlCenter.FinancialTransactions">
        <test-method status="PASS" signature="setUp()[pri:0, instance:mBankingControlCenter.FinancialTransactions@15eaaf1]" name="setUp" is-config="true" duration-ms="115" started-at="2018-03-22T17:02:45Z" finished-at="2018-03-22T17:02:45Z">
          <reporter-output>
          </reporter-output>
        </test-method> <!-- setUp -->
        <test-method status="PASS" signature="beforeMethod(java.lang.reflect.Method)[pri:0, instance:mBankingControlCenter.FinancialTransactions@15eaaf1]" name="beforeMethod" is-config="true" duration-ms="4" started-at="2018-03-22T17:02:45Z" finished-at="2018-03-22T17:02:45Z">
          <params>
            <param index="0">
              <value>
                <![CDATA[public void mBankingControlCenter.FinancialTransactions.IMPSP2PInstantPayment() throws java.io.IOException,java.sql.SQLException]]>
              </value>
            </param>
          </params>
          <reporter-output>
          </reporter-output>
        </test-method> <!-- beforeMethod -->
        <test-method status="FAIL" signature="IMPSP2PInstantPayment()[pri:0, instance:mBankingControlCenter.FinancialTransactions@15eaaf1]" name="IMPSP2PInstantPayment" duration-ms="2405" started-at="2018-03-22T17:02:45Z" finished-at="2018-03-22T17:02:47Z">
          <exception class="java.lang.AssertionError">
            <message>
              <![CDATA[expected [true] but found [false]]]>
            </message>
            <full-stacktrace>
              <![CDATA[java.lang.AssertionError: expected [true] but found [false]
	at org.testng.Assert.fail(Assert.java:93)
	at org.testng.Assert.failNotEquals(Assert.java:512)
	at org.testng.Assert.assertTrue(Assert.java:41)
	at org.testng.Assert.assertTrue(Assert.java:51)
	at mBankingUtilityCenter.ExtentManager.assertResponse(ExtentManager.java:141)
	at mBankingControlCenter.FinancialTransactions.IMPSP2PInstantPayment(FinancialTransactions.java:32)
	at sun.reflect.NativeMethodAccessorImpl.invoke0(Native Method)
	at sun.reflect.NativeMethodAccessorImpl.invoke(NativeMethodAccessorImpl.java:62)
	at sun.reflect.DelegatingMethodAccessorImpl.invoke(DelegatingMethodAccessorImpl.java:43)
	at java.lang.reflect.Method.invoke(Method.java:498)
	at org.testng.internal.MethodInvocationHelper.invokeMethod(MethodInvocationHelper.java:108)
	at org.testng.internal.Invoker.invokeMethod(Invoker.java:669)
	at org.testng.internal.Invoker.invokeTestMethod(Invoker.java:877)
	at org.testng.internal.Invoker.invokeTestMethods(Invoker.java:1201)
	at org.testng.internal.TestMethodWorker.invokeTestMethods(TestMethodWorker.java:125)
	at org.testng.internal.TestMethodWorker.run(TestMethodWorker.java:109)
	at org.testng.TestRunner.privateRun(TestRunner.java:776)
	at org.testng.TestRunner.run(TestRunner.java:634)
	at org.testng.SuiteRunner.runTest(SuiteRunner.java:425)
	at org.testng.SuiteRunner.runSequentially(SuiteRunner.java:420)
	at org.testng.SuiteRunner.privateRun(SuiteRunner.java:385)
	at org.testng.SuiteRunner.run(SuiteRunner.java:334)
	at org.testng.SuiteRunnerWorker.runSuite(SuiteRunnerWorker.java:52)
	at org.testng.SuiteRunnerWorker.run(SuiteRunnerWorker.java:86)
	at org.testng.TestNG.runSuitesSequentially(TestNG.java:1318)
	at org.testng.TestNG.runSuitesLocally(TestNG.java:1243)
	at org.testng.TestNG.runSuites(TestNG.java:1161)
	at org.testng.TestNG.run(TestNG.java:1129)
	at org.testng.remote.AbstractRemoteTestNG.run(AbstractRemoteTestNG.java:114)
	at org.testng.remote.RemoteTestNG.initAndRun(RemoteTestNG.java:251)
	at org.testng.remote.RemoteTestNG.main(RemoteTestNG.java:77)
]]>
            </full-stacktrace>
          </exception> <!-- java.lang.AssertionError -->
          <reporter-output>
          </reporter-output>
        </test-method> <!-- IMPSP2PInstantPayment -->
        <test-method status="PASS" signature="getResult(org.testng.ITestResult)[pri:0, instance:mBankingControlCenter.FinancialTransactions@15eaaf1]" name="getResult" is-config="true" duration-ms="4" started-at="2018-03-22T17:02:47Z" finished-at="2018-03-22T17:02:47Z">
          <params>
            <param index="0">
              <value>
                <![CDATA[[TestResult name=IMPSP2PInstantPayment status=FAILURE method=FinancialTransactions.IMPSP2PInstantPayment()[pri:0, instance:mBankingControlCenter.FinancialTransactions@15eaaf1] output={null}]]]>
              </value>
            </param>
          </params>
          <reporter-output>
          </reporter-output>
        </test-method> <!-- getResult -->
        <test-method status="FAIL" signature="IMPSP2AInstantPayment()[pri:1, instance:mBankingControlCenter.FinancialTransactions@15eaaf1]" name="IMPSP2AInstantPayment" duration-ms="1566" started-at="2018-03-22T17:02:47Z" finished-at="2018-03-22T17:02:49Z">
          <exception class="java.lang.AssertionError">
            <message>
              <![CDATA[expected [true] but found [false]]]>
            </message>
            <full-stacktrace>
              <![CDATA[java.lang.AssertionError: expected [true] but found [false]
	at org.testng.Assert.fail(Assert.java:93)
	at org.testng.Assert.failNotEquals(Assert.java:512)
	at org.testng.Assert.assertTrue(Assert.java:41)
	at org.testng.Assert.assertTrue(Assert.java:51)
	at mBankingUtilityCenter.ExtentManager.assertResponse(ExtentManager.java:141)
	at mBankingControlCenter.FinancialTransactions.IMPSP2AInstantPayment(FinancialTransactions.java:39)
	at sun.reflect.NativeMethodAccessorImpl.invoke0(Native Method)
	at sun.reflect.NativeMethodAccessorImpl.invoke(NativeMethodAccessorImpl.java:62)
	at sun.reflect.DelegatingMethodAccessorImpl.invoke(DelegatingMethodAccessorImpl.java:43)
	at java.lang.reflect.Method.invoke(Method.java:498)
	at org.testng.internal.MethodInvocationHelper.invokeMethod(MethodInvocationHelper.java:108)
	at org.testng.internal.Invoker.invokeMethod(Invoker.java:669)
	at org.testng.internal.Invoker.invokeTestMethod(Invoker.java:877)
	at org.testng.internal.Invoker.invokeTestMethods(Invoker.java:1201)
	at org.testng.internal.TestMethodWorker.invokeTestMethods(TestMethodWorker.java:125)
	at org.testng.internal.TestMethodWorker.run(TestMethodWorker.java:109)
	at org.testng.TestRunner.privateRun(TestRunner.java:776)
	at org.testng.TestRunner.run(TestRunner.java:634)
	at org.testng.SuiteRunner.runTest(SuiteRunner.java:425)
	at org.testng.SuiteRunner.runSequentially(SuiteRunner.java:420)
	at org.testng.SuiteRunner.privateRun(SuiteRunner.java:385)
	at org.testng.SuiteRunner.run(SuiteRunner.java:334)
	at org.testng.SuiteRunnerWorker.runSuite(SuiteRunnerWorker.java:52)
	at org.testng.SuiteRunnerWorker.run(SuiteRunnerWorker.java:86)
	at org.testng.TestNG.runSuitesSequentially(TestNG.java:1318)
	at org.testng.TestNG.runSuitesLocally(TestNG.java:1243)
	at org.testng.TestNG.runSuites(TestNG.java:1161)
	at org.testng.TestNG.run(TestNG.java:1129)
	at org.testng.remote.AbstractRemoteTestNG.run(AbstractRemoteTestNG.java:114)
	at org.testng.remote.RemoteTestNG.initAndRun(RemoteTestNG.java:251)
	at org.testng.remote.RemoteTestNG.main(RemoteTestNG.java:77)
]]>
            </full-stacktrace>
          </exception> <!-- java.lang.AssertionError -->
          <reporter-output>
          </reporter-output>
        </test-method> <!-- IMPSP2AInstantPayment -->
        <test-method status="PASS" signature="beforeMethod(java.lang.reflect.Method)[pri:0, instance:mBankingControlCenter.FinancialTransactions@15eaaf1]" name="beforeMethod" is-config="true" duration-ms="0" started-at="2018-03-22T17:02:47Z" finished-at="2018-03-22T17:02:47Z">
          <params>
            <param index="0">
              <value>
                <![CDATA[public void mBankingControlCenter.FinancialTransactions.IMPSP2AInstantPayment() throws java.io.IOException,java.sql.SQLException]]>
              </value>
            </param>
          </params>
          <reporter-output>
          </reporter-output>
        </test-method> <!-- beforeMethod -->
        <test-method status="PASS" signature="getResult(org.testng.ITestResult)[pri:0, instance:mBankingControlCenter.FinancialTransactions@15eaaf1]" name="getResult" is-config="true" duration-ms="0" started-at="2018-03-22T17:02:49Z" finished-at="2018-03-22T17:02:49Z">
          <params>
            <param index="0">
              <value>
                <![CDATA[[TestResult name=IMPSP2AInstantPayment status=FAILURE method=FinancialTransactions.IMPSP2AInstantPayment()[pri:1, instance:mBankingControlCenter.FinancialTransactions@15eaaf1] output={null}]]]>
              </value>
            </param>
          </params>
          <reporter-output>
          </reporter-output>
        </test-method> <!-- getResult -->
        <test-method status="PASS" signature="beforeMethod(java.lang.reflect.Method)[pri:0, instance:mBankingControlCenter.FinancialTransactions@15eaaf1]" name="beforeMethod" is-config="true" duration-ms="0" started-at="2018-03-22T17:02:49Z" finished-at="2018-03-22T17:02:49Z">
          <params>
            <param index="0">
              <value>
                <![CDATA[public void mBankingControlCenter.FinancialTransactions.IMPSP2UInstantPayment() throws java.io.IOException,java.sql.SQLException]]>
              </value>
            </param>
          </params>
          <reporter-output>
          </reporter-output>
        </test-method> <!-- beforeMethod -->
        <test-method status="FAIL" signature="IMPSP2UInstantPayment()[pri:2, instance:mBankingControlCenter.FinancialTransactions@15eaaf1]" name="IMPSP2UInstantPayment" duration-ms="458" started-at="2018-03-22T17:02:49Z" finished-at="2018-03-22T17:02:49Z">
          <exception class="java.lang.AssertionError">
            <message>
              <![CDATA[expected [true] but found [false]]]>
            </message>
            <full-stacktrace>
              <![CDATA[java.lang.AssertionError: expected [true] but found [false]
	at org.testng.Assert.fail(Assert.java:93)
	at org.testng.Assert.failNotEquals(Assert.java:512)
	at org.testng.Assert.assertTrue(Assert.java:41)
	at org.testng.Assert.assertTrue(Assert.java:51)
	at mBankingUtilityCenter.ExtentManager.assertResponse(ExtentManager.java:141)
	at mBankingControlCenter.FinancialTransactions.IMPSP2UInstantPayment(FinancialTransactions.java:46)
	at sun.reflect.NativeMethodAccessorImpl.invoke0(Native Method)
	at sun.reflect.NativeMethodAccessorImpl.invoke(NativeMethodAccessorImpl.java:62)
	at sun.reflect.DelegatingMethodAccessorImpl.invoke(DelegatingMethodAccessorImpl.java:43)
	at java.lang.reflect.Method.invoke(Method.java:498)
	at org.testng.internal.MethodInvocationHelper.invokeMethod(MethodInvocationHelper.java:108)
	at org.testng.internal.Invoker.invokeMethod(Invoker.java:669)
	at org.testng.internal.Invoker.invokeTestMethod(Invoker.java:877)
	at org.testng.internal.Invoker.invokeTestMethods(Invoker.java:1201)
	at org.testng.internal.TestMethodWorker.invokeTestMethods(TestMethodWorker.java:125)
	at org.testng.internal.TestMethodWorker.run(TestMethodWorker.java:109)
	at org.testng.TestRunner.privateRun(TestRunner.java:776)
	at org.testng.TestRunner.run(TestRunner.java:634)
	at org.testng.SuiteRunner.runTest(SuiteRunner.java:425)
	at org.testng.SuiteRunner.runSequentially(SuiteRunner.java:420)
	at org.testng.SuiteRunner.privateRun(SuiteRunner.java:385)
	at org.testng.SuiteRunner.run(SuiteRunner.java:334)
	at org.testng.SuiteRunnerWorker.runSuite(SuiteRunnerWorker.java:52)
	at org.testng.SuiteRunnerWorker.run(SuiteRunnerWorker.java:86)
	at org.testng.TestNG.runSuitesSequentially(TestNG.java:1318)
	at org.testng.TestNG.runSuitesLocally(TestNG.java:1243)
	at org.testng.TestNG.runSuites(TestNG.java:1161)
	at org.testng.TestNG.run(TestNG.java:1129)
	at org.testng.remote.AbstractRemoteTestNG.run(AbstractRemoteTestNG.java:114)
	at org.testng.remote.RemoteTestNG.initAndRun(RemoteTestNG.java:251)
	at org.testng.remote.RemoteTestNG.main(RemoteTestNG.java:77)
]]>
            </full-stacktrace>
          </exception> <!-- java.lang.AssertionError -->
          <reporter-output>
          </reporter-output>
        </test-method> <!-- IMPSP2UInstantPayment -->
        <test-method status="PASS" signature="getResult(org.testng.ITestResult)[pri:0, instance:mBankingControlCenter.FinancialTransactions@15eaaf1]" name="getResult" is-config="true" duration-ms="0" started-at="2018-03-22T17:02:49Z" finished-at="2018-03-22T17:02:49Z">
          <params>
            <param index="0">
              <value>
                <![CDATA[[TestResult name=IMPSP2UInstantPayment status=FAILURE method=FinancialTransactions.IMPSP2UInstantPayment()[pri:2, instance:mBankingControlCenter.FinancialTransactions@15eaaf1] output={null}]]]>
              </value>
            </param>
          </params>
          <reporter-output>
          </reporter-output>
        </test-method> <!-- getResult -->
        <test-method status="PASS" signature="beforeMethod(java.lang.reflect.Method)[pri:0, instance:mBankingControlCenter.FinancialTransactions@15eaaf1]" name="beforeMethod" is-config="true" duration-ms="0" started-at="2018-03-22T17:02:49Z" finished-at="2018-03-22T17:02:49Z">
          <params>
            <param index="0">
              <value>
                <![CDATA[public void mBankingControlCenter.FinancialTransactions.IMPSP2PAddBeneficiary() throws java.io.IOException,java.sql.SQLException]]>
              </value>
            </param>
          </params>
          <reporter-output>
          </reporter-output>
        </test-method> <!-- beforeMethod -->
        <test-method status="FAIL" signature="IMPSP2PAddBeneficiary()[pri:3, instance:mBankingControlCenter.FinancialTransactions@15eaaf1]" name="IMPSP2PAddBeneficiary" duration-ms="1168" started-at="2018-03-22T17:02:49Z" finished-at="2018-03-22T17:02:50Z">
          <exception class="java.lang.AssertionError">
            <message>
              <![CDATA[expected [true] but found [false]]]>
            </message>
            <full-stacktrace>
              <![CDATA[java.lang.AssertionError: expected [true] but found [false]
	at org.testng.Assert.fail(Assert.java:93)
	at org.testng.Assert.failNotEquals(Assert.java:512)
	at org.testng.Assert.assertTrue(Assert.java:41)
	at org.testng.Assert.assertTrue(Assert.java:51)
	at mBankingUtilityCenter.ExtentManager.assertResponse(ExtentManager.java:141)
	at mBankingControlCenter.FinancialTransactions.IMPSP2PAddBeneficiary(FinancialTransactions.java:53)
	at sun.reflect.NativeMethodAccessorImpl.invoke0(Native Method)
	at sun.reflect.NativeMethodAccessorImpl.invoke(NativeMethodAccessorImpl.java:62)
	at sun.reflect.DelegatingMethodAccessorImpl.invoke(DelegatingMethodAccessorImpl.java:43)
	at java.lang.reflect.Method.invoke(Method.java:498)
	at org.testng.internal.MethodInvocationHelper.invokeMethod(MethodInvocationHelper.java:108)
	at org.testng.internal.Invoker.invokeMethod(Invoker.java:669)
	at org.testng.internal.Invoker.invokeTestMethod(Invoker.java:877)
	at org.testng.internal.Invoker.invokeTestMethods(Invoker.java:1201)
	at org.testng.internal.TestMethodWorker.invokeTestMethods(TestMethodWorker.java:125)
	at org.testng.internal.TestMethodWorker.run(TestMethodWorker.java:109)
	at org.testng.TestRunner.privateRun(TestRunner.java:776)
	at org.testng.TestRunner.run(TestRunner.java:634)
	at org.testng.SuiteRunner.runTest(SuiteRunner.java:425)
	at org.testng.SuiteRunner.runSequentially(SuiteRunner.java:420)
	at org.testng.SuiteRunner.privateRun(SuiteRunner.java:385)
	at org.testng.SuiteRunner.run(SuiteRunner.java:334)
	at org.testng.SuiteRunnerWorker.runSuite(SuiteRunnerWorker.java:52)
	at org.testng.SuiteRunnerWorker.run(SuiteRunnerWorker.java:86)
	at org.testng.TestNG.runSuitesSequentially(TestNG.java:1318)
	at org.testng.TestNG.runSuitesLocally(TestNG.java:1243)
	at org.testng.TestNG.runSuites(TestNG.java:1161)
	at org.testng.TestNG.run(TestNG.java:1129)
	at org.testng.remote.AbstractRemoteTestNG.run(AbstractRemoteTestNG.java:114)
	at org.testng.remote.RemoteTestNG.initAndRun(RemoteTestNG.java:251)
	at org.testng.remote.RemoteTestNG.main(RemoteTestNG.java:77)
]]>
            </full-stacktrace>
          </exception> <!-- java.lang.AssertionError -->
          <reporter-output>
          </reporter-output>
        </test-method> <!-- IMPSP2PAddBeneficiary -->
        <test-method status="PASS" signature="getResult(org.testng.ITestResult)[pri:0, instance:mBankingControlCenter.FinancialTransactions@15eaaf1]" name="getResult" is-config="true" duration-ms="1" started-at="2018-03-22T17:02:50Z" finished-at="2018-03-22T17:02:50Z">
          <params>
            <param index="0">
              <value>
                <![CDATA[[TestResult name=IMPSP2PAddBeneficiary status=FAILURE method=FinancialTransactions.IMPSP2PAddBeneficiary()[pri:3, instance:mBankingControlCenter.FinancialTransactions@15eaaf1] output={null}]]]>
              </value>
            </param>
          </params>
          <reporter-output>
          </reporter-output>
        </test-method> <!-- getResult -->
        <test-method status="PASS" signature="beforeMethod(java.lang.reflect.Method)[pri:0, instance:mBankingControlCenter.FinancialTransactions@15eaaf1]" name="beforeMethod" is-config="true" duration-ms="1" started-at="2018-03-22T17:02:50Z" finished-at="2018-03-22T17:02:50Z">
          <params>
            <param index="0">
              <value>
                <![CDATA[public void mBankingControlCenter.FinancialTransactions.IMPSP2PAddBeneficiaryconfirmation() throws java.io.IOException,java.sql.SQLException]]>
              </value>
            </param>
          </params>
          <reporter-output>
          </reporter-output>
        </test-method> <!-- beforeMethod -->
        <test-method status="FAIL" signature="IMPSP2PAddBeneficiaryconfirmation()[pri:4, instance:mBankingControlCenter.FinancialTransactions@15eaaf1]" name="IMPSP2PAddBeneficiaryconfirmation" duration-ms="963" started-at="2018-03-22T17:02:50Z" finished-at="2018-03-22T17:02:51Z">
          <exception class="java.lang.AssertionError">
            <message>
              <![CDATA[expected [true] but found [false]]]>
            </message>
            <full-stacktrace>
              <![CDATA[java.lang.AssertionError: expected [true] but found [false]
	at org.testng.Assert.fail(Assert.java:93)
	at org.testng.Assert.failNotEquals(Assert.java:512)
	at org.testng.Assert.assertTrue(Assert.java:41)
	at org.testng.Assert.assertTrue(Assert.java:51)
	at mBankingUtilityCenter.ExtentManager.assertResponse(ExtentManager.java:141)
	at mBankingControlCenter.FinancialTransactions.IMPSP2PAddBeneficiaryconfirmation(FinancialTransactions.java:60)
	at sun.reflect.NativeMethodAccessorImpl.invoke0(Native Method)
	at sun.reflect.NativeMethodAccessorImpl.invoke(NativeMethodAccessorImpl.java:62)
	at sun.reflect.DelegatingMethodAccessorImpl.invoke(DelegatingMethodAccessorImpl.java:43)
	at java.lang.reflect.Method.invoke(Method.java:498)
	at org.testng.internal.MethodInvocationHelper.invokeMethod(MethodInvocationHelper.java:108)
	at org.testng.internal.Invoker.invokeMethod(Invoker.java:669)
	at org.testng.internal.Invoker.invokeTestMethod(Invoker.java:877)
	at org.testng.internal.Invoker.invokeTestMethods(Invoker.java:1201)
	at org.testng.internal.TestMethodWorker.invokeTestMethods(TestMethodWorker.java:125)
	at org.testng.internal.TestMethodWorker.run(TestMethodWorker.java:109)
	at org.testng.TestRunner.privateRun(TestRunner.java:776)
	at org.testng.TestRunner.run(TestRunner.java:634)
	at org.testng.SuiteRunner.runTest(SuiteRunner.java:425)
	at org.testng.SuiteRunner.runSequentially(SuiteRunner.java:420)
	at org.testng.SuiteRunner.privateRun(SuiteRunner.java:385)
	at org.testng.SuiteRunner.run(SuiteRunner.java:334)
	at org.testng.SuiteRunnerWorker.runSuite(SuiteRunnerWorker.java:52)
	at org.testng.SuiteRunnerWorker.run(SuiteRunnerWorker.java:86)
	at org.testng.TestNG.runSuitesSequentially(TestNG.java:1318)
	at org.testng.TestNG.runSuitesLocally(TestNG.java:1243)
	at org.testng.TestNG.runSuites(TestNG.java:1161)
	at org.testng.TestNG.run(TestNG.java:1129)
	at org.testng.remote.AbstractRemoteTestNG.run(AbstractRemoteTestNG.java:114)
	at org.testng.remote.RemoteTestNG.initAndRun(RemoteTestNG.java:251)
	at org.testng.remote.RemoteTestNG.main(RemoteTestNG.java:77)
]]>
            </full-stacktrace>
          </exception> <!-- java.lang.AssertionError -->
          <reporter-output>
          </reporter-output>
        </test-method> <!-- IMPSP2PAddBeneficiaryconfirmation -->
        <test-method status="PASS" signature="getResult(org.testng.ITestResult)[pri:0, instance:mBankingControlCenter.FinancialTransactions@15eaaf1]" name="getResult" is-config="true" duration-ms="0" started-at="2018-03-22T17:02:51Z" finished-at="2018-03-22T17:02:51Z">
          <params>
            <param index="0">
              <value>
                <![CDATA[[TestResult name=IMPSP2PAddBeneficiaryconfirmation status=FAILURE method=FinancialTransactions.IMPSP2PAddBeneficiaryconfirmation()[pri:4, instance:mBankingControlCenter.FinancialTransactions@15eaaf1] output={null}]]]>
              </value>
            </param>
          </params>
          <reporter-output>
          </reporter-output>
        </test-method> <!-- getResult -->
        <test-method status="PASS" signature="beforeMethod(java.lang.reflect.Method)[pri:0, instance:mBankingControlCenter.FinancialTransactions@15eaaf1]" name="beforeMethod" is-config="true" duration-ms="0" started-at="2018-03-22T17:02:51Z" finished-at="2018-03-22T17:02:51Z">
          <params>
            <param index="0">
              <value>
                <![CDATA[public void mBankingControlCenter.FinancialTransactions.IMPSP2PBeneficiarySearchListenquiry() throws java.io.IOException,java.sql.SQLException]]>
              </value>
            </param>
          </params>
          <reporter-output>
          </reporter-output>
        </test-method> <!-- beforeMethod -->
        <test-method status="FAIL" signature="IMPSP2PBeneficiarySearchListenquiry()[pri:5, instance:mBankingControlCenter.FinancialTransactions@15eaaf1]" name="IMPSP2PBeneficiarySearchListenquiry" duration-ms="1285" started-at="2018-03-22T17:02:51Z" finished-at="2018-03-22T17:02:53Z">
          <exception class="java.lang.AssertionError">
            <message>
              <![CDATA[expected [true] but found [false]]]>
            </message>
            <full-stacktrace>
              <![CDATA[java.lang.AssertionError: expected [true] but found [false]
	at org.testng.Assert.fail(Assert.java:93)
	at org.testng.Assert.failNotEquals(Assert.java:512)
	at org.testng.Assert.assertTrue(Assert.java:41)
	at org.testng.Assert.assertTrue(Assert.java:51)
	at mBankingUtilityCenter.ExtentManager.assertResponse(ExtentManager.java:141)
	at mBankingControlCenter.FinancialTransactions.IMPSP2PBeneficiarySearchListenquiry(FinancialTransactions.java:67)
	at sun.reflect.NativeMethodAccessorImpl.invoke0(Native Method)
	at sun.reflect.NativeMethodAccessorImpl.invoke(NativeMethodAccessorImpl.java:62)
	at sun.reflect.DelegatingMethodAccessorImpl.invoke(DelegatingMethodAccessorImpl.java:43)
	at java.lang.reflect.Method.invoke(Method.java:498)
	at org.testng.internal.MethodInvocationHelper.invokeMethod(MethodInvocationHelper.java:108)
	at org.testng.internal.Invoker.invokeMethod(Invoker.java:669)
	at org.testng.internal.Invoker.invokeTestMethod(Invoker.java:877)
	at org.testng.internal.Invoker.invokeTestMethods(Invoker.java:1201)
	at org.testng.internal.TestMethodWorker.invokeTestMethods(TestMethodWorker.java:125)
	at org.testng.internal.TestMethodWorker.run(TestMethodWorker.java:109)
	at org.testng.TestRunner.privateRun(TestRunner.java:776)
	at org.testng.TestRunner.run(TestRunner.java:634)
	at org.testng.SuiteRunner.runTest(SuiteRunner.java:425)
	at org.testng.SuiteRunner.runSequentially(SuiteRunner.java:420)
	at org.testng.SuiteRunner.privateRun(SuiteRunner.java:385)
	at org.testng.SuiteRunner.run(SuiteRunner.java:334)
	at org.testng.SuiteRunnerWorker.runSuite(SuiteRunnerWorker.java:52)
	at org.testng.SuiteRunnerWorker.run(SuiteRunnerWorker.java:86)
	at org.testng.TestNG.runSuitesSequentially(TestNG.java:1318)
	at org.testng.TestNG.runSuitesLocally(TestNG.java:1243)
	at org.testng.TestNG.runSuites(TestNG.java:1161)
	at org.testng.TestNG.run(TestNG.java:1129)
	at org.testng.remote.AbstractRemoteTestNG.run(AbstractRemoteTestNG.java:114)
	at org.testng.remote.RemoteTestNG.initAndRun(RemoteTestNG.java:251)
	at org.testng.remote.RemoteTestNG.main(RemoteTestNG.java:77)
]]>
            </full-stacktrace>
          </exception> <!-- java.lang.AssertionError -->
          <reporter-output>
          </reporter-output>
        </test-method> <!-- IMPSP2PBeneficiarySearchListenquiry -->
        <test-method status="PASS" signature="getResult(org.testng.ITestResult)[pri:0, instance:mBankingControlCenter.FinancialTransactions@15eaaf1]" name="getResult" is-config="true" duration-ms="0" started-at="2018-03-22T17:02:53Z" finished-at="2018-03-22T17:02:53Z">
          <params>
            <param index="0">
              <value>
                <![CDATA[[TestResult name=IMPSP2PBeneficiarySearchListenquiry status=FAILURE method=FinancialTransactions.IMPSP2PBeneficiarySearchListenquiry()[pri:5, instance:mBankingControlCenter.FinancialTransactions@15eaaf1] output={null}]]]>
              </value>
            </param>
          </params>
          <reporter-output>
          </reporter-output>
        </test-method> <!-- getResult -->
        <test-method status="PASS" signature="beforeMethod(java.lang.reflect.Method)[pri:0, instance:mBankingControlCenter.FinancialTransactions@15eaaf1]" name="beforeMethod" is-config="true" duration-ms="1" started-at="2018-03-22T17:02:53Z" finished-at="2018-03-22T17:02:53Z">
          <params>
            <param index="0">
              <value>
                <![CDATA[public void mBankingControlCenter.FinancialTransactions.IMPSP2PDeleteBeneficiaryListenquiry() throws java.io.IOException,java.sql.SQLException]]>
              </value>
            </param>
          </params>
          <reporter-output>
          </reporter-output>
        </test-method> <!-- beforeMethod -->
        <test-method status="FAIL" signature="IMPSP2PDeleteBeneficiaryListenquiry()[pri:6, instance:mBankingControlCenter.FinancialTransactions@15eaaf1]" name="IMPSP2PDeleteBeneficiaryListenquiry" duration-ms="1252" started-at="2018-03-22T17:02:53Z" finished-at="2018-03-22T17:02:54Z">
          <exception class="java.lang.AssertionError">
            <message>
              <![CDATA[expected [true] but found [false]]]>
            </message>
            <full-stacktrace>
              <![CDATA[java.lang.AssertionError: expected [true] but found [false]
	at org.testng.Assert.fail(Assert.java:93)
	at org.testng.Assert.failNotEquals(Assert.java:512)
	at org.testng.Assert.assertTrue(Assert.java:41)
	at org.testng.Assert.assertTrue(Assert.java:51)
	at mBankingUtilityCenter.ExtentManager.assertResponse(ExtentManager.java:141)
	at mBankingControlCenter.FinancialTransactions.IMPSP2PDeleteBeneficiaryListenquiry(FinancialTransactions.java:74)
	at sun.reflect.NativeMethodAccessorImpl.invoke0(Native Method)
	at sun.reflect.NativeMethodAccessorImpl.invoke(NativeMethodAccessorImpl.java:62)
	at sun.reflect.DelegatingMethodAccessorImpl.invoke(DelegatingMethodAccessorImpl.java:43)
	at java.lang.reflect.Method.invoke(Method.java:498)
	at org.testng.internal.MethodInvocationHelper.invokeMethod(MethodInvocationHelper.java:108)
	at org.testng.internal.Invoker.invokeMethod(Invoker.java:669)
	at org.testng.internal.Invoker.invokeTestMethod(Invoker.java:877)
	at org.testng.internal.Invoker.invokeTestMethods(Invoker.java:1201)
	at org.testng.internal.TestMethodWorker.invokeTestMethods(TestMethodWorker.java:125)
	at org.testng.internal.TestMethodWorker.run(TestMethodWorker.java:109)
	at org.testng.TestRunner.privateRun(TestRunner.java:776)
	at org.testng.TestRunner.run(TestRunner.java:634)
	at org.testng.SuiteRunner.runTest(SuiteRunner.java:425)
	at org.testng.SuiteRunner.runSequentially(SuiteRunner.java:420)
	at org.testng.SuiteRunner.privateRun(SuiteRunner.java:385)
	at org.testng.SuiteRunner.run(SuiteRunner.java:334)
	at org.testng.SuiteRunnerWorker.runSuite(SuiteRunnerWorker.java:52)
	at org.testng.SuiteRunnerWorker.run(SuiteRunnerWorker.java:86)
	at org.testng.TestNG.runSuitesSequentially(TestNG.java:1318)
	at org.testng.TestNG.runSuitesLocally(TestNG.java:1243)
	at org.testng.TestNG.runSuites(TestNG.java:1161)
	at org.testng.TestNG.run(TestNG.java:1129)
	at org.testng.remote.AbstractRemoteTestNG.run(AbstractRemoteTestNG.java:114)
	at org.testng.remote.RemoteTestNG.initAndRun(RemoteTestNG.java:251)
	at org.testng.remote.RemoteTestNG.main(RemoteTestNG.java:77)
]]>
            </full-stacktrace>
          </exception> <!-- java.lang.AssertionError -->
          <reporter-output>
          </reporter-output>
        </test-method> <!-- IMPSP2PDeleteBeneficiaryListenquiry -->
        <test-method status="PASS" signature="getResult(org.testng.ITestResult)[pri:0, instance:mBankingControlCenter.FinancialTransactions@15eaaf1]" name="getResult" is-config="true" duration-ms="0" started-at="2018-03-22T17:02:54Z" finished-at="2018-03-22T17:02:54Z">
          <params>
            <param index="0">
              <value>
                <![CDATA[[TestResult name=IMPSP2PDeleteBeneficiaryListenquiry status=FAILURE method=FinancialTransactions.IMPSP2PDeleteBeneficiaryListenquiry()[pri:6, instance:mBankingControlCenter.FinancialTransactions@15eaaf1] output={null}]]]>
              </value>
            </param>
          </params>
          <reporter-output>
          </reporter-output>
        </test-method> <!-- getResult -->
        <test-method status="PASS" signature="beforeMethod(java.lang.reflect.Method)[pri:0, instance:mBankingControlCenter.FinancialTransactions@15eaaf1]" name="beforeMethod" is-config="true" duration-ms="0" started-at="2018-03-22T17:02:54Z" finished-at="2018-03-22T17:02:54Z">
          <params>
            <param index="0">
              <value>
                <![CDATA[public void mBankingControlCenter.FinancialTransactions.IMPSP2PDeleteBeneficiaryConfirmation() throws java.io.IOException,java.sql.SQLException]]>
              </value>
            </param>
          </params>
          <reporter-output>
          </reporter-output>
        </test-method> <!-- beforeMethod -->
        <test-method status="FAIL" signature="IMPSP2PDeleteBeneficiaryConfirmation()[pri:7, instance:mBankingControlCenter.FinancialTransactions@15eaaf1]" name="IMPSP2PDeleteBeneficiaryConfirmation" duration-ms="1364" started-at="2018-03-22T17:02:54Z" finished-at="2018-03-22T17:02:55Z">
          <exception class="java.lang.AssertionError">
            <message>
              <![CDATA[expected [true] but found [false]]]>
            </message>
            <full-stacktrace>
              <![CDATA[java.lang.AssertionError: expected [true] but found [false]
	at org.testng.Assert.fail(Assert.java:93)
	at org.testng.Assert.failNotEquals(Assert.java:512)
	at org.testng.Assert.assertTrue(Assert.java:41)
	at org.testng.Assert.assertTrue(Assert.java:51)
	at mBankingUtilityCenter.ExtentManager.assertResponse(ExtentManager.java:141)
	at mBankingControlCenter.FinancialTransactions.IMPSP2PDeleteBeneficiaryConfirmation(FinancialTransactions.java:81)
	at sun.reflect.NativeMethodAccessorImpl.invoke0(Native Method)
	at sun.reflect.NativeMethodAccessorImpl.invoke(NativeMethodAccessorImpl.java:62)
	at sun.reflect.DelegatingMethodAccessorImpl.invoke(DelegatingMethodAccessorImpl.java:43)
	at java.lang.reflect.Method.invoke(Method.java:498)
	at org.testng.internal.MethodInvocationHelper.invokeMethod(MethodInvocationHelper.java:108)
	at org.testng.internal.Invoker.invokeMethod(Invoker.java:669)
	at org.testng.internal.Invoker.invokeTestMethod(Invoker.java:877)
	at org.testng.internal.Invoker.invokeTestMethods(Invoker.java:1201)
	at org.testng.internal.TestMethodWorker.invokeTestMethods(TestMethodWorker.java:125)
	at org.testng.internal.TestMethodWorker.run(TestMethodWorker.java:109)
	at org.testng.TestRunner.privateRun(TestRunner.java:776)
	at org.testng.TestRunner.run(TestRunner.java:634)
	at org.testng.SuiteRunner.runTest(SuiteRunner.java:425)
	at org.testng.SuiteRunner.runSequentially(SuiteRunner.java:420)
	at org.testng.SuiteRunner.privateRun(SuiteRunner.java:385)
	at org.testng.SuiteRunner.run(SuiteRunner.java:334)
	at org.testng.SuiteRunnerWorker.runSuite(SuiteRunnerWorker.java:52)
	at org.testng.SuiteRunnerWorker.run(SuiteRunnerWorker.java:86)
	at org.testng.TestNG.runSuitesSequentially(TestNG.java:1318)
	at org.testng.TestNG.runSuitesLocally(TestNG.java:1243)
	at org.testng.TestNG.runSuites(TestNG.java:1161)
	at org.testng.TestNG.run(TestNG.java:1129)
	at org.testng.remote.AbstractRemoteTestNG.run(AbstractRemoteTestNG.java:114)
	at org.testng.remote.RemoteTestNG.initAndRun(RemoteTestNG.java:251)
	at org.testng.remote.RemoteTestNG.main(RemoteTestNG.java:77)
]]>
            </full-stacktrace>
          </exception> <!-- java.lang.AssertionError -->
          <reporter-output>
          </reporter-output>
        </test-method> <!-- IMPSP2PDeleteBeneficiaryConfirmation -->
        <test-method status="PASS" signature="getResult(org.testng.ITestResult)[pri:0, instance:mBankingControlCenter.FinancialTransactions@15eaaf1]" name="getResult" is-config="true" duration-ms="1" started-at="2018-03-22T17:02:55Z" finished-at="2018-03-22T17:02:55Z">
          <params>
            <param index="0">
              <value>
                <![CDATA[[TestResult name=IMPSP2PDeleteBeneficiaryConfirmation status=FAILURE method=FinancialTransactions.IMPSP2PDeleteBeneficiaryConfirmation()[pri:7, instance:mBankingControlCenter.FinancialTransactions@15eaaf1] output={null}]]]>
              </value>
            </param>
          </params>
          <reporter-output>
          </reporter-output>
        </test-method> <!-- getResult -->
        <test-method status="PASS" signature="beforeMethod(java.lang.reflect.Method)[pri:0, instance:mBankingControlCenter.FinancialTransactions@15eaaf1]" name="beforeMethod" is-config="true" duration-ms="1" started-at="2018-03-22T17:02:55Z" finished-at="2018-03-22T17:02:55Z">
          <params>
            <param index="0">
              <value>
                <![CDATA[public void mBankingControlCenter.FinancialTransactions.IMPSP2PBeneficiaryPaymentListenquiry() throws java.io.IOException,java.sql.SQLException]]>
              </value>
            </param>
          </params>
          <reporter-output>
          </reporter-output>
        </test-method> <!-- beforeMethod -->
        <test-method status="FAIL" signature="IMPSP2PBeneficiaryPaymentListenquiry()[pri:8, instance:mBankingControlCenter.FinancialTransactions@15eaaf1]" name="IMPSP2PBeneficiaryPaymentListenquiry" duration-ms="1064" started-at="2018-03-22T17:02:55Z" finished-at="2018-03-22T17:02:56Z">
          <exception class="java.lang.AssertionError">
            <message>
              <![CDATA[expected [true] but found [false]]]>
            </message>
            <full-stacktrace>
              <![CDATA[java.lang.AssertionError: expected [true] but found [false]
	at org.testng.Assert.fail(Assert.java:93)
	at org.testng.Assert.failNotEquals(Assert.java:512)
	at org.testng.Assert.assertTrue(Assert.java:41)
	at org.testng.Assert.assertTrue(Assert.java:51)
	at mBankingUtilityCenter.ExtentManager.assertResponse(ExtentManager.java:141)
	at mBankingControlCenter.FinancialTransactions.IMPSP2PBeneficiaryPaymentListenquiry(FinancialTransactions.java:88)
	at sun.reflect.NativeMethodAccessorImpl.invoke0(Native Method)
	at sun.reflect.NativeMethodAccessorImpl.invoke(NativeMethodAccessorImpl.java:62)
	at sun.reflect.DelegatingMethodAccessorImpl.invoke(DelegatingMethodAccessorImpl.java:43)
	at java.lang.reflect.Method.invoke(Method.java:498)
	at org.testng.internal.MethodInvocationHelper.invokeMethod(MethodInvocationHelper.java:108)
	at org.testng.internal.Invoker.invokeMethod(Invoker.java:669)
	at org.testng.internal.Invoker.invokeTestMethod(Invoker.java:877)
	at org.testng.internal.Invoker.invokeTestMethods(Invoker.java:1201)
	at org.testng.internal.TestMethodWorker.invokeTestMethods(TestMethodWorker.java:125)
	at org.testng.internal.TestMethodWorker.run(TestMethodWorker.java:109)
	at org.testng.TestRunner.privateRun(TestRunner.java:776)
	at org.testng.TestRunner.run(TestRunner.java:634)
	at org.testng.SuiteRunner.runTest(SuiteRunner.java:425)
	at org.testng.SuiteRunner.runSequentially(SuiteRunner.java:420)
	at org.testng.SuiteRunner.privateRun(SuiteRunner.java:385)
	at org.testng.SuiteRunner.run(SuiteRunner.java:334)
	at org.testng.SuiteRunnerWorker.runSuite(SuiteRunnerWorker.java:52)
	at org.testng.SuiteRunnerWorker.run(SuiteRunnerWorker.java:86)
	at org.testng.TestNG.runSuitesSequentially(TestNG.java:1318)
	at org.testng.TestNG.runSuitesLocally(TestNG.java:1243)
	at org.testng.TestNG.runSuites(TestNG.java:1161)
	at org.testng.TestNG.run(TestNG.java:1129)
	at org.testng.remote.AbstractRemoteTestNG.run(AbstractRemoteTestNG.java:114)
	at org.testng.remote.RemoteTestNG.initAndRun(RemoteTestNG.java:251)
	at org.testng.remote.RemoteTestNG.main(RemoteTestNG.java:77)
]]>
            </full-stacktrace>
          </exception> <!-- java.lang.AssertionError -->
          <reporter-output>
          </reporter-output>
        </test-method> <!-- IMPSP2PBeneficiaryPaymentListenquiry -->
        <test-method status="PASS" signature="getResult(org.testng.ITestResult)[pri:0, instance:mBankingControlCenter.FinancialTransactions@15eaaf1]" name="getResult" is-config="true" duration-ms="1" started-at="2018-03-22T17:02:56Z" finished-at="2018-03-22T17:02:56Z">
          <params>
            <param index="0">
              <value>
                <![CDATA[[TestResult name=IMPSP2PBeneficiaryPaymentListenquiry status=FAILURE method=FinancialTransactions.IMPSP2PBeneficiaryPaymentListenquiry()[pri:8, instance:mBankingControlCenter.FinancialTransactions@15eaaf1] output={null}]]]>
              </value>
            </param>
          </params>
          <reporter-output>
          </reporter-output>
        </test-method> <!-- getResult -->
        <test-method status="PASS" signature="beforeMethod(java.lang.reflect.Method)[pri:0, instance:mBankingControlCenter.FinancialTransactions@15eaaf1]" name="beforeMethod" is-config="true" duration-ms="0" started-at="2018-03-22T17:02:56Z" finished-at="2018-03-22T17:02:56Z">
          <params>
            <param index="0">
              <value>
                <![CDATA[public void mBankingControlCenter.FinancialTransactions.IMPSP2PBeneficiaryPaymentConfirmation() throws java.io.IOException,java.sql.SQLException]]>
              </value>
            </param>
          </params>
          <reporter-output>
          </reporter-output>
        </test-method> <!-- beforeMethod -->
        <test-method status="FAIL" signature="IMPSP2PBeneficiaryPaymentConfirmation()[pri:9, instance:mBankingControlCenter.FinancialTransactions@15eaaf1]" name="IMPSP2PBeneficiaryPaymentConfirmation" duration-ms="1159" started-at="2018-03-22T17:02:56Z" finished-at="2018-03-22T17:02:57Z">
          <exception class="java.lang.AssertionError">
            <message>
              <![CDATA[expected [true] but found [false]]]>
            </message>
            <full-stacktrace>
              <![CDATA[java.lang.AssertionError: expected [true] but found [false]
	at org.testng.Assert.fail(Assert.java:93)
	at org.testng.Assert.failNotEquals(Assert.java:512)
	at org.testng.Assert.assertTrue(Assert.java:41)
	at org.testng.Assert.assertTrue(Assert.java:51)
	at mBankingUtilityCenter.ExtentManager.assertResponse(ExtentManager.java:141)
	at mBankingControlCenter.FinancialTransactions.IMPSP2PBeneficiaryPaymentConfirmation(FinancialTransactions.java:95)
	at sun.reflect.NativeMethodAccessorImpl.invoke0(Native Method)
	at sun.reflect.NativeMethodAccessorImpl.invoke(NativeMethodAccessorImpl.java:62)
	at sun.reflect.DelegatingMethodAccessorImpl.invoke(DelegatingMethodAccessorImpl.java:43)
	at java.lang.reflect.Method.invoke(Method.java:498)
	at org.testng.internal.MethodInvocationHelper.invokeMethod(MethodInvocationHelper.java:108)
	at org.testng.internal.Invoker.invokeMethod(Invoker.java:669)
	at org.testng.internal.Invoker.invokeTestMethod(Invoker.java:877)
	at org.testng.internal.Invoker.invokeTestMethods(Invoker.java:1201)
	at org.testng.internal.TestMethodWorker.invokeTestMethods(TestMethodWorker.java:125)
	at org.testng.internal.TestMethodWorker.run(TestMethodWorker.java:109)
	at org.testng.TestRunner.privateRun(TestRunner.java:776)
	at org.testng.TestRunner.run(TestRunner.java:634)
	at org.testng.SuiteRunner.runTest(SuiteRunner.java:425)
	at org.testng.SuiteRunner.runSequentially(SuiteRunner.java:420)
	at org.testng.SuiteRunner.privateRun(SuiteRunner.java:385)
	at org.testng.SuiteRunner.run(SuiteRunner.java:334)
	at org.testng.SuiteRunnerWorker.runSuite(SuiteRunnerWorker.java:52)
	at org.testng.SuiteRunnerWorker.run(SuiteRunnerWorker.java:86)
	at org.testng.TestNG.runSuitesSequentially(TestNG.java:1318)
	at org.testng.TestNG.runSuitesLocally(TestNG.java:1243)
	at org.testng.TestNG.runSuites(TestNG.java:1161)
	at org.testng.TestNG.run(TestNG.java:1129)
	at org.testng.remote.AbstractRemoteTestNG.run(AbstractRemoteTestNG.java:114)
	at org.testng.remote.RemoteTestNG.initAndRun(RemoteTestNG.java:251)
	at org.testng.remote.RemoteTestNG.main(RemoteTestNG.java:77)
]]>
            </full-stacktrace>
          </exception> <!-- java.lang.AssertionError -->
          <reporter-output>
          </reporter-output>
        </test-method> <!-- IMPSP2PBeneficiaryPaymentConfirmation -->
        <test-method status="PASS" signature="getResult(org.testng.ITestResult)[pri:0, instance:mBankingControlCenter.FinancialTransactions@15eaaf1]" name="getResult" is-config="true" duration-ms="0" started-at="2018-03-22T17:02:57Z" finished-at="2018-03-22T17:02:57Z">
          <params>
            <param index="0">
              <value>
                <![CDATA[[TestResult name=IMPSP2PBeneficiaryPaymentConfirmation status=FAILURE method=FinancialTransactions.IMPSP2PBeneficiaryPaymentConfirmation()[pri:9, instance:mBankingControlCenter.FinancialTransactions@15eaaf1] output={null}]]]>
              </value>
            </param>
          </params>
          <reporter-output>
          </reporter-output>
        </test-method> <!-- getResult -->
        <test-method status="PASS" signature="beforeMethod(java.lang.reflect.Method)[pri:0, instance:mBankingControlCenter.FinancialTransactions@15eaaf1]" name="beforeMethod" is-config="true" duration-ms="0" started-at="2018-03-22T17:02:57Z" finished-at="2018-03-22T17:02:57Z">
          <params>
            <param index="0">
              <value>
                <![CDATA[public void mBankingControlCenter.FinancialTransactions.IMPSP2AAddBeneficiary() throws java.io.IOException,java.sql.SQLException]]>
              </value>
            </param>
          </params>
          <reporter-output>
          </reporter-output>
        </test-method> <!-- beforeMethod -->
        <test-method status="FAIL" signature="IMPSP2AAddBeneficiary()[pri:10, instance:mBankingControlCenter.FinancialTransactions@15eaaf1]" name="IMPSP2AAddBeneficiary" duration-ms="1469" started-at="2018-03-22T17:02:57Z" finished-at="2018-03-22T17:02:59Z">
          <exception class="java.lang.AssertionError">
            <message>
              <![CDATA[expected [true] but found [false]]]>
            </message>
            <full-stacktrace>
              <![CDATA[java.lang.AssertionError: expected [true] but found [false]
	at org.testng.Assert.fail(Assert.java:93)
	at org.testng.Assert.failNotEquals(Assert.java:512)
	at org.testng.Assert.assertTrue(Assert.java:41)
	at org.testng.Assert.assertTrue(Assert.java:51)
	at mBankingUtilityCenter.ExtentManager.assertResponse(ExtentManager.java:141)
	at mBankingControlCenter.FinancialTransactions.IMPSP2AAddBeneficiary(FinancialTransactions.java:102)
	at sun.reflect.NativeMethodAccessorImpl.invoke0(Native Method)
	at sun.reflect.NativeMethodAccessorImpl.invoke(NativeMethodAccessorImpl.java:62)
	at sun.reflect.DelegatingMethodAccessorImpl.invoke(DelegatingMethodAccessorImpl.java:43)
	at java.lang.reflect.Method.invoke(Method.java:498)
	at org.testng.internal.MethodInvocationHelper.invokeMethod(MethodInvocationHelper.java:108)
	at org.testng.internal.Invoker.invokeMethod(Invoker.java:669)
	at org.testng.internal.Invoker.invokeTestMethod(Invoker.java:877)
	at org.testng.internal.Invoker.invokeTestMethods(Invoker.java:1201)
	at org.testng.internal.TestMethodWorker.invokeTestMethods(TestMethodWorker.java:125)
	at org.testng.internal.TestMethodWorker.run(TestMethodWorker.java:109)
	at org.testng.TestRunner.privateRun(TestRunner.java:776)
	at org.testng.TestRunner.run(TestRunner.java:634)
	at org.testng.SuiteRunner.runTest(SuiteRunner.java:425)
	at org.testng.SuiteRunner.runSequentially(SuiteRunner.java:420)
	at org.testng.SuiteRunner.privateRun(SuiteRunner.java:385)
	at org.testng.SuiteRunner.run(SuiteRunner.java:334)
	at org.testng.SuiteRunnerWorker.runSuite(SuiteRunnerWorker.java:52)
	at org.testng.SuiteRunnerWorker.run(SuiteRunnerWorker.java:86)
	at org.testng.TestNG.runSuitesSequentially(TestNG.java:1318)
	at org.testng.TestNG.runSuitesLocally(TestNG.java:1243)
	at org.testng.TestNG.runSuites(TestNG.java:1161)
	at org.testng.TestNG.run(TestNG.java:1129)
	at org.testng.remote.AbstractRemoteTestNG.run(AbstractRemoteTestNG.java:114)
	at org.testng.remote.RemoteTestNG.initAndRun(RemoteTestNG.java:251)
	at org.testng.remote.RemoteTestNG.main(RemoteTestNG.java:77)
]]>
            </full-stacktrace>
          </exception> <!-- java.lang.AssertionError -->
          <reporter-output>
          </reporter-output>
        </test-method> <!-- IMPSP2AAddBeneficiary -->
        <test-method status="PASS" signature="getResult(org.testng.ITestResult)[pri:0, instance:mBankingControlCenter.FinancialTransactions@15eaaf1]" name="getResult" is-config="true" duration-ms="0" started-at="2018-03-22T17:02:59Z" finished-at="2018-03-22T17:02:59Z">
          <params>
            <param index="0">
              <value>
                <![CDATA[[TestResult name=IMPSP2AAddBeneficiary status=FAILURE method=FinancialTransactions.IMPSP2AAddBeneficiary()[pri:10, instance:mBankingControlCenter.FinancialTransactions@15eaaf1] output={null}]]]>
              </value>
            </param>
          </params>
          <reporter-output>
          </reporter-output>
        </test-method> <!-- getResult -->
        <test-method status="PASS" signature="beforeMethod(java.lang.reflect.Method)[pri:0, instance:mBankingControlCenter.FinancialTransactions@15eaaf1]" name="beforeMethod" is-config="true" duration-ms="0" started-at="2018-03-22T17:02:59Z" finished-at="2018-03-22T17:02:59Z">
          <params>
            <param index="0">
              <value>
                <![CDATA[public void mBankingControlCenter.FinancialTransactions.IMPSP2AAddBeneficiaryconfirmation() throws java.io.IOException,java.sql.SQLException]]>
              </value>
            </param>
          </params>
          <reporter-output>
          </reporter-output>
        </test-method> <!-- beforeMethod -->
        <test-method status="PASS" signature="IMPSP2AAddBeneficiaryconfirmation()[pri:11, instance:mBankingControlCenter.FinancialTransactions@15eaaf1]" name="IMPSP2AAddBeneficiaryconfirmation" duration-ms="1784" started-at="2018-03-22T17:02:59Z" finished-at="2018-03-22T17:03:01Z">
          <reporter-output>
          </reporter-output>
        </test-method> <!-- IMPSP2AAddBeneficiaryconfirmation -->
        <test-method status="PASS" signature="getResult(org.testng.ITestResult)[pri:0, instance:mBankingControlCenter.FinancialTransactions@15eaaf1]" name="getResult" is-config="true" duration-ms="0" started-at="2018-03-22T17:03:01Z" finished-at="2018-03-22T17:03:01Z">
          <params>
            <param index="0">
              <value>
                <![CDATA[[TestResult name=IMPSP2AAddBeneficiaryconfirmation status=SUCCESS method=FinancialTransactions.IMPSP2AAddBeneficiaryconfirmation()[pri:11, instance:mBankingControlCenter.FinancialTransactions@15eaaf1] output={null}]]]>
              </value>
            </param>
          </params>
          <reporter-output>
          </reporter-output>
        </test-method> <!-- getResult -->
        <test-method status="PASS" signature="beforeMethod(java.lang.reflect.Method)[pri:0, instance:mBankingControlCenter.FinancialTransactions@15eaaf1]" name="beforeMethod" is-config="true" duration-ms="0" started-at="2018-03-22T17:03:01Z" finished-at="2018-03-22T17:03:01Z">
          <params>
            <param index="0">
              <value>
                <![CDATA[public void mBankingControlCenter.FinancialTransactions.IMPSP2ABeneficiarySearchListenquiry() throws java.io.IOException,java.sql.SQLException]]>
              </value>
            </param>
          </params>
          <reporter-output>
          </reporter-output>
        </test-method> <!-- beforeMethod -->
        <test-method status="FAIL" signature="IMPSP2ABeneficiarySearchListenquiry()[pri:12, instance:mBankingControlCenter.FinancialTransactions@15eaaf1]" name="IMPSP2ABeneficiarySearchListenquiry" duration-ms="1081" started-at="2018-03-22T17:03:01Z" finished-at="2018-03-22T17:03:02Z">
          <exception class="java.lang.AssertionError">
            <message>
              <![CDATA[expected [true] but found [false]]]>
            </message>
            <full-stacktrace>
              <![CDATA[java.lang.AssertionError: expected [true] but found [false]
	at org.testng.Assert.fail(Assert.java:93)
	at org.testng.Assert.failNotEquals(Assert.java:512)
	at org.testng.Assert.assertTrue(Assert.java:41)
	at org.testng.Assert.assertTrue(Assert.java:51)
	at mBankingUtilityCenter.ExtentManager.assertResponse(ExtentManager.java:141)
	at mBankingControlCenter.FinancialTransactions.IMPSP2ABeneficiarySearchListenquiry(FinancialTransactions.java:116)
	at sun.reflect.NativeMethodAccessorImpl.invoke0(Native Method)
	at sun.reflect.NativeMethodAccessorImpl.invoke(NativeMethodAccessorImpl.java:62)
	at sun.reflect.DelegatingMethodAccessorImpl.invoke(DelegatingMethodAccessorImpl.java:43)
	at java.lang.reflect.Method.invoke(Method.java:498)
	at org.testng.internal.MethodInvocationHelper.invokeMethod(MethodInvocationHelper.java:108)
	at org.testng.internal.Invoker.invokeMethod(Invoker.java:669)
	at org.testng.internal.Invoker.invokeTestMethod(Invoker.java:877)
	at org.testng.internal.Invoker.invokeTestMethods(Invoker.java:1201)
	at org.testng.internal.TestMethodWorker.invokeTestMethods(TestMethodWorker.java:125)
	at org.testng.internal.TestMethodWorker.run(TestMethodWorker.java:109)
	at org.testng.TestRunner.privateRun(TestRunner.java:776)
	at org.testng.TestRunner.run(TestRunner.java:634)
	at org.testng.SuiteRunner.runTest(SuiteRunner.java:425)
	at org.testng.SuiteRunner.runSequentially(SuiteRunner.java:420)
	at org.testng.SuiteRunner.privateRun(SuiteRunner.java:385)
	at org.testng.SuiteRunner.run(SuiteRunner.java:334)
	at org.testng.SuiteRunnerWorker.runSuite(SuiteRunnerWorker.java:52)
	at org.testng.SuiteRunnerWorker.run(SuiteRunnerWorker.java:86)
	at org.testng.TestNG.runSuitesSequentially(TestNG.java:1318)
	at org.testng.TestNG.runSuitesLocally(TestNG.java:1243)
	at org.testng.TestNG.runSuites(TestNG.java:1161)
	at org.testng.TestNG.run(TestNG.java:1129)
	at org.testng.remote.AbstractRemoteTestNG.run(AbstractRemoteTestNG.java:114)
	at org.testng.remote.RemoteTestNG.initAndRun(RemoteTestNG.java:251)
	at org.testng.remote.RemoteTestNG.main(RemoteTestNG.java:77)
]]>
            </full-stacktrace>
          </exception> <!-- java.lang.AssertionError -->
          <reporter-output>
          </reporter-output>
        </test-method> <!-- IMPSP2ABeneficiarySearchListenquiry -->
        <test-method status="PASS" signature="getResult(org.testng.ITestResult)[pri:0, instance:mBankingControlCenter.FinancialTransactions@15eaaf1]" name="getResult" is-config="true" duration-ms="0" started-at="2018-03-22T17:03:02Z" finished-at="2018-03-22T17:03:02Z">
          <params>
            <param index="0">
              <value>
                <![CDATA[[TestResult name=IMPSP2ABeneficiarySearchListenquiry status=FAILURE method=FinancialTransactions.IMPSP2ABeneficiarySearchListenquiry()[pri:12, instance:mBankingControlCenter.FinancialTransactions@15eaaf1] output={null}]]]>
              </value>
            </param>
          </params>
          <reporter-output>
          </reporter-output>
        </test-method> <!-- getResult -->
        <test-method status="PASS" signature="beforeMethod(java.lang.reflect.Method)[pri:0, instance:mBankingControlCenter.FinancialTransactions@15eaaf1]" name="beforeMethod" is-config="true" duration-ms="0" started-at="2018-03-22T17:03:02Z" finished-at="2018-03-22T17:03:02Z">
          <params>
            <param index="0">
              <value>
                <![CDATA[public void mBankingControlCenter.FinancialTransactions.IMPSP2ADeleteBeneficiaryListenquiry() throws java.io.IOException,java.sql.SQLException]]>
              </value>
            </param>
          </params>
          <reporter-output>
          </reporter-output>
        </test-method> <!-- beforeMethod -->
        <test-method status="FAIL" signature="IMPSP2ADeleteBeneficiaryListenquiry()[pri:13, instance:mBankingControlCenter.FinancialTransactions@15eaaf1]" name="IMPSP2ADeleteBeneficiaryListenquiry" duration-ms="1076" started-at="2018-03-22T17:03:02Z" finished-at="2018-03-22T17:03:03Z">
          <exception class="java.lang.AssertionError">
            <message>
              <![CDATA[expected [true] but found [false]]]>
            </message>
            <full-stacktrace>
              <![CDATA[java.lang.AssertionError: expected [true] but found [false]
	at org.testng.Assert.fail(Assert.java:93)
	at org.testng.Assert.failNotEquals(Assert.java:512)
	at org.testng.Assert.assertTrue(Assert.java:41)
	at org.testng.Assert.assertTrue(Assert.java:51)
	at mBankingUtilityCenter.ExtentManager.assertResponse(ExtentManager.java:141)
	at mBankingControlCenter.FinancialTransactions.IMPSP2ADeleteBeneficiaryListenquiry(FinancialTransactions.java:123)
	at sun.reflect.NativeMethodAccessorImpl.invoke0(Native Method)
	at sun.reflect.NativeMethodAccessorImpl.invoke(NativeMethodAccessorImpl.java:62)
	at sun.reflect.DelegatingMethodAccessorImpl.invoke(DelegatingMethodAccessorImpl.java:43)
	at java.lang.reflect.Method.invoke(Method.java:498)
	at org.testng.internal.MethodInvocationHelper.invokeMethod(MethodInvocationHelper.java:108)
	at org.testng.internal.Invoker.invokeMethod(Invoker.java:669)
	at org.testng.internal.Invoker.invokeTestMethod(Invoker.java:877)
	at org.testng.internal.Invoker.invokeTestMethods(Invoker.java:1201)
	at org.testng.internal.TestMethodWorker.invokeTestMethods(TestMethodWorker.java:125)
	at org.testng.internal.TestMethodWorker.run(TestMethodWorker.java:109)
	at org.testng.TestRunner.privateRun(TestRunner.java:776)
	at org.testng.TestRunner.run(TestRunner.java:634)
	at org.testng.SuiteRunner.runTest(SuiteRunner.java:425)
	at org.testng.SuiteRunner.runSequentially(SuiteRunner.java:420)
	at org.testng.SuiteRunner.privateRun(SuiteRunner.java:385)
	at org.testng.SuiteRunner.run(SuiteRunner.java:334)
	at org.testng.SuiteRunnerWorker.runSuite(SuiteRunnerWorker.java:52)
	at org.testng.SuiteRunnerWorker.run(SuiteRunnerWorker.java:86)
	at org.testng.TestNG.runSuitesSequentially(TestNG.java:1318)
	at org.testng.TestNG.runSuitesLocally(TestNG.java:1243)
	at org.testng.TestNG.runSuites(TestNG.java:1161)
	at org.testng.TestNG.run(TestNG.java:1129)
	at org.testng.remote.AbstractRemoteTestNG.run(AbstractRemoteTestNG.java:114)
	at org.testng.remote.RemoteTestNG.initAndRun(RemoteTestNG.java:251)
	at org.testng.remote.RemoteTestNG.main(RemoteTestNG.java:77)
]]>
            </full-stacktrace>
          </exception> <!-- java.lang.AssertionError -->
          <reporter-output>
          </reporter-output>
        </test-method> <!-- IMPSP2ADeleteBeneficiaryListenquiry -->
        <test-method status="PASS" signature="getResult(org.testng.ITestResult)[pri:0, instance:mBankingControlCenter.FinancialTransactions@15eaaf1]" name="getResult" is-config="true" duration-ms="1" started-at="2018-03-22T17:03:03Z" finished-at="2018-03-22T17:03:03Z">
          <params>
            <param index="0">
              <value>
                <![CDATA[[TestResult name=IMPSP2ADeleteBeneficiaryListenquiry status=FAILURE method=FinancialTransactions.IMPSP2ADeleteBeneficiaryListenquiry()[pri:13, instance:mBankingControlCenter.FinancialTransactions@15eaaf1] output={null}]]]>
              </value>
            </param>
          </params>
          <reporter-output>
          </reporter-output>
        </test-method> <!-- getResult -->
        <test-method status="PASS" signature="beforeMethod(java.lang.reflect.Method)[pri:0, instance:mBankingControlCenter.FinancialTransactions@15eaaf1]" name="beforeMethod" is-config="true" duration-ms="1" started-at="2018-03-22T17:03:03Z" finished-at="2018-03-22T17:03:03Z">
          <params>
            <param index="0">
              <value>
                <![CDATA[public void mBankingControlCenter.FinancialTransactions.IMPSP2ADeleteBeneficiaryConfirmation() throws java.io.IOException,java.sql.SQLException]]>
              </value>
            </param>
          </params>
          <reporter-output>
          </reporter-output>
        </test-method> <!-- beforeMethod -->
        <test-method status="FAIL" signature="IMPSP2ADeleteBeneficiaryConfirmation()[pri:14, instance:mBankingControlCenter.FinancialTransactions@15eaaf1]" name="IMPSP2ADeleteBeneficiaryConfirmation" duration-ms="1140" started-at="2018-03-22T17:03:03Z" finished-at="2018-03-22T17:03:04Z">
          <exception class="java.lang.AssertionError">
            <message>
              <![CDATA[expected [true] but found [false]]]>
            </message>
            <full-stacktrace>
              <![CDATA[java.lang.AssertionError: expected [true] but found [false]
	at org.testng.Assert.fail(Assert.java:93)
	at org.testng.Assert.failNotEquals(Assert.java:512)
	at org.testng.Assert.assertTrue(Assert.java:41)
	at org.testng.Assert.assertTrue(Assert.java:51)
	at mBankingUtilityCenter.ExtentManager.assertResponse(ExtentManager.java:141)
	at mBankingControlCenter.FinancialTransactions.IMPSP2ADeleteBeneficiaryConfirmation(FinancialTransactions.java:130)
	at sun.reflect.NativeMethodAccessorImpl.invoke0(Native Method)
	at sun.reflect.NativeMethodAccessorImpl.invoke(NativeMethodAccessorImpl.java:62)
	at sun.reflect.DelegatingMethodAccessorImpl.invoke(DelegatingMethodAccessorImpl.java:43)
	at java.lang.reflect.Method.invoke(Method.java:498)
	at org.testng.internal.MethodInvocationHelper.invokeMethod(MethodInvocationHelper.java:108)
	at org.testng.internal.Invoker.invokeMethod(Invoker.java:669)
	at org.testng.internal.Invoker.invokeTestMethod(Invoker.java:877)
	at org.testng.internal.Invoker.invokeTestMethods(Invoker.java:1201)
	at org.testng.internal.TestMethodWorker.invokeTestMethods(TestMethodWorker.java:125)
	at org.testng.internal.TestMethodWorker.run(TestMethodWorker.java:109)
	at org.testng.TestRunner.privateRun(TestRunner.java:776)
	at org.testng.TestRunner.run(TestRunner.java:634)
	at org.testng.SuiteRunner.runTest(SuiteRunner.java:425)
	at org.testng.SuiteRunner.runSequentially(SuiteRunner.java:420)
	at org.testng.SuiteRunner.privateRun(SuiteRunner.java:385)
	at org.testng.SuiteRunner.run(SuiteRunner.java:334)
	at org.testng.SuiteRunnerWorker.runSuite(SuiteRunnerWorker.java:52)
	at org.testng.SuiteRunnerWorker.run(SuiteRunnerWorker.java:86)
	at org.testng.TestNG.runSuitesSequentially(TestNG.java:1318)
	at org.testng.TestNG.runSuitesLocally(TestNG.java:1243)
	at org.testng.TestNG.runSuites(TestNG.java:1161)
	at org.testng.TestNG.run(TestNG.java:1129)
	at org.testng.remote.AbstractRemoteTestNG.run(AbstractRemoteTestNG.java:114)
	at org.testng.remote.RemoteTestNG.initAndRun(RemoteTestNG.java:251)
	at org.testng.remote.RemoteTestNG.main(RemoteTestNG.java:77)
]]>
            </full-stacktrace>
          </exception> <!-- java.lang.AssertionError -->
          <reporter-output>
          </reporter-output>
        </test-method> <!-- IMPSP2ADeleteBeneficiaryConfirmation -->
        <test-method status="PASS" signature="getResult(org.testng.ITestResult)[pri:0, instance:mBankingControlCenter.FinancialTransactions@15eaaf1]" name="getResult" is-config="true" duration-ms="0" started-at="2018-03-22T17:03:04Z" finished-at="2018-03-22T17:03:04Z">
          <params>
            <param index="0">
              <value>
                <![CDATA[[TestResult name=IMPSP2ADeleteBeneficiaryConfirmation status=FAILURE method=FinancialTransactions.IMPSP2ADeleteBeneficiaryConfirmation()[pri:14, instance:mBankingControlCenter.FinancialTransactions@15eaaf1] output={null}]]]>
              </value>
            </param>
          </params>
          <reporter-output>
          </reporter-output>
        </test-method> <!-- getResult -->
        <test-method status="PASS" signature="IMPSP2ABeneficiaryPaymentListenquiry()[pri:15, instance:mBankingControlCenter.FinancialTransactions@15eaaf1]" name="IMPSP2ABeneficiaryPaymentListenquiry" duration-ms="1463" started-at="2018-03-22T17:03:04Z" finished-at="2018-03-22T17:03:05Z">
          <reporter-output>
          </reporter-output>
        </test-method> <!-- IMPSP2ABeneficiaryPaymentListenquiry -->
        <test-method status="PASS" signature="beforeMethod(java.lang.reflect.Method)[pri:0, instance:mBankingControlCenter.FinancialTransactions@15eaaf1]" name="beforeMethod" is-config="true" duration-ms="0" started-at="2018-03-22T17:03:04Z" finished-at="2018-03-22T17:03:04Z">
          <params>
            <param index="0">
              <value>
                <![CDATA[public void mBankingControlCenter.FinancialTransactions.IMPSP2ABeneficiaryPaymentListenquiry() throws java.io.IOException,java.sql.SQLException]]>
              </value>
            </param>
          </params>
          <reporter-output>
          </reporter-output>
        </test-method> <!-- beforeMethod -->
        <test-method status="PASS" signature="getResult(org.testng.ITestResult)[pri:0, instance:mBankingControlCenter.FinancialTransactions@15eaaf1]" name="getResult" is-config="true" duration-ms="1" started-at="2018-03-22T17:03:05Z" finished-at="2018-03-22T17:03:05Z">
          <params>
            <param index="0">
              <value>
                <![CDATA[[TestResult name=IMPSP2ABeneficiaryPaymentListenquiry status=SUCCESS method=FinancialTransactions.IMPSP2ABeneficiaryPaymentListenquiry()[pri:15, instance:mBankingControlCenter.FinancialTransactions@15eaaf1] output={null}]]]>
              </value>
            </param>
          </params>
          <reporter-output>
          </reporter-output>
        </test-method> <!-- getResult -->
        <test-method status="PASS" signature="beforeMethod(java.lang.reflect.Method)[pri:0, instance:mBankingControlCenter.FinancialTransactions@15eaaf1]" name="beforeMethod" is-config="true" duration-ms="1" started-at="2018-03-22T17:03:05Z" finished-at="2018-03-22T17:03:05Z">
          <params>
            <param index="0">
              <value>
                <![CDATA[public void mBankingControlCenter.FinancialTransactions.IMPSP2ABeneficiaryPaymentConfirmation() throws java.io.IOException,java.sql.SQLException]]>
              </value>
            </param>
          </params>
          <reporter-output>
          </reporter-output>
        </test-method> <!-- beforeMethod -->
        <test-method status="FAIL" signature="IMPSP2ABeneficiaryPaymentConfirmation()[pri:16, instance:mBankingControlCenter.FinancialTransactions@15eaaf1]" name="IMPSP2ABeneficiaryPaymentConfirmation" duration-ms="1203" started-at="2018-03-22T17:03:05Z" finished-at="2018-03-22T17:03:07Z">
          <exception class="java.lang.AssertionError">
            <message>
              <![CDATA[expected [true] but found [false]]]>
            </message>
            <full-stacktrace>
              <![CDATA[java.lang.AssertionError: expected [true] but found [false]
	at org.testng.Assert.fail(Assert.java:93)
	at org.testng.Assert.failNotEquals(Assert.java:512)
	at org.testng.Assert.assertTrue(Assert.java:41)
	at org.testng.Assert.assertTrue(Assert.java:51)
	at mBankingUtilityCenter.ExtentManager.assertResponse(ExtentManager.java:141)
	at mBankingControlCenter.FinancialTransactions.IMPSP2ABeneficiaryPaymentConfirmation(FinancialTransactions.java:144)
	at sun.reflect.NativeMethodAccessorImpl.invoke0(Native Method)
	at sun.reflect.NativeMethodAccessorImpl.invoke(NativeMethodAccessorImpl.java:62)
	at sun.reflect.DelegatingMethodAccessorImpl.invoke(DelegatingMethodAccessorImpl.java:43)
	at java.lang.reflect.Method.invoke(Method.java:498)
	at org.testng.internal.MethodInvocationHelper.invokeMethod(MethodInvocationHelper.java:108)
	at org.testng.internal.Invoker.invokeMethod(Invoker.java:669)
	at org.testng.internal.Invoker.invokeTestMethod(Invoker.java:877)
	at org.testng.internal.Invoker.invokeTestMethods(Invoker.java:1201)
	at org.testng.internal.TestMethodWorker.invokeTestMethods(TestMethodWorker.java:125)
	at org.testng.internal.TestMethodWorker.run(TestMethodWorker.java:109)
	at org.testng.TestRunner.privateRun(TestRunner.java:776)
	at org.testng.TestRunner.run(TestRunner.java:634)
	at org.testng.SuiteRunner.runTest(SuiteRunner.java:425)
	at org.testng.SuiteRunner.runSequentially(SuiteRunner.java:420)
	at org.testng.SuiteRunner.privateRun(SuiteRunner.java:385)
	at org.testng.SuiteRunner.run(SuiteRunner.java:334)
	at org.testng.SuiteRunnerWorker.runSuite(SuiteRunnerWorker.java:52)
	at org.testng.SuiteRunnerWorker.run(SuiteRunnerWorker.java:86)
	at org.testng.TestNG.runSuitesSequentially(TestNG.java:1318)
	at org.testng.TestNG.runSuitesLocally(TestNG.java:1243)
	at org.testng.TestNG.runSuites(TestNG.java:1161)
	at org.testng.TestNG.run(TestNG.java:1129)
	at org.testng.remote.AbstractRemoteTestNG.run(AbstractRemoteTestNG.java:114)
	at org.testng.remote.RemoteTestNG.initAndRun(RemoteTestNG.java:251)
	at org.testng.remote.RemoteTestNG.main(RemoteTestNG.java:77)
]]>
            </full-stacktrace>
          </exception> <!-- java.lang.AssertionError -->
          <reporter-output>
          </reporter-output>
        </test-method> <!-- IMPSP2ABeneficiaryPaymentConfirmation -->
        <test-method status="PASS" signature="getResult(org.testng.ITestResult)[pri:0, instance:mBankingControlCenter.FinancialTransactions@15eaaf1]" name="getResult" is-config="true" duration-ms="0" started-at="2018-03-22T17:03:07Z" finished-at="2018-03-22T17:03:07Z">
          <params>
            <param index="0">
              <value>
                <![CDATA[[TestResult name=IMPSP2ABeneficiaryPaymentConfirmation status=FAILURE method=FinancialTransactions.IMPSP2ABeneficiaryPaymentConfirmation()[pri:16, instance:mBankingControlCenter.FinancialTransactions@15eaaf1] output={null}]]]>
              </value>
            </param>
          </params>
          <reporter-output>
          </reporter-output>
        </test-method> <!-- getResult -->
        <test-method status="PASS" signature="IMPSP2UAddBeneficiary()[pri:17, instance:mBankingControlCenter.FinancialTransactions@15eaaf1]" name="IMPSP2UAddBeneficiary" duration-ms="5" started-at="2018-03-22T17:03:07Z" finished-at="2018-03-22T17:03:07Z">
          <reporter-output>
          </reporter-output>
        </test-method> <!-- IMPSP2UAddBeneficiary -->
        <test-method status="PASS" signature="beforeMethod(java.lang.reflect.Method)[pri:0, instance:mBankingControlCenter.FinancialTransactions@15eaaf1]" name="beforeMethod" is-config="true" duration-ms="0" started-at="2018-03-22T17:03:07Z" finished-at="2018-03-22T17:03:07Z">
          <params>
            <param index="0">
              <value>
                <![CDATA[public void mBankingControlCenter.FinancialTransactions.IMPSP2UAddBeneficiary() throws java.io.IOException,java.sql.SQLException]]>
              </value>
            </param>
          </params>
          <reporter-output>
          </reporter-output>
        </test-method> <!-- beforeMethod -->
        <test-method status="PASS" signature="getResult(org.testng.ITestResult)[pri:0, instance:mBankingControlCenter.FinancialTransactions@15eaaf1]" name="getResult" is-config="true" duration-ms="1" started-at="2018-03-22T17:03:07Z" finished-at="2018-03-22T17:03:07Z">
          <params>
            <param index="0">
              <value>
                <![CDATA[[TestResult name=IMPSP2UAddBeneficiary status=SUCCESS method=FinancialTransactions.IMPSP2UAddBeneficiary()[pri:17, instance:mBankingControlCenter.FinancialTransactions@15eaaf1] output={null}]]]>
              </value>
            </param>
          </params>
          <reporter-output>
          </reporter-output>
        </test-method> <!-- getResult -->
        <test-method status="PASS" signature="beforeMethod(java.lang.reflect.Method)[pri:0, instance:mBankingControlCenter.FinancialTransactions@15eaaf1]" name="beforeMethod" is-config="true" duration-ms="1" started-at="2018-03-22T17:03:07Z" finished-at="2018-03-22T17:03:07Z">
          <params>
            <param index="0">
              <value>
                <![CDATA[public void mBankingControlCenter.FinancialTransactions.IMPSP2UAddBeneficiaryconfirmation() throws java.io.IOException,java.sql.SQLException]]>
              </value>
            </param>
          </params>
          <reporter-output>
          </reporter-output>
        </test-method> <!-- beforeMethod -->
        <test-method status="PASS" signature="IMPSP2UAddBeneficiaryconfirmation()[pri:18, instance:mBankingControlCenter.FinancialTransactions@15eaaf1]" name="IMPSP2UAddBeneficiaryconfirmation" duration-ms="1" started-at="2018-03-22T17:03:07Z" finished-at="2018-03-22T17:03:07Z">
          <reporter-output>
          </reporter-output>
        </test-method> <!-- IMPSP2UAddBeneficiaryconfirmation -->
        <test-method status="PASS" signature="getResult(org.testng.ITestResult)[pri:0, instance:mBankingControlCenter.FinancialTransactions@15eaaf1]" name="getResult" is-config="true" duration-ms="1" started-at="2018-03-22T17:03:07Z" finished-at="2018-03-22T17:03:07Z">
          <params>
            <param index="0">
              <value>
                <![CDATA[[TestResult name=IMPSP2UAddBeneficiaryconfirmation status=SUCCESS method=FinancialTransactions.IMPSP2UAddBeneficiaryconfirmation()[pri:18, instance:mBankingControlCenter.FinancialTransactions@15eaaf1] output={null}]]]>
              </value>
            </param>
          </params>
          <reporter-output>
          </reporter-output>
        </test-method> <!-- getResult -->
        <test-method status="PASS" signature="beforeMethod(java.lang.reflect.Method)[pri:0, instance:mBankingControlCenter.FinancialTransactions@15eaaf1]" name="beforeMethod" is-config="true" duration-ms="1" started-at="2018-03-22T17:03:07Z" finished-at="2018-03-22T17:03:07Z">
          <params>
            <param index="0">
              <value>
                <![CDATA[public void mBankingControlCenter.FinancialTransactions.IMPSP2UBeneficiarySearchListenquiry() throws java.io.IOException,java.sql.SQLException]]>
              </value>
            </param>
          </params>
          <reporter-output>
          </reporter-output>
        </test-method> <!-- beforeMethod -->
        <test-method status="PASS" signature="IMPSP2UBeneficiarySearchListenquiry()[pri:19, instance:mBankingControlCenter.FinancialTransactions@15eaaf1]" name="IMPSP2UBeneficiarySearchListenquiry" duration-ms="1" started-at="2018-03-22T17:03:07Z" finished-at="2018-03-22T17:03:07Z">
          <reporter-output>
          </reporter-output>
        </test-method> <!-- IMPSP2UBeneficiarySearchListenquiry -->
        <test-method status="PASS" signature="getResult(org.testng.ITestResult)[pri:0, instance:mBankingControlCenter.FinancialTransactions@15eaaf1]" name="getResult" is-config="true" duration-ms="0" started-at="2018-03-22T17:03:07Z" finished-at="2018-03-22T17:03:07Z">
          <params>
            <param index="0">
              <value>
                <![CDATA[[TestResult name=IMPSP2UBeneficiarySearchListenquiry status=SUCCESS method=FinancialTransactions.IMPSP2UBeneficiarySearchListenquiry()[pri:19, instance:mBankingControlCenter.FinancialTransactions@15eaaf1] output={null}]]]>
              </value>
            </param>
          </params>
          <reporter-output>
          </reporter-output>
        </test-method> <!-- getResult -->
        <test-method status="PASS" signature="IMPSP2UDeleteBeneficiaryListenquiry()[pri:20, instance:mBankingControlCenter.FinancialTransactions@15eaaf1]" name="IMPSP2UDeleteBeneficiaryListenquiry" duration-ms="1" started-at="2018-03-22T17:03:07Z" finished-at="2018-03-22T17:03:07Z">
          <reporter-output>
          </reporter-output>
        </test-method> <!-- IMPSP2UDeleteBeneficiaryListenquiry -->
        <test-method status="PASS" signature="beforeMethod(java.lang.reflect.Method)[pri:0, instance:mBankingControlCenter.FinancialTransactions@15eaaf1]" name="beforeMethod" is-config="true" duration-ms="0" started-at="2018-03-22T17:03:07Z" finished-at="2018-03-22T17:03:07Z">
          <params>
            <param index="0">
              <value>
                <![CDATA[public void mBankingControlCenter.FinancialTransactions.IMPSP2UDeleteBeneficiaryListenquiry() throws java.io.IOException,java.sql.SQLException]]>
              </value>
            </param>
          </params>
          <reporter-output>
          </reporter-output>
        </test-method> <!-- beforeMethod -->
        <test-method status="PASS" signature="getResult(org.testng.ITestResult)[pri:0, instance:mBankingControlCenter.FinancialTransactions@15eaaf1]" name="getResult" is-config="true" duration-ms="1" started-at="2018-03-22T17:03:07Z" finished-at="2018-03-22T17:03:07Z">
          <params>
            <param index="0">
              <value>
                <![CDATA[[TestResult name=IMPSP2UDeleteBeneficiaryListenquiry status=SUCCESS method=FinancialTransactions.IMPSP2UDeleteBeneficiaryListenquiry()[pri:20, instance:mBankingControlCenter.FinancialTransactions@15eaaf1] output={null}]]]>
              </value>
            </param>
          </params>
          <reporter-output>
          </reporter-output>
        </test-method> <!-- getResult -->
        <test-method status="PASS" signature="IMPSP2UDeleteBeneficiaryConfirmation()[pri:21, instance:mBankingControlCenter.FinancialTransactions@15eaaf1]" name="IMPSP2UDeleteBeneficiaryConfirmation" duration-ms="1" started-at="2018-03-22T17:03:07Z" finished-at="2018-03-22T17:03:07Z">
          <reporter-output>
          </reporter-output>
        </test-method> <!-- IMPSP2UDeleteBeneficiaryConfirmation -->
        <test-method status="PASS" signature="beforeMethod(java.lang.reflect.Method)[pri:0, instance:mBankingControlCenter.FinancialTransactions@15eaaf1]" name="beforeMethod" is-config="true" duration-ms="0" started-at="2018-03-22T17:03:07Z" finished-at="2018-03-22T17:03:07Z">
          <params>
            <param index="0">
              <value>
                <![CDATA[public void mBankingControlCenter.FinancialTransactions.IMPSP2UDeleteBeneficiaryConfirmation() throws java.io.IOException,java.sql.SQLException]]>
              </value>
            </param>
          </params>
          <reporter-output>
          </reporter-output>
        </test-method> <!-- beforeMethod -->
        <test-method status="PASS" signature="IMPSP2UBeneficiaryPaymentListenquiry()[pri:22, instance:mBankingControlCenter.FinancialTransactions@15eaaf1]" name="IMPSP2UBeneficiaryPaymentListenquiry" duration-ms="1" started-at="2018-03-22T17:03:07Z" finished-at="2018-03-22T17:03:07Z">
          <reporter-output>
          </reporter-output>
        </test-method> <!-- IMPSP2UBeneficiaryPaymentListenquiry -->
        <test-method status="PASS" signature="getResult(org.testng.ITestResult)[pri:0, instance:mBankingControlCenter.FinancialTransactions@15eaaf1]" name="getResult" is-config="true" duration-ms="0" started-at="2018-03-22T17:03:07Z" finished-at="2018-03-22T17:03:07Z">
          <params>
            <param index="0">
              <value>
                <![CDATA[[TestResult name=IMPSP2UDeleteBeneficiaryConfirmation status=SUCCESS method=FinancialTransactions.IMPSP2UDeleteBeneficiaryConfirmation()[pri:21, instance:mBankingControlCenter.FinancialTransactions@15eaaf1] output={null}]]]>
              </value>
            </param>
          </params>
          <reporter-output>
          </reporter-output>
        </test-method> <!-- getResult -->
        <test-method status="PASS" signature="beforeMethod(java.lang.reflect.Method)[pri:0, instance:mBankingControlCenter.FinancialTransactions@15eaaf1]" name="beforeMethod" is-config="true" duration-ms="0" started-at="2018-03-22T17:03:07Z" finished-at="2018-03-22T17:03:07Z">
          <params>
            <param index="0">
              <value>
                <![CDATA[public void mBankingControlCenter.FinancialTransactions.IMPSP2UBeneficiaryPaymentListenquiry() throws java.io.IOException,java.sql.SQLException]]>
              </value>
            </param>
          </params>
          <reporter-output>
          </reporter-output>
        </test-method> <!-- beforeMethod -->
        <test-method status="PASS" signature="beforeMethod(java.lang.reflect.Method)[pri:0, instance:mBankingControlCenter.FinancialTransactions@15eaaf1]" name="beforeMethod" is-config="true" duration-ms="1" started-at="2018-03-22T17:03:07Z" finished-at="2018-03-22T17:03:07Z">
          <params>
            <param index="0">
              <value>
                <![CDATA[public void mBankingControlCenter.FinancialTransactions.IMPSP2UBeneficiaryPaymentConfirmation() throws java.io.IOException,java.sql.SQLException]]>
              </value>
            </param>
          </params>
          <reporter-output>
          </reporter-output>
        </test-method> <!-- beforeMethod -->
        <test-method status="PASS" signature="getResult(org.testng.ITestResult)[pri:0, instance:mBankingControlCenter.FinancialTransactions@15eaaf1]" name="getResult" is-config="true" duration-ms="0" started-at="2018-03-22T17:03:07Z" finished-at="2018-03-22T17:03:07Z">
          <params>
            <param index="0">
              <value>
                <![CDATA[[TestResult name=IMPSP2UBeneficiaryPaymentListenquiry status=SUCCESS method=FinancialTransactions.IMPSP2UBeneficiaryPaymentListenquiry()[pri:22, instance:mBankingControlCenter.FinancialTransactions@15eaaf1] output={null}]]]>
              </value>
            </param>
          </params>
          <reporter-output>
          </reporter-output>
        </test-method> <!-- getResult -->
        <test-method status="PASS" signature="IMPSP2UBeneficiaryPaymentConfirmation()[pri:23, instance:mBankingControlCenter.FinancialTransactions@15eaaf1]" name="IMPSP2UBeneficiaryPaymentConfirmation" duration-ms="0" started-at="2018-03-22T17:03:07Z" finished-at="2018-03-22T17:03:07Z">
          <reporter-output>
          </reporter-output>
        </test-method> <!-- IMPSP2UBeneficiaryPaymentConfirmation -->
        <test-method status="PASS" signature="getResult(org.testng.ITestResult)[pri:0, instance:mBankingControlCenter.FinancialTransactions@15eaaf1]" name="getResult" is-config="true" duration-ms="0" started-at="2018-03-22T17:03:07Z" finished-at="2018-03-22T17:03:07Z">
          <params>
            <param index="0">
              <value>
                <![CDATA[[TestResult name=IMPSP2UBeneficiaryPaymentConfirmation status=SUCCESS method=FinancialTransactions.IMPSP2UBeneficiaryPaymentConfirmation()[pri:23, instance:mBankingControlCenter.FinancialTransactions@15eaaf1] output={null}]]]>
              </value>
            </param>
          </params>
          <reporter-output>
          </reporter-output>
        </test-method> <!-- getResult -->
        <test-method status="PASS" signature="endReport()[pri:0, instance:mBankingControlCenter.FinancialTransactions@15eaaf1]" name="endReport" is-config="true" duration-ms="238" started-at="2018-03-22T17:03:07Z" finished-at="2018-03-22T17:03:07Z">
          <reporter-output>
          </reporter-output>
        </test-method> <!-- endReport -->
      </class> <!-- mBankingControlCenter.FinancialTransactions -->
    </test> <!-- Default test -->
  </suite> <!-- Default suite -->
</testng-results>
