<?xml version="1.0" encoding="UTF-8"?>
<testng-results skipped="0" failed="9" ignored="0" total="29" passed="20">
  <reporter-output>
  </reporter-output>
  <suite name="Default suite" duration-ms="123957" started-at="2018-01-19T14:15:58Z" finished-at="2018-01-19T14:18:02Z">
    <groups>
    </groups>
    <test name="Default test" duration-ms="123957" started-at="2018-01-19T14:15:58Z" finished-at="2018-01-19T14:18:02Z">
      <class name="mBankingControlCenter.MobileBanking">
        <test-method status="PASS" signature="startReport()[pri:0, instance:mBankingControlCenter.MobileBanking@a3426]" name="startReport" is-config="true" duration-ms="1107" started-at="2018-01-19T19:45:58Z" finished-at="2018-01-19T19:45:59Z">
          <reporter-output>
          </reporter-output>
        </test-method> <!-- startReport -->
        <test-method status="PASS" signature="AccountSync()[pri:0, instance:mBankingControlCenter.MobileBanking@a3426]" name="AccountSync" duration-ms="11272" started-at="2018-01-19T19:45:59Z" finished-at="2018-01-19T19:46:10Z">
          <reporter-output>
          </reporter-output>
        </test-method> <!-- AccountSync -->
        <test-method status="PASS" signature="getResult(org.testng.ITestResult)[pri:0, instance:mBankingControlCenter.MobileBanking@a3426]" name="getResult" is-config="true" duration-ms="6" started-at="2018-01-19T19:46:10Z" finished-at="2018-01-19T19:46:10Z">
          <params>
            <param index="0">
              <value>
                <![CDATA[[TestResult name=AccountSync status=SUCCESS method=MobileBanking.AccountSync()[pri:0, instance:mBankingControlCenter.MobileBanking@a3426] output={null}]]]>
              </value>
            </param>
          </params>
          <reporter-output>
          </reporter-output>
        </test-method> <!-- getResult -->
        <test-method status="PASS" signature="BalanceEnquiry()[pri:0, instance:mBankingControlCenter.MobileBanking@a3426]" name="BalanceEnquiry" duration-ms="2707" started-at="2018-01-19T19:46:10Z" finished-at="2018-01-19T19:46:13Z">
          <reporter-output>
          </reporter-output>
        </test-method> <!-- BalanceEnquiry -->
        <test-method status="PASS" signature="CancelMMIDAll()[pri:0, instance:mBankingControlCenter.MobileBanking@a3426]" name="CancelMMIDAll" duration-ms="3094" started-at="2018-01-19T19:46:13Z" finished-at="2018-01-19T19:46:16Z">
          <reporter-output>
          </reporter-output>
        </test-method> <!-- CancelMMIDAll -->
        <test-method status="PASS" signature="getResult(org.testng.ITestResult)[pri:0, instance:mBankingControlCenter.MobileBanking@a3426]" name="getResult" is-config="true" duration-ms="0" started-at="2018-01-19T19:46:13Z" finished-at="2018-01-19T19:46:13Z">
          <params>
            <param index="0">
              <value>
                <![CDATA[[TestResult name=BalanceEnquiry status=SUCCESS method=MobileBanking.BalanceEnquiry()[pri:0, instance:mBankingControlCenter.MobileBanking@a3426] output={null}]]]>
              </value>
            </param>
          </params>
          <reporter-output>
          </reporter-output>
        </test-method> <!-- getResult -->
        <test-method status="PASS" signature="getResult(org.testng.ITestResult)[pri:0, instance:mBankingControlCenter.MobileBanking@a3426]" name="getResult" is-config="true" duration-ms="0" started-at="2018-01-19T19:46:16Z" finished-at="2018-01-19T19:46:16Z">
          <params>
            <param index="0">
              <value>
                <![CDATA[[TestResult name=CancelMMIDAll status=SUCCESS method=MobileBanking.CancelMMIDAll()[pri:0, instance:mBankingControlCenter.MobileBanking@a3426] output={null}]]]>
              </value>
            </param>
          </params>
          <reporter-output>
          </reporter-output>
        </test-method> <!-- getResult -->
        <test-method status="PASS" signature="CancelMMIDSingle()[pri:0, instance:mBankingControlCenter.MobileBanking@a3426]" name="CancelMMIDSingle" duration-ms="3869" started-at="2018-01-19T19:46:16Z" finished-at="2018-01-19T19:46:20Z">
          <reporter-output>
          </reporter-output>
        </test-method> <!-- CancelMMIDSingle -->
        <test-method status="PASS" signature="getResult(org.testng.ITestResult)[pri:0, instance:mBankingControlCenter.MobileBanking@a3426]" name="getResult" is-config="true" duration-ms="1" started-at="2018-01-19T19:46:20Z" finished-at="2018-01-19T19:46:20Z">
          <params>
            <param index="0">
              <value>
                <![CDATA[[TestResult name=CancelMMIDSingle status=SUCCESS method=MobileBanking.CancelMMIDSingle()[pri:0, instance:mBankingControlCenter.MobileBanking@a3426] output={null}]]]>
              </value>
            </param>
          </params>
          <reporter-output>
          </reporter-output>
        </test-method> <!-- getResult -->
        <test-method status="PASS" signature="ChequeStatus()[pri:0, instance:mBankingControlCenter.MobileBanking@a3426]" name="ChequeStatus" duration-ms="2849" started-at="2018-01-19T19:46:20Z" finished-at="2018-01-19T19:46:23Z">
          <reporter-output>
          </reporter-output>
        </test-method> <!-- ChequeStatus -->
        <test-method status="PASS" signature="getResult(org.testng.ITestResult)[pri:0, instance:mBankingControlCenter.MobileBanking@a3426]" name="getResult" is-config="true" duration-ms="1" started-at="2018-01-19T19:46:23Z" finished-at="2018-01-19T19:46:23Z">
          <params>
            <param index="0">
              <value>
                <![CDATA[[TestResult name=ChequeStatus status=SUCCESS method=MobileBanking.ChequeStatus()[pri:0, instance:mBankingControlCenter.MobileBanking@a3426] output={null}]]]>
              </value>
            </param>
          </params>
          <reporter-output>
          </reporter-output>
        </test-method> <!-- getResult -->
        <test-method status="PASS" signature="EmailIDFetch()[pri:0, instance:mBankingControlCenter.MobileBanking@a3426]" name="EmailIDFetch" duration-ms="1472" started-at="2018-01-19T19:46:23Z" finished-at="2018-01-19T19:46:24Z">
          <reporter-output>
          </reporter-output>
        </test-method> <!-- EmailIDFetch -->
        <test-method status="PASS" signature="getResult(org.testng.ITestResult)[pri:0, instance:mBankingControlCenter.MobileBanking@a3426]" name="getResult" is-config="true" duration-ms="1" started-at="2018-01-19T19:46:24Z" finished-at="2018-01-19T19:46:24Z">
          <params>
            <param index="0">
              <value>
                <![CDATA[[TestResult name=EmailIDFetch status=SUCCESS method=MobileBanking.EmailIDFetch()[pri:0, instance:mBankingControlCenter.MobileBanking@a3426] output={null}]]]>
              </value>
            </param>
          </params>
          <reporter-output>
          </reporter-output>
        </test-method> <!-- getResult -->
        <test-method status="PASS" signature="EmailIDUpdate()[pri:0, instance:mBankingControlCenter.MobileBanking@a3426]" name="EmailIDUpdate" duration-ms="2438" started-at="2018-01-19T19:46:24Z" finished-at="2018-01-19T19:46:27Z">
          <reporter-output>
          </reporter-output>
        </test-method> <!-- EmailIDUpdate -->
        <test-method status="PASS" signature="getResult(org.testng.ITestResult)[pri:0, instance:mBankingControlCenter.MobileBanking@a3426]" name="getResult" is-config="true" duration-ms="1" started-at="2018-01-19T19:46:27Z" finished-at="2018-01-19T19:46:27Z">
          <params>
            <param index="0">
              <value>
                <![CDATA[[TestResult name=EmailIDUpdate status=SUCCESS method=MobileBanking.EmailIDUpdate()[pri:0, instance:mBankingControlCenter.MobileBanking@a3426] output={null}]]]>
              </value>
            </param>
          </params>
          <reporter-output>
          </reporter-output>
        </test-method> <!-- getResult -->
        <test-method status="PASS" signature="GenerateMMID()[pri:0, instance:mBankingControlCenter.MobileBanking@a3426]" name="GenerateMMID" duration-ms="2192" started-at="2018-01-19T19:46:27Z" finished-at="2018-01-19T19:46:29Z">
          <reporter-output>
          </reporter-output>
        </test-method> <!-- GenerateMMID -->
        <test-method status="PASS" signature="getResult(org.testng.ITestResult)[pri:0, instance:mBankingControlCenter.MobileBanking@a3426]" name="getResult" is-config="true" duration-ms="0" started-at="2018-01-19T19:46:29Z" finished-at="2018-01-19T19:46:29Z">
          <params>
            <param index="0">
              <value>
                <![CDATA[[TestResult name=GenerateMMID status=SUCCESS method=MobileBanking.GenerateMMID()[pri:0, instance:mBankingControlCenter.MobileBanking@a3426] output={null}]]]>
              </value>
            </param>
          </params>
          <reporter-output>
          </reporter-output>
        </test-method> <!-- getResult -->
        <test-method status="FAIL" signature="IMPSP2AAddBeneficiary()[pri:0, instance:mBankingControlCenter.MobileBanking@a3426]" name="IMPSP2AAddBeneficiary" duration-ms="1661" started-at="2018-01-19T19:46:29Z" finished-at="2018-01-19T19:46:31Z">
          <exception class="java.lang.AssertionError">
            <message>
              <![CDATA[expected [true] but found [false]]]>
            </message>
            <full-stacktrace>
              <![CDATA[java.lang.AssertionError: expected [true] but found [false]
	at org.testng.Assert.fail(Assert.java:93)
	at org.testng.Assert.failNotEquals(Assert.java:512)
	at org.testng.Assert.assertTrue(Assert.java:41)
	at org.testng.Assert.assertTrue(Assert.java:51)
	at mBankingControlCenter.MobileBanking.IMPSP2AAddBeneficiary(MobileBanking.java:248)
	at sun.reflect.NativeMethodAccessorImpl.invoke0(Native Method)
	at sun.reflect.NativeMethodAccessorImpl.invoke(NativeMethodAccessorImpl.java:62)
	at sun.reflect.DelegatingMethodAccessorImpl.invoke(DelegatingMethodAccessorImpl.java:43)
	at java.lang.reflect.Method.invoke(Method.java:498)
	at org.testng.internal.MethodInvocationHelper.invokeMethod(MethodInvocationHelper.java:108)
	at org.testng.internal.Invoker.invokeMethod(Invoker.java:669)
	at org.testng.internal.Invoker.invokeTestMethod(Invoker.java:877)
	at org.testng.internal.Invoker.invokeTestMethods(Invoker.java:1201)
	at org.testng.internal.TestMethodWorker.invokeTestMethods(TestMethodWorker.java:125)
	at org.testng.internal.TestMethodWorker.run(TestMethodWorker.java:109)
	at org.testng.TestRunner.privateRun(TestRunner.java:776)
	at org.testng.TestRunner.run(TestRunner.java:634)
	at org.testng.SuiteRunner.runTest(SuiteRunner.java:425)
	at org.testng.SuiteRunner.runSequentially(SuiteRunner.java:420)
	at org.testng.SuiteRunner.privateRun(SuiteRunner.java:385)
	at org.testng.SuiteRunner.run(SuiteRunner.java:334)
	at org.testng.SuiteRunnerWorker.runSuite(SuiteRunnerWorker.java:52)
	at org.testng.SuiteRunnerWorker.run(SuiteRunnerWorker.java:86)
	at org.testng.TestNG.runSuitesSequentially(TestNG.java:1318)
	at org.testng.TestNG.runSuitesLocally(TestNG.java:1243)
	at org.testng.TestNG.runSuites(TestNG.java:1161)
	at org.testng.TestNG.run(TestNG.java:1129)
	at org.testng.remote.AbstractRemoteTestNG.run(AbstractRemoteTestNG.java:114)
	at org.testng.remote.RemoteTestNG.initAndRun(RemoteTestNG.java:251)
	at org.testng.remote.RemoteTestNG.main(RemoteTestNG.java:77)
]]>
            </full-stacktrace>
          </exception> <!-- java.lang.AssertionError -->
          <reporter-output>
          </reporter-output>
        </test-method> <!-- IMPSP2AAddBeneficiary -->
        <test-method status="PASS" signature="getResult(org.testng.ITestResult)[pri:0, instance:mBankingControlCenter.MobileBanking@a3426]" name="getResult" is-config="true" duration-ms="1" started-at="2018-01-19T19:46:31Z" finished-at="2018-01-19T19:46:31Z">
          <params>
            <param index="0">
              <value>
                <![CDATA[[TestResult name=IMPSP2AAddBeneficiary status=FAILURE method=MobileBanking.IMPSP2AAddBeneficiary()[pri:0, instance:mBankingControlCenter.MobileBanking@a3426] output={null}]]]>
              </value>
            </param>
          </params>
          <reporter-output>
          </reporter-output>
        </test-method> <!-- getResult -->
        <test-method status="FAIL" signature="IMPSP2AAddBeneficiaryconfirmation()[pri:0, instance:mBankingControlCenter.MobileBanking@a3426]" name="IMPSP2AAddBeneficiaryconfirmation" duration-ms="336" started-at="2018-01-19T19:46:31Z" finished-at="2018-01-19T19:46:31Z">
          <exception class="java.lang.AssertionError">
            <message>
              <![CDATA[expected [true] but found [false]]]>
            </message>
            <full-stacktrace>
              <![CDATA[java.lang.AssertionError: expected [true] but found [false]
	at org.testng.Assert.fail(Assert.java:93)
	at org.testng.Assert.failNotEquals(Assert.java:512)
	at org.testng.Assert.assertTrue(Assert.java:41)
	at org.testng.Assert.assertTrue(Assert.java:51)
	at mBankingControlCenter.MobileBanking.IMPSP2AAddBeneficiaryconfirmation(MobileBanking.java:257)
	at sun.reflect.NativeMethodAccessorImpl.invoke0(Native Method)
	at sun.reflect.NativeMethodAccessorImpl.invoke(NativeMethodAccessorImpl.java:62)
	at sun.reflect.DelegatingMethodAccessorImpl.invoke(DelegatingMethodAccessorImpl.java:43)
	at java.lang.reflect.Method.invoke(Method.java:498)
	at org.testng.internal.MethodInvocationHelper.invokeMethod(MethodInvocationHelper.java:108)
	at org.testng.internal.Invoker.invokeMethod(Invoker.java:669)
	at org.testng.internal.Invoker.invokeTestMethod(Invoker.java:877)
	at org.testng.internal.Invoker.invokeTestMethods(Invoker.java:1201)
	at org.testng.internal.TestMethodWorker.invokeTestMethods(TestMethodWorker.java:125)
	at org.testng.internal.TestMethodWorker.run(TestMethodWorker.java:109)
	at org.testng.TestRunner.privateRun(TestRunner.java:776)
	at org.testng.TestRunner.run(TestRunner.java:634)
	at org.testng.SuiteRunner.runTest(SuiteRunner.java:425)
	at org.testng.SuiteRunner.runSequentially(SuiteRunner.java:420)
	at org.testng.SuiteRunner.privateRun(SuiteRunner.java:385)
	at org.testng.SuiteRunner.run(SuiteRunner.java:334)
	at org.testng.SuiteRunnerWorker.runSuite(SuiteRunnerWorker.java:52)
	at org.testng.SuiteRunnerWorker.run(SuiteRunnerWorker.java:86)
	at org.testng.TestNG.runSuitesSequentially(TestNG.java:1318)
	at org.testng.TestNG.runSuitesLocally(TestNG.java:1243)
	at org.testng.TestNG.runSuites(TestNG.java:1161)
	at org.testng.TestNG.run(TestNG.java:1129)
	at org.testng.remote.AbstractRemoteTestNG.run(AbstractRemoteTestNG.java:114)
	at org.testng.remote.RemoteTestNG.initAndRun(RemoteTestNG.java:251)
	at org.testng.remote.RemoteTestNG.main(RemoteTestNG.java:77)
]]>
            </full-stacktrace>
          </exception> <!-- java.lang.AssertionError -->
          <reporter-output>
          </reporter-output>
        </test-method> <!-- IMPSP2AAddBeneficiaryconfirmation -->
        <test-method status="PASS" signature="getResult(org.testng.ITestResult)[pri:0, instance:mBankingControlCenter.MobileBanking@a3426]" name="getResult" is-config="true" duration-ms="1" started-at="2018-01-19T19:46:31Z" finished-at="2018-01-19T19:46:31Z">
          <params>
            <param index="0">
              <value>
                <![CDATA[[TestResult name=IMPSP2AAddBeneficiaryconfirmation status=FAILURE method=MobileBanking.IMPSP2AAddBeneficiaryconfirmation()[pri:0, instance:mBankingControlCenter.MobileBanking@a3426] output={null}]]]>
              </value>
            </param>
          </params>
          <reporter-output>
          </reporter-output>
        </test-method> <!-- getResult -->
        <test-method status="FAIL" signature="IMPSP2ABeneficiaryPaymentConfirmation()[pri:0, instance:mBankingControlCenter.MobileBanking@a3426]" name="IMPSP2ABeneficiaryPaymentConfirmation" duration-ms="2005" started-at="2018-01-19T19:46:31Z" finished-at="2018-01-19T19:46:33Z">
          <exception class="java.lang.AssertionError">
            <message>
              <![CDATA[expected [true] but found [false]]]>
            </message>
            <full-stacktrace>
              <![CDATA[java.lang.AssertionError: expected [true] but found [false]
	at org.testng.Assert.fail(Assert.java:93)
	at org.testng.Assert.failNotEquals(Assert.java:512)
	at org.testng.Assert.assertTrue(Assert.java:41)
	at org.testng.Assert.assertTrue(Assert.java:51)
	at mBankingControlCenter.MobileBanking.IMPSP2ABeneficiaryPaymentConfirmation(MobileBanking.java:302)
	at sun.reflect.NativeMethodAccessorImpl.invoke0(Native Method)
	at sun.reflect.NativeMethodAccessorImpl.invoke(NativeMethodAccessorImpl.java:62)
	at sun.reflect.DelegatingMethodAccessorImpl.invoke(DelegatingMethodAccessorImpl.java:43)
	at java.lang.reflect.Method.invoke(Method.java:498)
	at org.testng.internal.MethodInvocationHelper.invokeMethod(MethodInvocationHelper.java:108)
	at org.testng.internal.Invoker.invokeMethod(Invoker.java:669)
	at org.testng.internal.Invoker.invokeTestMethod(Invoker.java:877)
	at org.testng.internal.Invoker.invokeTestMethods(Invoker.java:1201)
	at org.testng.internal.TestMethodWorker.invokeTestMethods(TestMethodWorker.java:125)
	at org.testng.internal.TestMethodWorker.run(TestMethodWorker.java:109)
	at org.testng.TestRunner.privateRun(TestRunner.java:776)
	at org.testng.TestRunner.run(TestRunner.java:634)
	at org.testng.SuiteRunner.runTest(SuiteRunner.java:425)
	at org.testng.SuiteRunner.runSequentially(SuiteRunner.java:420)
	at org.testng.SuiteRunner.privateRun(SuiteRunner.java:385)
	at org.testng.SuiteRunner.run(SuiteRunner.java:334)
	at org.testng.SuiteRunnerWorker.runSuite(SuiteRunnerWorker.java:52)
	at org.testng.SuiteRunnerWorker.run(SuiteRunnerWorker.java:86)
	at org.testng.TestNG.runSuitesSequentially(TestNG.java:1318)
	at org.testng.TestNG.runSuitesLocally(TestNG.java:1243)
	at org.testng.TestNG.runSuites(TestNG.java:1161)
	at org.testng.TestNG.run(TestNG.java:1129)
	at org.testng.remote.AbstractRemoteTestNG.run(AbstractRemoteTestNG.java:114)
	at org.testng.remote.RemoteTestNG.initAndRun(RemoteTestNG.java:251)
	at org.testng.remote.RemoteTestNG.main(RemoteTestNG.java:77)
]]>
            </full-stacktrace>
          </exception> <!-- java.lang.AssertionError -->
          <reporter-output>
          </reporter-output>
        </test-method> <!-- IMPSP2ABeneficiaryPaymentConfirmation -->
        <test-method status="PASS" signature="getResult(org.testng.ITestResult)[pri:0, instance:mBankingControlCenter.MobileBanking@a3426]" name="getResult" is-config="true" duration-ms="1" started-at="2018-01-19T19:46:33Z" finished-at="2018-01-19T19:46:33Z">
          <params>
            <param index="0">
              <value>
                <![CDATA[[TestResult name=IMPSP2ABeneficiaryPaymentConfirmation status=FAILURE method=MobileBanking.IMPSP2ABeneficiaryPaymentConfirmation()[pri:0, instance:mBankingControlCenter.MobileBanking@a3426] output={null}]]]>
              </value>
            </param>
          </params>
          <reporter-output>
          </reporter-output>
        </test-method> <!-- getResult -->
        <test-method status="PASS" signature="IMPSP2ABeneficiaryPaymentListenquiry()[pri:0, instance:mBankingControlCenter.MobileBanking@a3426]" name="IMPSP2ABeneficiaryPaymentListenquiry" duration-ms="1488" started-at="2018-01-19T19:46:33Z" finished-at="2018-01-19T19:46:34Z">
          <reporter-output>
          </reporter-output>
        </test-method> <!-- IMPSP2ABeneficiaryPaymentListenquiry -->
        <test-method status="PASS" signature="getResult(org.testng.ITestResult)[pri:0, instance:mBankingControlCenter.MobileBanking@a3426]" name="getResult" is-config="true" duration-ms="1" started-at="2018-01-19T19:46:34Z" finished-at="2018-01-19T19:46:34Z">
          <params>
            <param index="0">
              <value>
                <![CDATA[[TestResult name=IMPSP2ABeneficiaryPaymentListenquiry status=SUCCESS method=MobileBanking.IMPSP2ABeneficiaryPaymentListenquiry()[pri:0, instance:mBankingControlCenter.MobileBanking@a3426] output={null}]]]>
              </value>
            </param>
          </params>
          <reporter-output>
          </reporter-output>
        </test-method> <!-- getResult -->
        <test-method status="PASS" signature="IMPSP2ABeneficiarySearchListenquiry()[pri:0, instance:mBankingControlCenter.MobileBanking@a3426]" name="IMPSP2ABeneficiarySearchListenquiry" duration-ms="1581" started-at="2018-01-19T19:46:34Z" finished-at="2018-01-19T19:46:36Z">
          <reporter-output>
          </reporter-output>
        </test-method> <!-- IMPSP2ABeneficiarySearchListenquiry -->
        <test-method status="PASS" signature="getResult(org.testng.ITestResult)[pri:0, instance:mBankingControlCenter.MobileBanking@a3426]" name="getResult" is-config="true" duration-ms="1" started-at="2018-01-19T19:46:36Z" finished-at="2018-01-19T19:46:36Z">
          <params>
            <param index="0">
              <value>
                <![CDATA[[TestResult name=IMPSP2ABeneficiarySearchListenquiry status=SUCCESS method=MobileBanking.IMPSP2ABeneficiarySearchListenquiry()[pri:0, instance:mBankingControlCenter.MobileBanking@a3426] output={null}]]]>
              </value>
            </param>
          </params>
          <reporter-output>
          </reporter-output>
        </test-method> <!-- getResult -->
        <test-method status="FAIL" signature="IMPSP2ADeleteBeneficiaryConfirmation()[pri:0, instance:mBankingControlCenter.MobileBanking@a3426]" name="IMPSP2ADeleteBeneficiaryConfirmation" duration-ms="1473" started-at="2018-01-19T19:46:36Z" finished-at="2018-01-19T19:46:38Z">
          <exception class="java.lang.AssertionError">
            <message>
              <![CDATA[expected [true] but found [false]]]>
            </message>
            <full-stacktrace>
              <![CDATA[java.lang.AssertionError: expected [true] but found [false]
	at org.testng.Assert.fail(Assert.java:93)
	at org.testng.Assert.failNotEquals(Assert.java:512)
	at org.testng.Assert.assertTrue(Assert.java:41)
	at org.testng.Assert.assertTrue(Assert.java:51)
	at mBankingControlCenter.MobileBanking.IMPSP2ADeleteBeneficiaryConfirmation(MobileBanking.java:284)
	at sun.reflect.NativeMethodAccessorImpl.invoke0(Native Method)
	at sun.reflect.NativeMethodAccessorImpl.invoke(NativeMethodAccessorImpl.java:62)
	at sun.reflect.DelegatingMethodAccessorImpl.invoke(DelegatingMethodAccessorImpl.java:43)
	at java.lang.reflect.Method.invoke(Method.java:498)
	at org.testng.internal.MethodInvocationHelper.invokeMethod(MethodInvocationHelper.java:108)
	at org.testng.internal.Invoker.invokeMethod(Invoker.java:669)
	at org.testng.internal.Invoker.invokeTestMethod(Invoker.java:877)
	at org.testng.internal.Invoker.invokeTestMethods(Invoker.java:1201)
	at org.testng.internal.TestMethodWorker.invokeTestMethods(TestMethodWorker.java:125)
	at org.testng.internal.TestMethodWorker.run(TestMethodWorker.java:109)
	at org.testng.TestRunner.privateRun(TestRunner.java:776)
	at org.testng.TestRunner.run(TestRunner.java:634)
	at org.testng.SuiteRunner.runTest(SuiteRunner.java:425)
	at org.testng.SuiteRunner.runSequentially(SuiteRunner.java:420)
	at org.testng.SuiteRunner.privateRun(SuiteRunner.java:385)
	at org.testng.SuiteRunner.run(SuiteRunner.java:334)
	at org.testng.SuiteRunnerWorker.runSuite(SuiteRunnerWorker.java:52)
	at org.testng.SuiteRunnerWorker.run(SuiteRunnerWorker.java:86)
	at org.testng.TestNG.runSuitesSequentially(TestNG.java:1318)
	at org.testng.TestNG.runSuitesLocally(TestNG.java:1243)
	at org.testng.TestNG.runSuites(TestNG.java:1161)
	at org.testng.TestNG.run(TestNG.java:1129)
	at org.testng.remote.AbstractRemoteTestNG.run(AbstractRemoteTestNG.java:114)
	at org.testng.remote.RemoteTestNG.initAndRun(RemoteTestNG.java:251)
	at org.testng.remote.RemoteTestNG.main(RemoteTestNG.java:77)
]]>
            </full-stacktrace>
          </exception> <!-- java.lang.AssertionError -->
          <reporter-output>
          </reporter-output>
        </test-method> <!-- IMPSP2ADeleteBeneficiaryConfirmation -->
        <test-method status="PASS" signature="getResult(org.testng.ITestResult)[pri:0, instance:mBankingControlCenter.MobileBanking@a3426]" name="getResult" is-config="true" duration-ms="0" started-at="2018-01-19T19:46:38Z" finished-at="2018-01-19T19:46:38Z">
          <params>
            <param index="0">
              <value>
                <![CDATA[[TestResult name=IMPSP2ADeleteBeneficiaryConfirmation status=FAILURE method=MobileBanking.IMPSP2ADeleteBeneficiaryConfirmation()[pri:0, instance:mBankingControlCenter.MobileBanking@a3426] output={null}]]]>
              </value>
            </param>
          </params>
          <reporter-output>
          </reporter-output>
        </test-method> <!-- getResult -->
        <test-method status="PASS" signature="IMPSP2ADeleteBeneficiaryListenquiry()[pri:0, instance:mBankingControlCenter.MobileBanking@a3426]" name="IMPSP2ADeleteBeneficiaryListenquiry" duration-ms="1556" started-at="2018-01-19T19:46:38Z" finished-at="2018-01-19T19:46:39Z">
          <reporter-output>
          </reporter-output>
        </test-method> <!-- IMPSP2ADeleteBeneficiaryListenquiry -->
        <test-method status="PASS" signature="getResult(org.testng.ITestResult)[pri:0, instance:mBankingControlCenter.MobileBanking@a3426]" name="getResult" is-config="true" duration-ms="0" started-at="2018-01-19T19:46:39Z" finished-at="2018-01-19T19:46:39Z">
          <params>
            <param index="0">
              <value>
                <![CDATA[[TestResult name=IMPSP2ADeleteBeneficiaryListenquiry status=SUCCESS method=MobileBanking.IMPSP2ADeleteBeneficiaryListenquiry()[pri:0, instance:mBankingControlCenter.MobileBanking@a3426] output={null}]]]>
              </value>
            </param>
          </params>
          <reporter-output>
          </reporter-output>
        </test-method> <!-- getResult -->
        <test-method status="FAIL" signature="IMPSP2AInstant()[pri:0, instance:mBankingControlCenter.MobileBanking@a3426]" name="IMPSP2AInstant" duration-ms="4634" started-at="2018-01-19T19:46:39Z" finished-at="2018-01-19T19:46:44Z">
          <exception class="java.lang.AssertionError">
            <message>
              <![CDATA[expected [true] but found [false]]]>
            </message>
            <full-stacktrace>
              <![CDATA[java.lang.AssertionError: expected [true] but found [false]
	at org.testng.Assert.fail(Assert.java:93)
	at org.testng.Assert.failNotEquals(Assert.java:512)
	at org.testng.Assert.assertTrue(Assert.java:41)
	at org.testng.Assert.assertTrue(Assert.java:51)
	at mBankingControlCenter.MobileBanking.IMPSP2AInstant(MobileBanking.java:168)
	at sun.reflect.NativeMethodAccessorImpl.invoke0(Native Method)
	at sun.reflect.NativeMethodAccessorImpl.invoke(NativeMethodAccessorImpl.java:62)
	at sun.reflect.DelegatingMethodAccessorImpl.invoke(DelegatingMethodAccessorImpl.java:43)
	at java.lang.reflect.Method.invoke(Method.java:498)
	at org.testng.internal.MethodInvocationHelper.invokeMethod(MethodInvocationHelper.java:108)
	at org.testng.internal.Invoker.invokeMethod(Invoker.java:669)
	at org.testng.internal.Invoker.invokeTestMethod(Invoker.java:877)
	at org.testng.internal.Invoker.invokeTestMethods(Invoker.java:1201)
	at org.testng.internal.TestMethodWorker.invokeTestMethods(TestMethodWorker.java:125)
	at org.testng.internal.TestMethodWorker.run(TestMethodWorker.java:109)
	at org.testng.TestRunner.privateRun(TestRunner.java:776)
	at org.testng.TestRunner.run(TestRunner.java:634)
	at org.testng.SuiteRunner.runTest(SuiteRunner.java:425)
	at org.testng.SuiteRunner.runSequentially(SuiteRunner.java:420)
	at org.testng.SuiteRunner.privateRun(SuiteRunner.java:385)
	at org.testng.SuiteRunner.run(SuiteRunner.java:334)
	at org.testng.SuiteRunnerWorker.runSuite(SuiteRunnerWorker.java:52)
	at org.testng.SuiteRunnerWorker.run(SuiteRunnerWorker.java:86)
	at org.testng.TestNG.runSuitesSequentially(TestNG.java:1318)
	at org.testng.TestNG.runSuitesLocally(TestNG.java:1243)
	at org.testng.TestNG.runSuites(TestNG.java:1161)
	at org.testng.TestNG.run(TestNG.java:1129)
	at org.testng.remote.AbstractRemoteTestNG.run(AbstractRemoteTestNG.java:114)
	at org.testng.remote.RemoteTestNG.initAndRun(RemoteTestNG.java:251)
	at org.testng.remote.RemoteTestNG.main(RemoteTestNG.java:77)
]]>
            </full-stacktrace>
          </exception> <!-- java.lang.AssertionError -->
          <reporter-output>
          </reporter-output>
        </test-method> <!-- IMPSP2AInstant -->
        <test-method status="PASS" signature="getResult(org.testng.ITestResult)[pri:0, instance:mBankingControlCenter.MobileBanking@a3426]" name="getResult" is-config="true" duration-ms="1" started-at="2018-01-19T19:46:44Z" finished-at="2018-01-19T19:46:44Z">
          <params>
            <param index="0">
              <value>
                <![CDATA[[TestResult name=IMPSP2AInstant status=FAILURE method=MobileBanking.IMPSP2AInstant()[pri:0, instance:mBankingControlCenter.MobileBanking@a3426] output={null}]]]>
              </value>
            </param>
          </params>
          <reporter-output>
          </reporter-output>
        </test-method> <!-- getResult -->
        <test-method status="PASS" signature="IMPSP2PAddBeneficiary()[pri:0, instance:mBankingControlCenter.MobileBanking@a3426]" name="IMPSP2PAddBeneficiary" duration-ms="1565" started-at="2018-01-19T19:46:44Z" finished-at="2018-01-19T19:46:45Z">
          <reporter-output>
          </reporter-output>
        </test-method> <!-- IMPSP2PAddBeneficiary -->
        <test-method status="PASS" signature="getResult(org.testng.ITestResult)[pri:0, instance:mBankingControlCenter.MobileBanking@a3426]" name="getResult" is-config="true" duration-ms="1" started-at="2018-01-19T19:46:45Z" finished-at="2018-01-19T19:46:45Z">
          <params>
            <param index="0">
              <value>
                <![CDATA[[TestResult name=IMPSP2PAddBeneficiary status=SUCCESS method=MobileBanking.IMPSP2PAddBeneficiary()[pri:0, instance:mBankingControlCenter.MobileBanking@a3426] output={null}]]]>
              </value>
            </param>
          </params>
          <reporter-output>
          </reporter-output>
        </test-method> <!-- getResult -->
        <test-method status="PASS" signature="IMPSP2PAddBeneficiaryconfirmation()[pri:0, instance:mBankingControlCenter.MobileBanking@a3426]" name="IMPSP2PAddBeneficiaryconfirmation" duration-ms="1973" started-at="2018-01-19T19:46:45Z" finished-at="2018-01-19T19:46:47Z">
          <reporter-output>
          </reporter-output>
        </test-method> <!-- IMPSP2PAddBeneficiaryconfirmation -->
        <test-method status="PASS" signature="getResult(org.testng.ITestResult)[pri:0, instance:mBankingControlCenter.MobileBanking@a3426]" name="getResult" is-config="true" duration-ms="1" started-at="2018-01-19T19:46:47Z" finished-at="2018-01-19T19:46:47Z">
          <params>
            <param index="0">
              <value>
                <![CDATA[[TestResult name=IMPSP2PAddBeneficiaryconfirmation status=SUCCESS method=MobileBanking.IMPSP2PAddBeneficiaryconfirmation()[pri:0, instance:mBankingControlCenter.MobileBanking@a3426] output={null}]]]>
              </value>
            </param>
          </params>
          <reporter-output>
          </reporter-output>
        </test-method> <!-- getResult -->
        <test-method status="FAIL" signature="IMPSP2PBeneficiaryPaymentConfirmation()[pri:0, instance:mBankingControlCenter.MobileBanking@a3426]" name="IMPSP2PBeneficiaryPaymentConfirmation" duration-ms="1968" started-at="2018-01-19T19:46:47Z" finished-at="2018-01-19T19:46:49Z">
          <exception class="java.lang.AssertionError">
            <message>
              <![CDATA[expected [true] but found [false]]]>
            </message>
            <full-stacktrace>
              <![CDATA[java.lang.AssertionError: expected [true] but found [false]
	at org.testng.Assert.fail(Assert.java:93)
	at org.testng.Assert.failNotEquals(Assert.java:512)
	at org.testng.Assert.assertTrue(Assert.java:41)
	at org.testng.Assert.assertTrue(Assert.java:51)
	at mBankingControlCenter.MobileBanking.IMPSP2PBeneficiaryPaymentConfirmation(MobileBanking.java:239)
	at sun.reflect.NativeMethodAccessorImpl.invoke0(Native Method)
	at sun.reflect.NativeMethodAccessorImpl.invoke(NativeMethodAccessorImpl.java:62)
	at sun.reflect.DelegatingMethodAccessorImpl.invoke(DelegatingMethodAccessorImpl.java:43)
	at java.lang.reflect.Method.invoke(Method.java:498)
	at org.testng.internal.MethodInvocationHelper.invokeMethod(MethodInvocationHelper.java:108)
	at org.testng.internal.Invoker.invokeMethod(Invoker.java:669)
	at org.testng.internal.Invoker.invokeTestMethod(Invoker.java:877)
	at org.testng.internal.Invoker.invokeTestMethods(Invoker.java:1201)
	at org.testng.internal.TestMethodWorker.invokeTestMethods(TestMethodWorker.java:125)
	at org.testng.internal.TestMethodWorker.run(TestMethodWorker.java:109)
	at org.testng.TestRunner.privateRun(TestRunner.java:776)
	at org.testng.TestRunner.run(TestRunner.java:634)
	at org.testng.SuiteRunner.runTest(SuiteRunner.java:425)
	at org.testng.SuiteRunner.runSequentially(SuiteRunner.java:420)
	at org.testng.SuiteRunner.privateRun(SuiteRunner.java:385)
	at org.testng.SuiteRunner.run(SuiteRunner.java:334)
	at org.testng.SuiteRunnerWorker.runSuite(SuiteRunnerWorker.java:52)
	at org.testng.SuiteRunnerWorker.run(SuiteRunnerWorker.java:86)
	at org.testng.TestNG.runSuitesSequentially(TestNG.java:1318)
	at org.testng.TestNG.runSuitesLocally(TestNG.java:1243)
	at org.testng.TestNG.runSuites(TestNG.java:1161)
	at org.testng.TestNG.run(TestNG.java:1129)
	at org.testng.remote.AbstractRemoteTestNG.run(AbstractRemoteTestNG.java:114)
	at org.testng.remote.RemoteTestNG.initAndRun(RemoteTestNG.java:251)
	at org.testng.remote.RemoteTestNG.main(RemoteTestNG.java:77)
]]>
            </full-stacktrace>
          </exception> <!-- java.lang.AssertionError -->
          <reporter-output>
          </reporter-output>
        </test-method> <!-- IMPSP2PBeneficiaryPaymentConfirmation -->
        <test-method status="PASS" signature="getResult(org.testng.ITestResult)[pri:0, instance:mBankingControlCenter.MobileBanking@a3426]" name="getResult" is-config="true" duration-ms="1" started-at="2018-01-19T19:46:49Z" finished-at="2018-01-19T19:46:49Z">
          <params>
            <param index="0">
              <value>
                <![CDATA[[TestResult name=IMPSP2PBeneficiaryPaymentConfirmation status=FAILURE method=MobileBanking.IMPSP2PBeneficiaryPaymentConfirmation()[pri:0, instance:mBankingControlCenter.MobileBanking@a3426] output={null}]]]>
              </value>
            </param>
          </params>
          <reporter-output>
          </reporter-output>
        </test-method> <!-- getResult -->
        <test-method status="PASS" signature="IMPSP2PBeneficiaryPaymentListenquiry()[pri:0, instance:mBankingControlCenter.MobileBanking@a3426]" name="IMPSP2PBeneficiaryPaymentListenquiry" duration-ms="1581" started-at="2018-01-19T19:46:49Z" finished-at="2018-01-19T19:46:51Z">
          <reporter-output>
          </reporter-output>
        </test-method> <!-- IMPSP2PBeneficiaryPaymentListenquiry -->
        <test-method status="PASS" signature="getResult(org.testng.ITestResult)[pri:0, instance:mBankingControlCenter.MobileBanking@a3426]" name="getResult" is-config="true" duration-ms="0" started-at="2018-01-19T19:46:51Z" finished-at="2018-01-19T19:46:51Z">
          <params>
            <param index="0">
              <value>
                <![CDATA[[TestResult name=IMPSP2PBeneficiaryPaymentListenquiry status=SUCCESS method=MobileBanking.IMPSP2PBeneficiaryPaymentListenquiry()[pri:0, instance:mBankingControlCenter.MobileBanking@a3426] output={null}]]]>
              </value>
            </param>
          </params>
          <reporter-output>
          </reporter-output>
        </test-method> <!-- getResult -->
        <test-method status="PASS" signature="IMPSP2PBeneficiarySearchListenquiry()[pri:0, instance:mBankingControlCenter.MobileBanking@a3426]" name="IMPSP2PBeneficiarySearchListenquiry" duration-ms="1669" started-at="2018-01-19T19:46:51Z" finished-at="2018-01-19T19:46:53Z">
          <reporter-output>
          </reporter-output>
        </test-method> <!-- IMPSP2PBeneficiarySearchListenquiry -->
        <test-method status="PASS" signature="getResult(org.testng.ITestResult)[pri:0, instance:mBankingControlCenter.MobileBanking@a3426]" name="getResult" is-config="true" duration-ms="1" started-at="2018-01-19T19:46:53Z" finished-at="2018-01-19T19:46:53Z">
          <params>
            <param index="0">
              <value>
                <![CDATA[[TestResult name=IMPSP2PBeneficiarySearchListenquiry status=SUCCESS method=MobileBanking.IMPSP2PBeneficiarySearchListenquiry()[pri:0, instance:mBankingControlCenter.MobileBanking@a3426] output={null}]]]>
              </value>
            </param>
          </params>
          <reporter-output>
          </reporter-output>
        </test-method> <!-- getResult -->
        <test-method status="FAIL" signature="IMPSP2PDeleteBeneficiaryConfirmation()[pri:0, instance:mBankingControlCenter.MobileBanking@a3426]" name="IMPSP2PDeleteBeneficiaryConfirmation" duration-ms="1551" started-at="2018-01-19T19:46:53Z" finished-at="2018-01-19T19:46:54Z">
          <exception class="java.lang.AssertionError">
            <message>
              <![CDATA[expected [true] but found [false]]]>
            </message>
            <full-stacktrace>
              <![CDATA[java.lang.AssertionError: expected [true] but found [false]
	at org.testng.Assert.fail(Assert.java:93)
	at org.testng.Assert.failNotEquals(Assert.java:512)
	at org.testng.Assert.assertTrue(Assert.java:41)
	at org.testng.Assert.assertTrue(Assert.java:51)
	at mBankingControlCenter.MobileBanking.IMPSP2PDeleteBeneficiaryConfirmation(MobileBanking.java:222)
	at sun.reflect.NativeMethodAccessorImpl.invoke0(Native Method)
	at sun.reflect.NativeMethodAccessorImpl.invoke(NativeMethodAccessorImpl.java:62)
	at sun.reflect.DelegatingMethodAccessorImpl.invoke(DelegatingMethodAccessorImpl.java:43)
	at java.lang.reflect.Method.invoke(Method.java:498)
	at org.testng.internal.MethodInvocationHelper.invokeMethod(MethodInvocationHelper.java:108)
	at org.testng.internal.Invoker.invokeMethod(Invoker.java:669)
	at org.testng.internal.Invoker.invokeTestMethod(Invoker.java:877)
	at org.testng.internal.Invoker.invokeTestMethods(Invoker.java:1201)
	at org.testng.internal.TestMethodWorker.invokeTestMethods(TestMethodWorker.java:125)
	at org.testng.internal.TestMethodWorker.run(TestMethodWorker.java:109)
	at org.testng.TestRunner.privateRun(TestRunner.java:776)
	at org.testng.TestRunner.run(TestRunner.java:634)
	at org.testng.SuiteRunner.runTest(SuiteRunner.java:425)
	at org.testng.SuiteRunner.runSequentially(SuiteRunner.java:420)
	at org.testng.SuiteRunner.privateRun(SuiteRunner.java:385)
	at org.testng.SuiteRunner.run(SuiteRunner.java:334)
	at org.testng.SuiteRunnerWorker.runSuite(SuiteRunnerWorker.java:52)
	at org.testng.SuiteRunnerWorker.run(SuiteRunnerWorker.java:86)
	at org.testng.TestNG.runSuitesSequentially(TestNG.java:1318)
	at org.testng.TestNG.runSuitesLocally(TestNG.java:1243)
	at org.testng.TestNG.runSuites(TestNG.java:1161)
	at org.testng.TestNG.run(TestNG.java:1129)
	at org.testng.remote.AbstractRemoteTestNG.run(AbstractRemoteTestNG.java:114)
	at org.testng.remote.RemoteTestNG.initAndRun(RemoteTestNG.java:251)
	at org.testng.remote.RemoteTestNG.main(RemoteTestNG.java:77)
]]>
            </full-stacktrace>
          </exception> <!-- java.lang.AssertionError -->
          <reporter-output>
          </reporter-output>
        </test-method> <!-- IMPSP2PDeleteBeneficiaryConfirmation -->
        <test-method status="PASS" signature="getResult(org.testng.ITestResult)[pri:0, instance:mBankingControlCenter.MobileBanking@a3426]" name="getResult" is-config="true" duration-ms="1" started-at="2018-01-19T19:46:54Z" finished-at="2018-01-19T19:46:54Z">
          <params>
            <param index="0">
              <value>
                <![CDATA[[TestResult name=IMPSP2PDeleteBeneficiaryConfirmation status=FAILURE method=MobileBanking.IMPSP2PDeleteBeneficiaryConfirmation()[pri:0, instance:mBankingControlCenter.MobileBanking@a3426] output={null}]]]>
              </value>
            </param>
          </params>
          <reporter-output>
          </reporter-output>
        </test-method> <!-- getResult -->
        <test-method status="PASS" signature="IMPSP2PDeleteBeneficiaryListenquiry()[pri:0, instance:mBankingControlCenter.MobileBanking@a3426]" name="IMPSP2PDeleteBeneficiaryListenquiry" duration-ms="2927" started-at="2018-01-19T19:46:54Z" finished-at="2018-01-19T19:46:57Z">
          <reporter-output>
          </reporter-output>
        </test-method> <!-- IMPSP2PDeleteBeneficiaryListenquiry -->
        <test-method status="PASS" signature="getResult(org.testng.ITestResult)[pri:0, instance:mBankingControlCenter.MobileBanking@a3426]" name="getResult" is-config="true" duration-ms="1" started-at="2018-01-19T19:46:57Z" finished-at="2018-01-19T19:46:57Z">
          <params>
            <param index="0">
              <value>
                <![CDATA[[TestResult name=IMPSP2PDeleteBeneficiaryListenquiry status=SUCCESS method=MobileBanking.IMPSP2PDeleteBeneficiaryListenquiry()[pri:0, instance:mBankingControlCenter.MobileBanking@a3426] output={null}]]]>
              </value>
            </param>
          </params>
          <reporter-output>
          </reporter-output>
        </test-method> <!-- getResult -->
        <test-method status="FAIL" signature="IMPSP2PInstant()[pri:0, instance:mBankingControlCenter.MobileBanking@a3426]" name="IMPSP2PInstant" duration-ms="4431" started-at="2018-01-19T19:46:57Z" finished-at="2018-01-19T19:47:01Z">
          <exception class="java.lang.AssertionError">
            <message>
              <![CDATA[expected [true] but found [false]]]>
            </message>
            <full-stacktrace>
              <![CDATA[java.lang.AssertionError: expected [true] but found [false]
	at org.testng.Assert.fail(Assert.java:93)
	at org.testng.Assert.failNotEquals(Assert.java:512)
	at org.testng.Assert.assertTrue(Assert.java:41)
	at org.testng.Assert.assertTrue(Assert.java:51)
	at mBankingControlCenter.MobileBanking.IMPSP2PInstant(MobileBanking.java:160)
	at sun.reflect.NativeMethodAccessorImpl.invoke0(Native Method)
	at sun.reflect.NativeMethodAccessorImpl.invoke(NativeMethodAccessorImpl.java:62)
	at sun.reflect.DelegatingMethodAccessorImpl.invoke(DelegatingMethodAccessorImpl.java:43)
	at java.lang.reflect.Method.invoke(Method.java:498)
	at org.testng.internal.MethodInvocationHelper.invokeMethod(MethodInvocationHelper.java:108)
	at org.testng.internal.Invoker.invokeMethod(Invoker.java:669)
	at org.testng.internal.Invoker.invokeTestMethod(Invoker.java:877)
	at org.testng.internal.Invoker.invokeTestMethods(Invoker.java:1201)
	at org.testng.internal.TestMethodWorker.invokeTestMethods(TestMethodWorker.java:125)
	at org.testng.internal.TestMethodWorker.run(TestMethodWorker.java:109)
	at org.testng.TestRunner.privateRun(TestRunner.java:776)
	at org.testng.TestRunner.run(TestRunner.java:634)
	at org.testng.SuiteRunner.runTest(SuiteRunner.java:425)
	at org.testng.SuiteRunner.runSequentially(SuiteRunner.java:420)
	at org.testng.SuiteRunner.privateRun(SuiteRunner.java:385)
	at org.testng.SuiteRunner.run(SuiteRunner.java:334)
	at org.testng.SuiteRunnerWorker.runSuite(SuiteRunnerWorker.java:52)
	at org.testng.SuiteRunnerWorker.run(SuiteRunnerWorker.java:86)
	at org.testng.TestNG.runSuitesSequentially(TestNG.java:1318)
	at org.testng.TestNG.runSuitesLocally(TestNG.java:1243)
	at org.testng.TestNG.runSuites(TestNG.java:1161)
	at org.testng.TestNG.run(TestNG.java:1129)
	at org.testng.remote.AbstractRemoteTestNG.run(AbstractRemoteTestNG.java:114)
	at org.testng.remote.RemoteTestNG.initAndRun(RemoteTestNG.java:251)
	at org.testng.remote.RemoteTestNG.main(RemoteTestNG.java:77)
]]>
            </full-stacktrace>
          </exception> <!-- java.lang.AssertionError -->
          <reporter-output>
          </reporter-output>
        </test-method> <!-- IMPSP2PInstant -->
        <test-method status="PASS" signature="getResult(org.testng.ITestResult)[pri:0, instance:mBankingControlCenter.MobileBanking@a3426]" name="getResult" is-config="true" duration-ms="1" started-at="2018-01-19T19:47:01Z" finished-at="2018-01-19T19:47:01Z">
          <params>
            <param index="0">
              <value>
                <![CDATA[[TestResult name=IMPSP2PInstant status=FAILURE method=MobileBanking.IMPSP2PInstant()[pri:0, instance:mBankingControlCenter.MobileBanking@a3426] output={null}]]]>
              </value>
            </param>
          </params>
          <reporter-output>
          </reporter-output>
        </test-method> <!-- getResult -->
        <test-method status="FAIL" signature="IMPSP2UInstant()[pri:0, instance:mBankingControlCenter.MobileBanking@a3426]" name="IMPSP2UInstant" duration-ms="4411" started-at="2018-01-19T19:47:01Z" finished-at="2018-01-19T19:47:06Z">
          <exception class="java.lang.AssertionError">
            <message>
              <![CDATA[expected [true] but found [false]]]>
            </message>
            <full-stacktrace>
              <![CDATA[java.lang.AssertionError: expected [true] but found [false]
	at org.testng.Assert.fail(Assert.java:93)
	at org.testng.Assert.failNotEquals(Assert.java:512)
	at org.testng.Assert.assertTrue(Assert.java:41)
	at org.testng.Assert.assertTrue(Assert.java:51)
	at mBankingControlCenter.MobileBanking.IMPSP2UInstant(MobileBanking.java:177)
	at sun.reflect.NativeMethodAccessorImpl.invoke0(Native Method)
	at sun.reflect.NativeMethodAccessorImpl.invoke(NativeMethodAccessorImpl.java:62)
	at sun.reflect.DelegatingMethodAccessorImpl.invoke(DelegatingMethodAccessorImpl.java:43)
	at java.lang.reflect.Method.invoke(Method.java:498)
	at org.testng.internal.MethodInvocationHelper.invokeMethod(MethodInvocationHelper.java:108)
	at org.testng.internal.Invoker.invokeMethod(Invoker.java:669)
	at org.testng.internal.Invoker.invokeTestMethod(Invoker.java:877)
	at org.testng.internal.Invoker.invokeTestMethods(Invoker.java:1201)
	at org.testng.internal.TestMethodWorker.invokeTestMethods(TestMethodWorker.java:125)
	at org.testng.internal.TestMethodWorker.run(TestMethodWorker.java:109)
	at org.testng.TestRunner.privateRun(TestRunner.java:776)
	at org.testng.TestRunner.run(TestRunner.java:634)
	at org.testng.SuiteRunner.runTest(SuiteRunner.java:425)
	at org.testng.SuiteRunner.runSequentially(SuiteRunner.java:420)
	at org.testng.SuiteRunner.privateRun(SuiteRunner.java:385)
	at org.testng.SuiteRunner.run(SuiteRunner.java:334)
	at org.testng.SuiteRunnerWorker.runSuite(SuiteRunnerWorker.java:52)
	at org.testng.SuiteRunnerWorker.run(SuiteRunnerWorker.java:86)
	at org.testng.TestNG.runSuitesSequentially(TestNG.java:1318)
	at org.testng.TestNG.runSuitesLocally(TestNG.java:1243)
	at org.testng.TestNG.runSuites(TestNG.java:1161)
	at org.testng.TestNG.run(TestNG.java:1129)
	at org.testng.remote.AbstractRemoteTestNG.run(AbstractRemoteTestNG.java:114)
	at org.testng.remote.RemoteTestNG.initAndRun(RemoteTestNG.java:251)
	at org.testng.remote.RemoteTestNG.main(RemoteTestNG.java:77)
]]>
            </full-stacktrace>
          </exception> <!-- java.lang.AssertionError -->
          <reporter-output>
          </reporter-output>
        </test-method> <!-- IMPSP2UInstant -->
        <test-method status="PASS" signature="MiniStatement()[pri:0, instance:mBankingControlCenter.MobileBanking@a3426]" name="MiniStatement" duration-ms="2558" started-at="2018-01-19T19:47:06Z" finished-at="2018-01-19T19:47:08Z">
          <reporter-output>
          </reporter-output>
        </test-method> <!-- MiniStatement -->
        <test-method status="PASS" signature="getResult(org.testng.ITestResult)[pri:0, instance:mBankingControlCenter.MobileBanking@a3426]" name="getResult" is-config="true" duration-ms="0" started-at="2018-01-19T19:47:06Z" finished-at="2018-01-19T19:47:06Z">
          <params>
            <param index="0">
              <value>
                <![CDATA[[TestResult name=IMPSP2UInstant status=FAILURE method=MobileBanking.IMPSP2UInstant()[pri:0, instance:mBankingControlCenter.MobileBanking@a3426] output={null}]]]>
              </value>
            </param>
          </params>
          <reporter-output>
          </reporter-output>
        </test-method> <!-- getResult -->
        <test-method status="PASS" signature="RetrieveMMID()[pri:0, instance:mBankingControlCenter.MobileBanking@a3426]" name="RetrieveMMID" duration-ms="1395" started-at="2018-01-19T19:47:08Z" finished-at="2018-01-19T19:47:10Z">
          <reporter-output>
          </reporter-output>
        </test-method> <!-- RetrieveMMID -->
        <test-method status="PASS" signature="getResult(org.testng.ITestResult)[pri:0, instance:mBankingControlCenter.MobileBanking@a3426]" name="getResult" is-config="true" duration-ms="0" started-at="2018-01-19T19:47:08Z" finished-at="2018-01-19T19:47:08Z">
          <params>
            <param index="0">
              <value>
                <![CDATA[[TestResult name=MiniStatement status=SUCCESS method=MobileBanking.MiniStatement()[pri:0, instance:mBankingControlCenter.MobileBanking@a3426] output={null}]]]>
              </value>
            </param>
          </params>
          <reporter-output>
          </reporter-output>
        </test-method> <!-- getResult -->
        <test-method status="PASS" signature="StopCheque()[pri:0, instance:mBankingControlCenter.MobileBanking@a3426]" name="StopCheque" duration-ms="2397" started-at="2018-01-19T19:47:10Z" finished-at="2018-01-19T19:47:12Z">
          <reporter-output>
          </reporter-output>
        </test-method> <!-- StopCheque -->
        <test-method status="PASS" signature="getResult(org.testng.ITestResult)[pri:0, instance:mBankingControlCenter.MobileBanking@a3426]" name="getResult" is-config="true" duration-ms="0" started-at="2018-01-19T19:47:10Z" finished-at="2018-01-19T19:47:10Z">
          <params>
            <param index="0">
              <value>
                <![CDATA[[TestResult name=RetrieveMMID status=SUCCESS method=MobileBanking.RetrieveMMID()[pri:0, instance:mBankingControlCenter.MobileBanking@a3426] output={null}]]]>
              </value>
            </param>
          </params>
          <reporter-output>
          </reporter-output>
        </test-method> <!-- getResult -->
        <test-method status="PASS" signature="getResult(org.testng.ITestResult)[pri:0, instance:mBankingControlCenter.MobileBanking@a3426]" name="getResult" is-config="true" duration-ms="0" started-at="2018-01-19T19:47:12Z" finished-at="2018-01-19T19:47:12Z">
          <params>
            <param index="0">
              <value>
                <![CDATA[[TestResult name=StopCheque status=SUCCESS method=MobileBanking.StopCheque()[pri:0, instance:mBankingControlCenter.MobileBanking@a3426] output={null}]]]>
              </value>
            </param>
          </params>
          <reporter-output>
          </reporter-output>
        </test-method> <!-- getResult -->
        <test-method status="PASS" signature="TransactionHistory()[pri:0, instance:mBankingControlCenter.MobileBanking@a3426]" name="TransactionHistory" duration-ms="49020" started-at="2018-01-19T19:47:12Z" finished-at="2018-01-19T19:48:01Z">
          <reporter-output>
          </reporter-output>
        </test-method> <!-- TransactionHistory -->
        <test-method status="PASS" signature="getResult(org.testng.ITestResult)[pri:0, instance:mBankingControlCenter.MobileBanking@a3426]" name="getResult" is-config="true" duration-ms="1" started-at="2018-01-19T19:48:01Z" finished-at="2018-01-19T19:48:01Z">
          <params>
            <param index="0">
              <value>
                <![CDATA[[TestResult name=TransactionHistory status=SUCCESS method=MobileBanking.TransactionHistory()[pri:0, instance:mBankingControlCenter.MobileBanking@a3426] output={null}]]]>
              </value>
            </param>
          </params>
          <reporter-output>
          </reporter-output>
        </test-method> <!-- getResult -->
        <test-method status="PASS" signature="endReport()[pri:0, instance:mBankingControlCenter.MobileBanking@a3426]" name="endReport" is-config="true" duration-ms="540" started-at="2018-01-19T19:48:01Z" finished-at="2018-01-19T19:48:02Z">
          <reporter-output>
          </reporter-output>
        </test-method> <!-- endReport -->
      </class> <!-- mBankingControlCenter.MobileBanking -->
    </test> <!-- Default test -->
  </suite> <!-- Default suite -->
</testng-results>
